[2016-09-27 20:02:12] local.INFO: All courses has been retrieve by user #13. Request inputs: {array (
  'limit' => '10',
  'status' => NULL,
)}. {"user_id":13} 
[2016-09-27 20:03:26] local.INFO: All courses has been retrieve by user #13. Request inputs: {array (
  'limit' => '10',
  'status' => NULL,
)}. {"user_id":13} 
[2016-09-27 20:03:26] local.INFO: Account #13 information have just been fetched by account #{13}. {"user_id":13} 
[2016-09-27 20:05:01] local.INFO: All courses has been retrieve by user #13. Request inputs: {array (
  'limit' => '10',
  'status' => NULL,
)}. {"user_id":13} 
[2016-09-27 20:05:01] local.INFO: Account #13 information have just been fetched by account #{13}. {"user_id":13} 
[2016-09-27 20:05:51] local.INFO: All courses has been retrieve by user #13. Request inputs: {array (
  'limit' => '10',
  'status' => NULL,
)}. {"user_id":13} 
[2016-09-27 20:05:51] local.INFO: Account #13 information have just been fetched by account #{13}. {"user_id":13} 
[2016-09-27 20:08:50] local.INFO: All courses has been retrieve by user #13. Request inputs: {array (
  'limit' => '10',
  'status' => NULL,
)}. {"user_id":13} 
[2016-09-27 20:08:58] local.INFO: All courses has been retrieve by user #13. Request inputs: {array (
  'limit' => '10',
  'status' => NULL,
)}. {"user_id":13} 
[2016-09-27 20:08:59] local.INFO: Account #13 information have just been fetched by account #{13}. {"user_id":13} 
[2016-09-27 20:09:03] local.INFO: All courses has been retrieve by user #13. Request inputs: {array (
  'limit' => '10',
  'status' => NULL,
)}. {"user_id":13} 
[2016-09-27 20:47:00] local.INFO: All courses has been retrieve by user #13. Request inputs: {array (
  'limit' => '10',
  'status' => NULL,
)}. {"user_id":13} 
[2016-09-27 20:47:34] local.INFO: All courses has been retrieve by user #13. Request inputs: {array (
  'limit' => '10',
  'status' => NULL,
)}. {"user_id":13} 
[2016-09-27 20:47:34] local.INFO: Account #13 information have just been fetched by account #{13}. {"user_id":13} 
[2016-09-27 20:49:16] local.INFO: All courses has been retrieve by user #13. Request inputs: {array (
  'limit' => '10',
  'status' => NULL,
)}. {"user_id":13} 
[2016-09-27 20:51:29] local.INFO: All courses has been retrieve by user #13. Request inputs: {array (
  'limit' => '10',
  'status' => NULL,
)}. {"user_id":13} 
[2016-09-27 20:52:53] local.INFO: Account #13 information have just been fetched by account #{13}. {"user_id":13} 
[2016-09-27 20:53:35] local.INFO: Account #13 information have just been fetched by account #{13}. {"user_id":13} 
[2016-09-27 20:53:35] local.INFO: All courses has been retrieve by user #13. Request inputs: {array (
  'limit' => '10',
  'status' => NULL,
)}. {"user_id":13} 
[2016-09-27 20:54:10] local.INFO: Account #13 information have just been fetched by account #{13}. {"user_id":13} 
[2016-09-27 20:54:31] local.INFO: All courses has been retrieve by user #13. Request inputs: {array (
  'limit' => '10',
  'status' => NULL,
)}. {"user_id":13} 
[2016-09-27 20:54:31] local.INFO: Account #13 information have just been fetched by account #{13}. {"user_id":13} 
[2016-09-27 20:55:16] local.INFO: Account #13 information have just been fetched by account #{13}. {"user_id":13} 
[2016-09-27 20:55:16] local.INFO: All courses has been retrieve by user #13. Request inputs: {array (
  'limit' => '10',
  'status' => NULL,
)}. {"user_id":13} 
[2016-09-27 20:56:52] local.INFO: All courses has been retrieve by user #13. Request inputs: {array (
  'limit' => '10',
  'status' => NULL,
)}. {"user_id":13} 
[2016-09-27 20:57:39] local.INFO: All courses has been retrieve by user #13. Request inputs: {array (
  'limit' => '10',
  'status' => NULL,
)}. {"user_id":13} 
[2016-09-27 20:58:09] local.INFO: All courses has been retrieve by user #13. Request inputs: {array (
  'limit' => '10',
  'status' => NULL,
)}. {"user_id":13} 
[2016-09-27 20:58:09] local.INFO: Account #13 information have just been fetched by account #{13}. {"user_id":13} 
