[2016-09-20 19:25:31] local.INFO: The new course #11 has just been created. Request inputs:  #{array (
  'name' => 'algorithm',
  'shortname' => 'algorithm101',
  'language' => 'fr',
  'photo' => NULL,
  'largeicon' => NULL,
  'previewlink' => NULL,
  'shortdescription' => '<span style="font-family: CMR10;font-size:10pt;color:rgb(0,0,0);font-style:normal;font-variant:normal;"><font style="font-size: 18px;">What is an algorithm? An algorithm is a procedure to accomplish a specific task.<br></font><span style="font-family: CMR10;font-size:10pt;color:rgb(0,0,0);font-style:normal;font-variant:normal;"><font style="font-size: 18px;">An algorithm is the idea behind any reasonable computer program.<br></font><span style="font-family: CMR10;font-size:10pt;color:rgb(0,0,0);font-style:normal;font-variant:normal;"><font style="font-size: 18px;">To be interesting, an algorithm must solve a general, well-specified </font><span style="font-family: CMTI10;font-size:10pt;color:rgb(0,0,0);font-style:normal;font-variant:normal;"><font style="font-size: 18px;"><i>problem</i></font><span style="font-family: CMR10;font-size:10pt;color:rgb(0,0,0);font-style:normal;font-variant:normal;"><font style="font-size: 18px;">. An<br><font style="font-size: 12px;"><span style="font-family: CMR10;font-size:10pt;color:rgb(0,0,0);font-style:normal;font-variant:normal;">algorithmic problem is specified by describing the complete set of <span style="font-family: CMTI10;font-size:10pt;color:rgb(0,0,0);font-style:normal;font-variant:normal;"><i>instances </i><span style="font-family: CMR10;font-size:10pt;color:rgb(0,0,0);font-style:normal;font-variant:normal;">it must<br><span style="font-family: CMR10;font-size:10pt;color:rgb(0,0,0);font-style:normal;font-variant:normal;">work on and of its output after running on one of these instances. This distinction,<br><span style="font-family: CMR10;font-size:10pt;color:rgb(0,0,0);font-style:normal;font-variant:normal;">between a problem and an instance of a problem, is fundamental. </span></span></span></span></span></font></font><br style=" font-style: normal; font-variant: normal; font-weight: normal; letter-spacing: normal; line-height: normal; orphans: 2; text-align: -webkit-auto; text-indent: 0px; text-transform: none; white-space: normal; widows: 2; word-spacing: 0px; -webkit-text-size-adjust: auto; -webkit-text-stroke-width: 0px; "></span></span></span></span></span>                 
                                            ',
  'smallicon' => NULL,
  'smalliconhover' => NULL,
  'istranslate' => 0,
  'directorypath' => NULL,
  'aboutthecourse' => NULL,
  'targetaudience' => '0',
  'faq' => NULL,
  'coursesyllabus' => NULL,
  'courseformat' => NULL,
  'suggestedreadings' => NULL,
  'estimatedclassworkload' => NULL,
  'recommendedbackground' => NULL,
  'instructor' => 1,
  'school' => NULL,
  'category' => '1',
  'date_created' => '2016-09-20 19:25:31',
)}. {"user_id":1} 
[2016-09-20 19:46:17] local.ERROR: Invalid attempt  to create a new course with a taken shortname {algo101}. Returned code: 400. Request inputs :array (
  'name' => 'Algorithm',
  'shortname' => 'algo101',
  'language' => 'fr',
  'photo' => NULL,
  'largeicon' => NULL,
  'previewlink' => NULL,
  'shortdescription' => '<span style="font-family: CMR10;font-size:10pt;color:rgb(0,0,0);font-style:normal;font-variant:normal;"><font style="font-size: 18px;">What is an algorithm? An algorithm is a procedure to accomplish a specific task.<br></font><span style="font-family: CMR10;font-size:10pt;color:rgb(0,0,0);font-style:normal;font-variant:normal;"><font style="font-size: 18px;">An algorithm is the idea behind any reasonable computer program.<br></font><span style="font-family: CMR10;font-size:10pt;color:rgb(0,0,0);font-style:normal;font-variant:normal;"><font style="font-size: 18px;">To be interesting, an algorithm must solve a general, well-specified </font><span style="font-family: CMTI10;font-size:10pt;color:rgb(0,0,0);font-style:normal;font-variant:normal;"><font style="font-size: 18px;"><i>problem</i></font><span style="font-family: CMR10;font-size:10pt;color:rgb(0,0,0);font-style:normal;font-variant:normal;"><font style="font-size: 18px;">. An<br><span style="font-family: CMR10;font-size:10pt;color:rgb(0,0,0);font-style:normal;font-variant:normal;">algorithmic problem is specified by describing the complete set of <span style="font-family: CMTI10;font-size:10pt;color:rgb(0,0,0);font-style:normal;font-variant:normal;"><i>instances </i><span style="font-family: CMR10;font-size:10pt;color:rgb(0,0,0);font-style:normal;font-variant:normal;">it must<br><span style="font-family: CMR10;font-size:10pt;color:rgb(0,0,0);font-style:normal;font-variant:normal;">work on and of its output after running on one of these instances. This distinction,<br><span style="font-family: CMR10;font-size:10pt;color:rgb(0,0,0);font-style:normal;font-variant:normal;">between a problem and an instance of a problem, is fundamental. </span></span></span></span></span></font><br style=" font-style: normal; font-variant: normal; font-weight: normal; letter-spacing: normal; line-height: normal; orphans: 2; text-align: -webkit-auto; text-indent: 0px; text-transform: none; white-space: normal; widows: 2; word-spacing: 0px; -webkit-text-size-adjust: auto; -webkit-text-stroke-width: 0px; "></span></span></span></span></span>                 
                                            ',
  'smallicon' => NULL,
  'smalliconhover' => NULL,
  'istranslate' => 0,
  'directorypath' => NULL,
  'aboutthecourse' => NULL,
  'targetaudience' => '0',
  'faq' => NULL,
  'coursesyllabus' => NULL,
  'courseformat' => NULL,
  'suggestedreadings' => NULL,
  'estimatedclassworkload' => NULL,
  'recommendedbackground' => NULL,
  'instructor' => 1,
  'school' => NULL,
  'category' => '1',
). {"user_id":1} 
[2016-09-20 19:46:39] local.INFO: The new course #12 has just been created. Request inputs:  #{array (
  'name' => 'Algorithm',
  'shortname' => 'algo101',
  'language' => 'fr',
  'photo' => NULL,
  'largeicon' => NULL,
  'previewlink' => NULL,
  'shortdescription' => '<span style="font-family: CMR10;font-size:10pt;color:rgb(0,0,0);font-style:normal;font-variant:normal;"><font style="font-size: 18px;">What is an algorithm? An algorithm is a procedure to accomplish a specific task.<br></font><span style="font-family: CMR10;font-size:10pt;color:rgb(0,0,0);font-style:normal;font-variant:normal;"><font style="font-size: 18px;">An algorithm is the idea behind any reasonable computer program.<br></font><span style="font-family: CMR10;font-size:10pt;color:rgb(0,0,0);font-style:normal;font-variant:normal;"><font style="font-size: 18px;">To be interesting, an algorithm must solve a general, well-specified </font><span style="font-family: CMTI10;font-size:10pt;color:rgb(0,0,0);font-style:normal;font-variant:normal;"><font style="font-size: 18px;"><i>problem</i></font><span style="font-family: CMR10;font-size:10pt;color:rgb(0,0,0);font-style:normal;font-variant:normal;"><font style="font-size: 18px;">. An<br><span style="font-family: CMR10;font-size:10pt;color:rgb(0,0,0);font-style:normal;font-variant:normal;">algorithmic problem is specified by describing the complete set of <span style="font-family: CMTI10;font-size:10pt;color:rgb(0,0,0);font-style:normal;font-variant:normal;"><i>instances </i><span style="font-family: CMR10;font-size:10pt;color:rgb(0,0,0);font-style:normal;font-variant:normal;">it must<br><span style="font-family: CMR10;font-size:10pt;color:rgb(0,0,0);font-style:normal;font-variant:normal;">work on and of its output after running on one of these instances. This distinction,<br><span style="font-family: CMR10;font-size:10pt;color:rgb(0,0,0);font-style:normal;font-variant:normal;">between a problem and an instance of a problem, is fundamental. </span></span></span></span></span></font><br style=" font-style: normal; font-variant: normal; font-weight: normal; letter-spacing: normal; line-height: normal; orphans: 2; text-align: -webkit-auto; text-indent: 0px; text-transform: none; white-space: normal; widows: 2; word-spacing: 0px; -webkit-text-size-adjust: auto; -webkit-text-stroke-width: 0px; "></span></span></span></span></span>                 
                                            ',
  'smallicon' => NULL,
  'smalliconhover' => NULL,
  'istranslate' => 0,
  'directorypath' => NULL,
  'aboutthecourse' => NULL,
  'targetaudience' => '0',
  'faq' => NULL,
  'coursesyllabus' => NULL,
  'courseformat' => NULL,
  'suggestedreadings' => NULL,
  'estimatedclassworkload' => NULL,
  'recommendedbackground' => NULL,
  'instructor' => 1,
  'school' => NULL,
  'category' => '1',
  'date_created' => '2016-09-20 19:46:39',
)}. {"user_id":1} 
[2016-09-20 19:47:53] local.INFO: The new course #13 has just been created. Request inputs:  #{array (
  'name' => 'Algorithm',
  'shortname' => 'algo101',
  'language' => 'fr',
  'photo' => NULL,
  'largeicon' => NULL,
  'previewlink' => NULL,
  'shortdescription' => '<span style="font-family: CMR10;font-size:10pt;color:rgb(0,0,0);font-style:normal;font-variant:normal;"><font style="font-size: 18px;">What is an algorithm? An algorithm is a procedure to accomplish a specific task.<br></font><span style="font-family: CMR10;font-size:10pt;color:rgb(0,0,0);font-style:normal;font-variant:normal;"><font style="font-size: 18px;">An algorithm is the idea behind any reasonable computer program.<br></font><span style="font-family: CMR10;font-size:10pt;color:rgb(0,0,0);font-style:normal;font-variant:normal;"><font style="font-size: 18px;">To be interesting, an algorithm must solve a general, well-specified </font><span style="font-family: CMTI10;font-size:10pt;color:rgb(0,0,0);font-style:normal;font-variant:normal;"><font style="font-size: 18px;"><i>problem</i></font><span style="font-family: CMR10;font-size:10pt;color:rgb(0,0,0);font-style:normal;font-variant:normal;"><font style="font-size: 18px;">. An<br><span style="font-family: CMR10;font-size:10pt;color:rgb(0,0,0);font-style:normal;font-variant:normal;">algorithmic problem is specified by describing the complete set of <span style="font-family: CMTI10;font-size:10pt;color:rgb(0,0,0);font-style:normal;font-variant:normal;"><i>instances </i><span style="font-family: CMR10;font-size:10pt;color:rgb(0,0,0);font-style:normal;font-variant:normal;">it must<br><span style="font-family: CMR10;font-size:10pt;color:rgb(0,0,0);font-style:normal;font-variant:normal;">work on and of its output after running on one of these instances. This distinction,<br><span style="font-family: CMR10;font-size:10pt;color:rgb(0,0,0);font-style:normal;font-variant:normal;">between a problem and an instance of a problem, is fundamental. </span></span></span></span></span></font><br style=" font-style: normal; font-variant: normal; font-weight: normal; letter-spacing: normal; line-height: normal; orphans: 2; text-align: -webkit-auto; text-indent: 0px; text-transform: none; white-space: normal; widows: 2; word-spacing: 0px; -webkit-text-size-adjust: auto; -webkit-text-stroke-width: 0px; "></span></span></span></span></span>                 
                                            ',
  'smallicon' => NULL,
  'smalliconhover' => NULL,
  'istranslate' => 0,
  'directorypath' => NULL,
  'aboutthecourse' => NULL,
  'targetaudience' => '0',
  'faq' => NULL,
  'coursesyllabus' => NULL,
  'courseformat' => NULL,
  'suggestedreadings' => NULL,
  'estimatedclassworkload' => NULL,
  'recommendedbackground' => NULL,
  'instructor' => 1,
  'school' => NULL,
  'category' => '1',
  'date_created' => '2016-09-20 19:47:53',
)}. {"user_id":1} 
[2016-09-20 19:51:35] local.INFO: The new course #14 has just been created. Request inputs:  #{array (
  'name' => 'Algorithm',
  'shortname' => 'algo101',
  'language' => 'fr',
  'photo' => NULL,
  'largeicon' => NULL,
  'previewlink' => NULL,
  'shortdescription' => '<span style="font-family: CMR10;font-size:10pt;color:rgb(0,0,0);font-style:normal;font-variant:normal;"><font style="font-size: 18px;">What is an algorithm? An algorithm is a procedure to accomplish a specific task.<br></font><span style="font-family: CMR10;font-size:10pt;color:rgb(0,0,0);font-style:normal;font-variant:normal;"><font style="font-size: 18px;">An algorithm is the idea behind any reasonable computer program.<br></font><span style="font-family: CMR10;font-size:10pt;color:rgb(0,0,0);font-style:normal;font-variant:normal;"><font style="font-size: 18px;">To be interesting, an algorithm must solve a general, well-specified </font><span style="font-family: CMTI10;font-size:10pt;color:rgb(0,0,0);font-style:normal;font-variant:normal;"><font style="font-size: 18px;"><i>problem</i></font><span style="font-family: CMR10;font-size:10pt;color:rgb(0,0,0);font-style:normal;font-variant:normal;"><font style="font-size: 18px;">. An<br><span style="font-family: CMR10;font-size:10pt;color:rgb(0,0,0);font-style:normal;font-variant:normal;"><font style="font-size: 18px;">algorithmic problem is specified by describing the complete set of </font><span style="font-family: CMTI10;font-size:10pt;color:rgb(0,0,0);font-style:normal;font-variant:normal;"><font style="font-size: 18px;"><i>instances </i></font><span style="font-family: CMR10;font-size:10pt;color:rgb(0,0,0);font-style:normal;font-variant:normal;"><font style="font-size: 18px;">it must</font><br><span style="font-family: CMR10;font-size:10pt;color:rgb(0,0,0);font-style:normal;font-variant:normal;"><font style="font-size: 18px;">work on and of its output after running on <font style="font-size: 18px;">one </font>of these instances. This distinction,</font><br><font style="font-size: 18px;"><span style="font-family: CMR10;font-size:10pt;color:rgb(0,0,0);font-style:normal;font-variant:normal;">between a problem and an instance of a problem, is fundamental. </span></font></span></span></span></span></font><br style=" font-style: normal; font-variant: normal; font-weight: normal; letter-spacing: normal; line-height: normal; orphans: 2; text-align: -webkit-auto; text-indent: 0px; text-transform: none; white-space: normal; widows: 2; word-spacing: 0px; -webkit-text-size-adjust: auto; -webkit-text-stroke-width: 0px; "></span></span></span></span></span>                 
                                            ',
  'smallicon' => NULL,
  'smalliconhover' => NULL,
  'istranslate' => 0,
  'directorypath' => NULL,
  'aboutthecourse' => NULL,
  'targetaudience' => '0',
  'faq' => NULL,
  'coursesyllabus' => NULL,
  'courseformat' => NULL,
  'suggestedreadings' => NULL,
  'estimatedclassworkload' => NULL,
  'recommendedbackground' => NULL,
  'instructor' => 1,
  'school' => NULL,
  'category' => '1',
  'date_created' => '2016-09-20 19:51:35',
)}. {"user_id":1} 
[2016-09-20 19:59:30] local.INFO: The new course #15 has just been created. Request inputs:  #{array (
  'name' => 'Algorithm',
  'shortname' => 'algo101',
  'language' => 'fr',
  'photo' => NULL,
  'largeicon' => NULL,
  'previewlink' => NULL,
  'shortdescription' => '<span style="font-family: CMR10;font-size:10pt;color:rgb(0,0,0);font-style:normal;font-variant:normal;"><font style="font-size: 14px;">What is an algorithm? An algorithm is a procedure to accomplish a specific task.<br></font><span style="font-family: CMR10;font-size:10pt;color:rgb(0,0,0);font-style:normal;font-variant:normal;"><font style="font-size: 14px;">An algorithm is the idea behind any reasonable computer program.<br></font><span style="font-family: CMR10;font-size:10pt;color:rgb(0,0,0);font-style:normal;font-variant:normal;"><font style="font-size: 14px;">To be interesting, an algorithm must solve a general, well-specified </font><span style="font-family: CMTI10;font-size:10pt;color:rgb(0,0,0);font-style:normal;font-variant:normal;"><font style="font-size: 14px;"><i>problem</i></font><span style="font-family: CMR10;font-size:10pt;color:rgb(0,0,0);font-style:normal;font-variant:normal;"><font style="font-size: 14px;">. An<br><span style="font-family: CMR10;font-size:10pt;color:rgb(0,0,0);font-style:normal;font-variant:normal;">algorithmic problem is specified by describing the complete set of <span style="font-family: CMTI10;font-size:10pt;color:rgb(0,0,0);font-style:normal;font-variant:normal;"><i>instances </i><span style="font-family: CMR10;font-size:10pt;color:rgb(0,0,0);font-style:normal;font-variant:normal;">it must<br><span style="font-family: CMR10;font-size:10pt;color:rgb(0,0,0);font-style:normal;font-variant:normal;">work on and of its output after running on one of these instances. This distinction,<br><span style="font-family: CMR10;font-size:10pt;color:rgb(0,0,0);font-style:normal;font-variant:normal;">between a problem and an instance of a problem, is fundamental. </span></span></span></span></span></font><br style=" font-style: normal; font-variant: normal; font-weight: normal; letter-spacing: normal; line-height: normal; orphans: 2; text-align: -webkit-auto; text-indent: 0px; text-transform: none; white-space: normal; widows: 2; word-spacing: 0px; -webkit-text-size-adjust: auto; -webkit-text-stroke-width: 0px; "></span></span></span></span></span>                 
                                            ',
  'smallicon' => NULL,
  'smalliconhover' => NULL,
  'istranslate' => 0,
  'directorypath' => NULL,
  'aboutthecourse' => NULL,
  'targetaudience' => '0',
  'faq' => NULL,
  'coursesyllabus' => NULL,
  'courseformat' => NULL,
  'suggestedreadings' => NULL,
  'estimatedclassworkload' => NULL,
  'recommendedbackground' => NULL,
  'instructor' => 1,
  'school' => NULL,
  'category' => '1',
  'date_created' => '2016-09-20 19:59:30',
)}. {"user_id":1} 
