[2016-10-16 21:14:10] local.INFO: Account #1 information have just been fetched by account #{1}. {"user_id":1} 
[2016-10-16 21:19:03] local.INFO: Account #1 information have just been fetched by account #{1}. {"user_id":1} 
[2016-10-16 21:23:27] local.INFO: Account #1 information have just been fetched by account #{1}. {"user_id":1} 
[2016-10-16 21:24:48] local.INFO: Account #1 information have just been fetched by account #{1}. {"user_id":1} 
[2016-10-16 21:27:38] local.INFO: Account #1 information have just been fetched by account #{1}. {"user_id":1} 
[2016-10-16 21:30:37] local.INFO: Account #1 information have just been fetched by account #{1}. {"user_id":1} 
[2016-10-16 21:31:38] local.INFO: Account #1 information have just been fetched by account #{1}. {"user_id":1} 
[2016-10-16 21:32:56] local.INFO: Successful authentication of account {"id":13,"first_name":"Bill","last_name":"Buckanan","role":"LEARNER","email":"bill@domain.com","verified_status":"VERIFIED","date_created":"2016-08-28 10:18:51","date_updated":"2016-10-16 21:32:55","last_login":"2016-10-16 21:32:55","honorific":"Mr","phone":"655134682","photo":null,"subscription":"UNPAID"}. {"user_id":13} 
[2016-10-16 21:32:58] local.INFO: Account #13 information have just been fetched by account #{13}. {"user_id":13} 
[2016-10-16 21:33:45] local.INFO: Account #13 information have just been fetched by account #{13}. {"user_id":13} 
[2016-10-16 21:34:51] local.INFO: Account #13 information have just been fetched by account #{13}. {"user_id":13} 
[2016-10-16 21:34:56] local.INFO: Account #13 information have just been fetched by account #{13}. {"user_id":13} 
[2016-10-16 21:43:06] local.ERROR: Invalid attempt to authenticate an account with inputs {array (
  'email' => 'bill@domain.com',
  'password' => 'lljhgffgjk',
)}.  
[2016-10-16 21:43:15] local.ERROR: Invalid authentication attempt with inputs:  {array (
  'email' => 'bill@domain.comk',
  'password' => 'lljhgffgjk',
)}  
[2016-10-16 21:43:17] local.ERROR: Invalid attempt to authenticate an account with inputs {array (
  'email' => 'bill@domain.com',
  'password' => 'lljhgffgjk',
)}.  
[2016-10-16 21:52:16] local.INFO: Successful authentication of account {"id":13,"first_name":"Bill","last_name":"Buckanan","role":"LEARNER","email":"bill@domain.com","verified_status":"VERIFIED","date_created":"2016-08-28 10:18:51","date_updated":"2016-10-16 21:52:16","last_login":"2016-10-16 21:52:16","honorific":"Mr","phone":"655134682","photo":null,"subscription":"UNPAID"}. {"user_id":13} 
[2016-10-16 21:52:17] local.INFO: Account #13 information have just been fetched by account #{13}. {"user_id":13} 
[2016-10-16 21:52:56] local.INFO: Account #13 information have just been fetched by account #{13}. {"user_id":13} 
