[2016-09-25 21:19:50] local.INFO: All courses has been retrieve by user #13. Request inputs: {array (
  'limit' => '10',
  'status' => NULL,
)}. {"user_id":13} 
[2016-09-25 21:20:14] local.INFO: All courses has been retrieve by user #13. Request inputs: {array (
  'limit' => '10',
  'status' => NULL,
)}. {"user_id":13} 
[2016-09-25 21:20:37] local.INFO: All courses has been retrieve by user #13. Request inputs: {array (
  'limit' => '10',
  'status' => NULL,
)}. {"user_id":13} 
[2016-09-25 21:20:49] local.INFO: All courses has been retrieve by user #13. Request inputs: {array (
  'limit' => '10',
  'status' => NULL,
)}. {"user_id":13} 
[2016-09-25 21:21:12] local.INFO: All courses has been retrieve by user #13. Request inputs: {array (
  'limit' => '10',
  'status' => NULL,
)}. {"user_id":13} 
[2016-09-25 21:21:56] local.INFO: All courses has been retrieve by user #13. Request inputs: {array (
  'limit' => '10',
  'status' => NULL,
)}. {"user_id":13} 
[2016-09-25 21:22:12] local.INFO: All courses has been retrieve by user #13. Request inputs: {array (
  'limit' => '10',
  'status' => NULL,
)}. {"user_id":13} 
[2016-09-25 21:22:35] local.INFO: All courses has been retrieve by user #13. Request inputs: {array (
  'limit' => '10',
  'status' => NULL,
)}. {"user_id":13} 
[2016-09-25 21:25:02] local.INFO: All courses has been retrieve by user #13. Request inputs: {array (
  'limit' => '10',
  'status' => NULL,
)}. {"user_id":13} 
[2016-09-25 21:26:21] local.INFO: All courses has been retrieve by user #13. Request inputs: {array (
  'limit' => '10',
  'status' => NULL,
)}. {"user_id":13} 
[2016-09-25 21:27:04] local.INFO: All courses has been retrieve by user #13. Request inputs: {array (
  'limit' => '10',
  'status' => NULL,
)}. {"user_id":13} 
[2016-09-25 21:27:24] local.INFO: All courses has been retrieve by user #13. Request inputs: {array (
  'limit' => '10',
  'status' => NULL,
)}. {"user_id":13} 
[2016-09-25 21:27:44] local.INFO: All courses has been retrieve by user #13. Request inputs: {array (
  'limit' => '10',
  'status' => NULL,
)}. {"user_id":13} 
[2016-09-25 21:28:11] local.INFO: All courses has been retrieve by user #13. Request inputs: {array (
  'limit' => '10',
  'status' => NULL,
)}. {"user_id":13} 
[2016-09-25 21:29:03] local.INFO: All courses has been retrieve by user #13. Request inputs: {array (
  'limit' => '10',
  'status' => NULL,
)}. {"user_id":13} 
[2016-09-25 21:30:41] local.INFO: All courses has been retrieve by user #13. Request inputs: {array (
  'limit' => '10',
  'status' => NULL,
)}. {"user_id":13} 
[2016-09-25 21:30:56] local.INFO: All courses has been retrieve by user #13. Request inputs: {array (
  'limit' => '10',
  'status' => NULL,
)}. {"user_id":13} 
[2016-09-25 21:31:26] local.INFO: All courses has been retrieve by user #13. Request inputs: {array (
  'limit' => '10',
  'status' => NULL,
)}. {"user_id":13} 
[2016-09-25 21:34:53] local.INFO: All courses has been retrieve by user #13. Request inputs: {array (
  'limit' => '10',
  'status' => NULL,
)}. {"user_id":13} 
[2016-09-25 21:34:53] local.INFO: Account #13 information have just been fetched by account #{13}. {"user_id":13} 
[2016-09-25 21:35:36] local.INFO: Account #13 information have just been fetched by account #{13}. {"user_id":13} 
[2016-09-25 21:36:35] local.INFO: All courses has been retrieve by user #13. Request inputs: {array (
  'limit' => '10',
  'status' => NULL,
)}. {"user_id":13} 
[2016-09-25 21:36:35] local.INFO: Account #13 information have just been fetched by account #{13}. {"user_id":13} 
[2016-09-25 21:36:47] local.INFO: All courses has been retrieve by user #13. Request inputs: {array (
  'limit' => '10',
  'status' => NULL,
)}. {"user_id":13} 
[2016-09-25 21:37:08] local.INFO: Account #13 information have just been fetched by account #{13}. {"user_id":13} 
[2016-09-25 21:40:28] local.INFO: All courses has been retrieve by user #13. Request inputs: {array (
  'limit' => '10',
  'status' => NULL,
)}. {"user_id":13} 
[2016-09-25 21:40:28] local.INFO: Account #13 information have just been fetched by account #{13}. {"user_id":13} 
[2016-09-25 21:43:10] local.INFO: All courses has been retrieve by user #13. Request inputs: {array (
  'limit' => '10',
  'status' => NULL,
)}. {"user_id":13} 
[2016-09-25 21:43:10] local.INFO: Account #13 information have just been fetched by account #{13}. {"user_id":13} 
[2016-09-25 21:44:03] local.INFO: All courses has been retrieve by user #13. Request inputs: {array (
  'limit' => '10',
  'status' => NULL,
)}. {"user_id":13} 
[2016-09-25 21:44:28] local.INFO: All courses has been retrieve by user #13. Request inputs: {array (
  'limit' => '10',
  'status' => NULL,
)}. {"user_id":13} 
[2016-09-25 21:44:44] local.INFO: Account #13 information have just been fetched by account #{13}. {"user_id":13} 
[2016-09-25 21:52:01] local.INFO: The courses of instructor #2 has been retrieve by user # Request inputs: {array (
  'limit' => '10',
  'status' => NULL,
)}. {"user_id":2} 
