[2016-08-15 15:02:53] local.INFO: The new country #2 has just been created. Request inputs:  #{array (
  'name' => 'Nigeria',
  'is_active' => '1',
  'date_created' => '2016-08-15 15:02:53',
)}. {"user_id":4} 
[2016-08-15 15:05:40] local.ERROR: Invalid attempt to create a new country with a name taken {Nigeria}. Returned code: 400. Request inputs  #array (
  'name' => 'Nigeria',
  'is_active' => '2',
). {"user_id":4} 
[2016-08-15 15:21:12] local.INFO: The new country #3 has just been created. Request inputs:  #{array (
  'name' => 'Gabon',
  'is_active' => '0',
  'date_created' => '2016-08-15 15:21:12',
)}. {"user_id":4} 
[2016-08-15 15:28:04] local.ERROR: Invalid country ID {7}. Returned code: 400. Request inputs  #array (
  'name' => 'Douala',
  'country' => '7',
). {"user_id":4} 
[2016-08-15 15:29:34] local.INFO: The new city #1 has just been created. Request inputs:  #{array (
  'name' => 'Douala',
  'country' => '1',
  'date_created' => '2016-08-15 15:29:34',
)}. {"user_id":4} 
[2016-08-15 15:29:45] local.ERROR: Invalid attempt to create a new city with a name taken {Douala}. Returned code: 400. Request inputs  #array (
  'name' => 'Douala',
  'country' => '1',
). {"user_id":4} 
