[2016-10-27 05:16:32] local.INFO: Account #1 information have just been fetched by account #{1}. {"user_id":1} 
[2016-10-27 05:17:27] local.INFO: Account #1 information have just been fetched by account #{1}. {"user_id":1} 
[2016-10-27 05:19:32] local.INFO: All courses have been retrieve by user #. Request inputs: {array (
  'limit' => '10',
  'status' => NULL,
)}.  
[2016-10-27 05:19:52] local.INFO: All courses have been retrieve by user #. Request inputs: {array (
  'limit' => '10',
  'status' => NULL,
)}.  
[2016-10-27 05:24:35] local.INFO: All courses have been retrieve by user #. Request inputs: {array (
  'limit' => '10',
  'status' => NULL,
)}.  
[2016-10-27 05:24:50] local.INFO: Account #1 information have just been fetched by account #{1}. {"user_id":1} 
[2016-10-27 05:25:29] local.INFO: Account #1 information have just been fetched by account #{1}. {"user_id":1} 
[2016-10-27 05:26:15] local.INFO: Account #1 information have just been fetched by account #{1}. {"user_id":1} 
[2016-10-27 05:29:06] local.INFO: All courses have been retrieve by user #. Request inputs: {array (
  'limit' => '10',
  'status' => NULL,
)}.  
[2016-10-27 05:30:14] local.INFO: All courses have been retrieve by user #. Request inputs: {array (
  'limit' => '10',
  'status' => NULL,
)}.  
[2016-10-27 05:30:28] local.INFO: All courses have been retrieve by user #. Request inputs: {array (
  'limit' => '10',
  'status' => NULL,
)}.  
[2016-10-27 05:30:40] local.INFO: Account #1 information have just been fetched by account #{1}. {"user_id":1} 
[2016-10-27 05:34:33] local.INFO: All courses have been retrieve by user #. Request inputs: {array (
  'limit' => '10',
  'status' => NULL,
)}.  
[2016-10-27 05:35:02] local.INFO: All courses have been retrieve by user #. Request inputs: {array (
  'limit' => '10',
  'status' => NULL,
)}.  
[2016-10-27 05:35:12] local.INFO: Account #1 information have just been fetched by account #{1}. {"user_id":1} 
[2016-10-27 05:40:32] local.INFO: Account #1 information have just been fetched by account #{1}. {"user_id":1} 
[2016-10-27 05:42:16] local.INFO: Account #1 information have just been fetched by account #{1}. {"user_id":1} 
[2016-10-27 05:44:59] local.INFO: Account #1 information have just been fetched by account #{1}. {"user_id":1} 
[2016-10-27 05:48:44] local.INFO: Account #1 information have just been fetched by account #{1}. {"user_id":1} 
[2016-10-27 05:50:21] local.INFO: Account #1 information have just been fetched by account #{1}. {"user_id":1} 
[2016-10-27 05:50:35] local.INFO: Account #1 information have just been fetched by account #{1}. {"user_id":1} 
[2016-10-27 05:50:48] local.INFO: All courses have been retrieve by user #. Request inputs: {array (
  'limit' => '10',
  'status' => NULL,
)}.  
[2016-10-27 05:51:00] local.INFO: Account #1 information have just been fetched by account #{1}. {"user_id":1} 
