[2016-10-16 22:15:37] local.INFO: Successful authentication of account {"id":13,"first_name":"Bill","last_name":"Buckanan","role":"LEARNER","email":"bill@domain.com","verified_status":"VERIFIED","date_created":"2016-08-28 10:18:51","date_updated":"2016-10-16 22:15:37","last_login":"2016-10-16 22:15:37","honorific":"Mr","phone":"655134682","photo":null,"subscription":"UNPAID"}. {"user_id":13} 
[2016-10-16 22:15:38] local.INFO: Account #13 information have just been fetched by account #{13}. {"user_id":13} 
[2016-10-16 22:15:46] local.INFO: Account #13 information have just been fetched by account #{13}. {"user_id":13} 
[2016-10-16 22:15:56] local.INFO: Account #13 information have just been fetched by account #{13}. {"user_id":13} 
[2016-10-16 22:16:03] local.INFO: Account #13 information have just been fetched by account #{13}. {"user_id":13} 
[2016-10-16 22:16:34] local.INFO: Successful authentication of account {"id":1,"first_name":"Jack","last_name":"Bauer","role":"INSTRUCTOR","email":"jack@domain.com","verified_status":"VERIFIED","date_created":"2016-08-10 05:26:39","date_updated":"2016-10-16 22:16:34","last_login":"2016-10-16 22:16:34","honorific":"Mr","phone":"65514410","photo":null,"subscription":"UNPAID"}. {"user_id":1} 
[2016-10-16 22:16:36] local.INFO: Account #1 information have just been fetched by account #{1}. {"user_id":1} 
[2016-10-16 22:16:46] local.INFO: Account #1 information have just been fetched by account #{1}. {"user_id":1} 
[2016-10-16 22:16:46] local.INFO: The courses of instructor #'1' has been retrieve. Request inputs: {array (
  'limit' => '10',
  'status' => NULL,
)}. {"user_id":1} 
[2016-10-16 22:17:14] local.INFO: Account #1 information have just been fetched by account #{1}. {"user_id":1} 
[2016-10-16 22:17:14] local.INFO: The courses of instructor #'1' has been retrieve. Request inputs: {array (
  'limit' => '10',
  'status' => NULL,
)}. {"user_id":1} 
[2016-10-16 22:17:41] local.INFO: Account #1 information have just been fetched by account #{1}. {"user_id":1} 
[2016-10-16 22:18:26] local.INFO: Account #1 information have just been fetched by account #{1}. {"user_id":1} 
[2016-10-16 22:18:33] local.INFO: Account #1 information have just been fetched by account #{1}. {"user_id":1} 
[2016-10-16 22:18:42] local.INFO: Information of account #{1} has just been updated. Request inputs: array (
  'first_name' => 'Jack',
  'last_name' => 'Bauer',
  'honorific' => 'Mr',
  'phone' => '65514410',
) {"user_id":1} 
[2016-10-16 22:18:43] local.INFO: Account #1 information have just been fetched by account #{1}. {"user_id":1} 
[2016-10-16 22:18:57] local.INFO: Successful authentication of account {"id":13,"first_name":"Bill","last_name":"Buckanan","role":"LEARNER","email":"bill@domain.com","verified_status":"VERIFIED","date_created":"2016-08-28 10:18:51","date_updated":"2016-10-16 22:18:57","last_login":"2016-10-16 22:18:57","honorific":"Mr","phone":"655134682","photo":null,"subscription":"UNPAID"}. {"user_id":13} 
[2016-10-16 22:18:59] local.INFO: Account #13 information have just been fetched by account #{13}. {"user_id":13} 
[2016-10-16 22:19:02] local.INFO: Account #13 information have just been fetched by account #{13}. {"user_id":13} 
[2016-10-16 22:19:46] local.INFO: Account #13 information have just been fetched by account #{13}. {"user_id":13} 
[2016-10-16 22:20:09] local.INFO: Account #13 information have just been fetched by account #{13}. {"user_id":13} 
