[2016-10-01 11:18:06] local.INFO: Account #13 information have just been fetched by account #{13}. {"user_id":13} 
[2016-10-01 11:18:07] local.INFO: All courses has been retrieve by user #13. Request inputs: {array (
  'limit' => '4',
  'status' => NULL,
)}. {"user_id":13} 
[2016-10-01 11:19:45] local.INFO: Account #13 information have just been fetched by account #{13}. {"user_id":13} 
[2016-10-01 11:23:52] local.INFO: Account #13 information have just been fetched by account #{13}. {"user_id":13} 
[2016-10-01 11:24:08] local.INFO: Account #13 information have just been fetched by account #{13}. {"user_id":13} 
[2016-10-01 11:24:09] local.INFO: All courses has been retrieve by user #13. Request inputs: {array (
  'limit' => '12',
  'status' => NULL,
)}. {"user_id":13} 
[2016-10-01 11:29:21] local.INFO: Account #1 information have just been fetched by account #{1}. {"user_id":1} 
[2016-10-01 11:35:29] local.INFO: Account #1 information have just been fetched by account #{1}. {"user_id":1} 
[2016-10-01 11:42:36] local.INFO: Account #13 information have just been fetched by account #{13}. {"user_id":13} 
[2016-10-01 11:42:36] local.INFO: All courses has been retrieve by user #13. Request inputs: {array (
  'limit' => '12',
  'status' => NULL,
)}. {"user_id":13} 
[2016-10-01 11:43:49] local.INFO: Account #13 information have just been fetched by account #{13}. {"user_id":13} 
[2016-10-01 11:51:11] local.INFO: Account #13 information have just been fetched by account #{13}. {"user_id":13} 
[2016-10-01 11:51:11] local.INFO: All courses has been retrieve by user #13. Request inputs: {array (
  'limit' => '12',
  'status' => NULL,
)}. {"user_id":13} 
[2016-10-01 11:53:41] local.INFO: Account #13 information have just been fetched by account #{13}. {"user_id":13} 
[2016-10-01 11:56:15] local.INFO: All courses has been retrieve by user #13. Request inputs: {array (
  'limit' => '12',
  'status' => NULL,
)}. {"user_id":13} 
[2016-10-01 11:58:05] local.INFO: All courses has been retrieve by user #13. Request inputs: {array (
  'limit' => '12',
  'status' => NULL,
)}. {"user_id":13} 
[2016-10-01 11:58:06] local.INFO: Account #13 information have just been fetched by account #{13}. {"user_id":13} 
[2016-10-01 11:58:51] local.INFO: All courses has been retrieve by user #13. Request inputs: {array (
  'limit' => '12',
  'status' => NULL,
)}. {"user_id":13} 
[2016-10-01 11:58:51] local.INFO: Account #13 information have just been fetched by account #{13}. {"user_id":13} 
[2016-10-01 11:59:55] local.INFO: All courses has been retrieve by user #13. Request inputs: {array (
  'limit' => '12',
  'status' => NULL,
)}. {"user_id":13} 
[2016-10-01 11:59:56] local.INFO: Account #13 information have just been fetched by account #{13}. {"user_id":13} 
