[2016-09-21 23:00:41] local.INFO: Account #1 information have just been fetched by account #{1}. {"user_id":1} 
[2016-09-21 23:00:48] local.INFO: Account #1 information have just been fetched by account #{1}. {"user_id":1} 
[2016-09-21 23:00:52] local.INFO: Account #1 information have just been fetched by account #{1}. {"user_id":1} 
[2016-09-21 23:02:33] local.INFO: Account #1 information have just been fetched by account #{1}. {"user_id":1} 
[2016-09-21 23:02:34] local.INFO: All courses has been retrieve by user #1. Request inputs: {array (
  'limit' => 10,
  'status' => NULL,
)}. {"user_id":1} 
[2016-09-21 23:02:34] local.INFO: All courses has been retrieve by user #1. Request inputs: {array (
  'limit' => 10,
  'status' => NULL,
)}. {"user_id":1} 
[2016-09-21 23:02:38] local.INFO: Account #1 information have just been fetched by account #{1}. {"user_id":1} 
[2016-09-21 23:03:50] local.INFO: Successful authentication of account {"id":13,"first_name":"Bill","last_name":"Buckanan","role":"LEARNER","email":"bill@domain.com","verified_status":"VERIFIED","date_created":"2016-08-28 10:18:51","date_updated":"2016-09-21 23:03:50","last_login":"2016-09-21 23:03:50","honorific":"Mr","phone":"655134682","photo":null,"subscription":"UNPAID"}. {"user_id":13} 
[2016-09-21 23:03:52] local.INFO: Account #13 information have just been fetched by account #{13}. {"user_id":13} 
[2016-09-21 23:05:18] local.INFO: Successful authentication of account {"id":13,"first_name":"Bill","last_name":"Buckanan","role":"LEARNER","email":"bill@domain.com","verified_status":"VERIFIED","date_created":"2016-08-28 10:18:51","date_updated":"2016-09-21 23:05:18","last_login":"2016-09-21 23:05:18","honorific":"Mr","phone":"655134682","photo":null,"subscription":"UNPAID"}. {"user_id":13} 
[2016-09-21 23:05:19] local.INFO: Account #13 information have just been fetched by account #{13}. {"user_id":13} 
[2016-09-21 23:08:08] local.INFO: Account #1 information have just been fetched by account #{1}. {"user_id":1} 
[2016-09-21 23:08:35] local.INFO: Account #1 information have just been fetched by account #{1}. {"user_id":1} 
[2016-09-21 23:08:50] local.INFO: Account #1 information have just been fetched by account #{1}. {"user_id":1} 
[2016-09-21 23:08:56] local.INFO: Account #1 information have just been fetched by account #{1}. {"user_id":1} 
[2016-09-21 23:11:02] local.INFO: Account #1 information have just been fetched by account #{1}. {"user_id":1} 
[2016-09-21 23:11:07] local.INFO: Account #1 information have just been fetched by account #{1}. {"user_id":1} 
[2016-09-21 23:11:17] local.INFO: All courses has been retrieve by user #1. Request inputs: {array (
  'limit' => 10,
  'status' => NULL,
)}. {"user_id":1} 
[2016-09-21 23:11:21] local.INFO: All courses has been retrieve by user #1. Request inputs: {array (
  'limit' => 10,
  'status' => NULL,
)}. {"user_id":1} 
[2016-09-21 23:11:28] local.INFO: Account #1 information have just been fetched by account #{1}. {"user_id":1} 
[2016-09-21 23:21:14] local.ERROR: Invalid attempt to authenticate an account with inputs {array (
  'email' => 'bill@domain.com',
  'password' => 'paaaaaaa',
)}.  
[2016-09-21 23:21:28] local.INFO: Successful authentication of account {"id":13,"first_name":"Bill","last_name":"Buckanan","role":"LEARNER","email":"bill@domain.com","verified_status":"VERIFIED","date_created":"2016-08-28 10:18:51","date_updated":"2016-09-21 23:21:28","last_login":"2016-09-21 23:21:28","honorific":"Mr","phone":"655134682","photo":null,"subscription":"UNPAID"}. {"user_id":13} 
[2016-09-21 23:21:29] local.INFO: Account #13 information have just been fetched by account #{13}. {"user_id":13} 
[2016-09-21 23:21:55] local.INFO: Successful authentication of account {"id":1,"first_name":"Jack","last_name":"Bauer","role":"INSTRUCTOR","email":"jack@domain.com","verified_status":"VERIFIED","date_created":"2016-08-10 05:26:39","date_updated":"2016-09-21 23:21:55","last_login":"2016-09-21 23:21:55","honorific":"Mr","phone":"65514410","photo":null,"subscription":"UNPAID"}. {"user_id":1} 
[2016-09-21 23:21:56] local.INFO: Account #1 information have just been fetched by account #{1}. {"user_id":1} 
[2016-09-21 23:32:05] local.INFO: Account #1 information have just been fetched by account #{1}. {"user_id":1} 
[2016-09-21 23:35:41] local.INFO: Account #1 information have just been fetched by account #{1}. {"user_id":1} 
[2016-09-21 23:35:44] local.INFO: Account #1 information have just been fetched by account #{1}. {"user_id":1} 
[2016-09-21 23:36:11] local.INFO: Account #1 information have just been fetched by account #{1}. {"user_id":1} 
[2016-09-21 23:45:50] local.INFO: Account #1 information have just been fetched by account #{1}. {"user_id":1} 
[2016-09-21 23:46:01] local.INFO: Account #1 information have just been fetched by account #{1}. {"user_id":1} 
[2016-09-21 23:47:22] local.INFO: Account #1 information have just been fetched by account #{1}. {"user_id":1} 
[2016-09-21 23:49:22] local.INFO: Account #1 information have just been fetched by account #{1}. {"user_id":1} 
[2016-09-21 23:49:56] local.INFO: Account #1 information have just been fetched by account #{1}. {"user_id":1} 
[2016-09-21 23:53:09] local.INFO: Account #1 information have just been fetched by account #{1}. {"user_id":1} 
[2016-09-21 23:53:26] local.INFO: Account #1 information have just been fetched by account #{1}. {"user_id":1} 
[2016-09-21 23:54:55] local.INFO: Account #1 information have just been fetched by account #{1}. {"user_id":1} 
[2016-09-21 23:55:30] local.INFO: Account #1 information have just been fetched by account #{1}. {"user_id":1} 
[2016-09-21 23:55:44] local.INFO: Account #1 information have just been fetched by account #{1}. {"user_id":1} 
[2016-09-21 23:57:32] local.INFO: Account #1 information have just been fetched by account #{1}. {"user_id":1} 
[2016-09-21 23:58:11] local.INFO: Account #1 information have just been fetched by account #{1}. {"user_id":1} 
[2016-09-21 23:58:44] local.INFO: Account #1 information have just been fetched by account #{1}. {"user_id":1} 
[2016-09-21 23:58:56] local.INFO: Account #1 information have just been fetched by account #{1}. {"user_id":1} 
[2016-09-21 23:59:10] local.INFO: Account #1 information have just been fetched by account #{1}. {"user_id":1} 
