[2016-10-16 20:16:56] local.ERROR: Invalid authentication attempt with inputs:  {array (
  'email' => 'sd@ewdsds',
  'password' => 'dsdsdsdsd',
)}  
[2016-10-16 20:17:41] local.ERROR: Invalid authentication attempt with inputs:  {array (
  'email' => 'sd@ewdsds',
  'password' => 'dsdsdsdsd',
)}  
[2016-10-16 20:18:00] local.ERROR: Invalid authentication attempt with inputs:  {array (
  'email' => 'sd@ewdsds',
  'password' => 'dsdsdsdsd',
)}  
[2016-10-16 20:18:18] local.ERROR: Invalid authentication attempt with inputs:  {array (
  'email' => 'sd@ewdsds',
  'password' => 'dsdsdsdsd',
)}  
[2016-10-16 20:18:31] local.ERROR: Invalid authentication attempt with inputs:  {array (
  'email' => 'sd@ewdsds',
  'password' => 'dsdsdsdsd',
)}  
[2016-10-16 20:18:47] local.ERROR: Invalid attempt to authenticate an account with inputs {array (
  'email' => 'jack@domain.com',
  'password' => 'dsdsdsdsd',
)}.  
[2016-10-16 20:19:00] local.ERROR: Invalid attempt to authenticate an account with inputs {array (
  'email' => 'jack@domain.com',
  'password' => 'dsdsdsdsd',
)}.  
[2016-10-16 20:19:01] local.ERROR: Invalid attempt to authenticate an account with inputs {array (
  'email' => 'jack@domain.com',
  'password' => 'dsdsdsdsd',
)}.  
[2016-10-16 20:19:01] local.ERROR: Invalid attempt to authenticate an account with inputs {array (
  'email' => 'jack@domain.com',
  'password' => 'dsdsdsdsd',
)}.  
[2016-10-16 20:19:09] local.ERROR: Invalid attempt to authenticate an account with inputs {array (
  'email' => 'jack@domain.com',
  'password' => 'dsdsdsdsd',
)}.  
[2016-10-16 20:19:18] local.ERROR: Invalid attempt to authenticate an account with inputs {array (
  'email' => 'jack@domain.com',
  'password' => 'dsdsdsdsd',
)}.  
[2016-10-16 20:20:52] local.INFO: Successful authentication of account {"id":1,"first_name":"Jack","last_name":"Bauer","role":"INSTRUCTOR","email":"jack@domain.com","verified_status":"VERIFIED","date_created":"2016-08-10 05:26:39","date_updated":"2016-10-16 20:20:51","last_login":"2016-10-16 20:20:51","honorific":"Mr","phone":"65514410","photo":null,"subscription":"UNPAID"}. {"user_id":1} 
