[2016-09-19 06:40:29] local.INFO: Successful authentication of account {"id":1,"first_name":"Jack","last_name":"Bauer","role":"INSTRUCTOR","email":"jack@domain.com","verified_status":"VERIFIED","date_created":"2016-08-10 05:26:39","date_updated":"2016-09-19 06:40:29","last_login":"2016-09-19 06:40:29","honorific":"Mr","phone":"65514410","photo":null,"subscription":"UNPAID"}. {"user_id":1} 
[2016-09-19 06:40:32] local.INFO: Account #1 information have just been fetched by account #{1}. {"user_id":1} 
[2016-09-19 06:42:54] local.ERROR: Invalid attempt  to create a new course with a taken shortname {introdb}. Returned code: 400. Request inputs :array (
  'name' => 'Introduction to Database',
  'shortname' => 'introdb',
  'language' => 'fr',
  'photo' => NULL,
  'largeicon' => NULL,
  'previewlink' => NULL,
  'shortdescription' => 'Introudcution to database course descritpion',
  'smallicon' => NULL,
  'smalliconhover' => NULL,
  'istranslate' => 0,
  'directorypath' => NULL,
  'aboutthecourse' => NULL,
  'targetaudience' => '0',
  'faq' => NULL,
  'coursesyllabus' => NULL,
  'courseformat' => NULL,
  'suggestedreadings' => NULL,
  'estimatedclassworkload' => NULL,
  'recommendedbackground' => NULL,
  'instructor' => 1,
  'school' => 5,
  'category' => 1,
). {"user_id":1} 
[2016-09-19 06:43:06] local.ERROR: Invalid attempt for an instructor to create a new course with a duplicate name {Introduction to Database}. Returned code: 400. Request inputs :array (
  'name' => 'Introduction to Database',
  'shortname' => 'introdb2',
  'language' => 'fr',
  'photo' => NULL,
  'largeicon' => NULL,
  'previewlink' => NULL,
  'shortdescription' => 'Introudcution to database course descritpion',
  'smallicon' => NULL,
  'smalliconhover' => NULL,
  'istranslate' => 0,
  'directorypath' => NULL,
  'aboutthecourse' => NULL,
  'targetaudience' => '0',
  'faq' => NULL,
  'coursesyllabus' => NULL,
  'courseformat' => NULL,
  'suggestedreadings' => NULL,
  'estimatedclassworkload' => NULL,
  'recommendedbackground' => NULL,
  'instructor' => 1,
  'school' => 5,
  'category' => 1,
). {"user_id":1} 
[2016-09-19 06:43:16] local.INFO: The new course #5 has just been created. Request inputs:  #{array (
  'name' => 'Introduction to Database2',
  'shortname' => 'introdb2',
  'language' => 'fr',
  'photo' => NULL,
  'largeicon' => NULL,
  'previewlink' => NULL,
  'shortdescription' => 'Introudcution to database course descritpion',
  'smallicon' => NULL,
  'smalliconhover' => NULL,
  'istranslate' => 0,
  'directorypath' => NULL,
  'aboutthecourse' => NULL,
  'targetaudience' => '0',
  'faq' => NULL,
  'coursesyllabus' => NULL,
  'courseformat' => NULL,
  'suggestedreadings' => NULL,
  'estimatedclassworkload' => NULL,
  'recommendedbackground' => NULL,
  'instructor' => 1,
  'school' => 5,
  'category' => 1,
  'date_created' => '2016-09-19 06:43:15',
)}. {"user_id":1} 
[2016-09-19 06:48:42] local.INFO: Successful authentication of account {"id":1,"first_name":"Jack","last_name":"Bauer","role":"INSTRUCTOR","email":"jack@domain.com","verified_status":"VERIFIED","date_created":"2016-08-10 05:26:39","date_updated":"2016-09-19 06:48:42","last_login":"2016-09-19 06:48:42","honorific":"Mr","phone":"65514410","photo":null,"subscription":"UNPAID"}. {"user_id":1} 
[2016-09-19 06:48:43] local.INFO: Account #1 information have just been fetched by account #{1}. {"user_id":1} 
