[2016-08-28 07:05:34] local.ERROR: Invalid attempt to create a new account with an email taken {jephte.ndongmou@gmail.com}. Returned code: 400. Request inputs  #array (
  'email' => 'jephte.ndongmou@gmail.com',
  'first_name' => 'David',
  'last_name' => 'Palmer',
  'honorific' => 'Mr',
  'role' => 'LEARNER',
  'phone' => NULL,
  'photo' => NULL,
).  
[2016-08-28 07:07:28] local.ERROR: Invalid attempt to create a new account with an email taken {jephte.ndongmou@gmail.com}. Returned code: 400. Request inputs  #array (
  'email' => 'jephte.ndongmou@gmail.com',
  'first_name' => 'David',
  'last_name' => 'Palmer',
  'honorific' => 'Mr',
  'role' => 'LEARNER',
  'phone' => NULL,
  'photo' => NULL,
).  
[2016-08-28 07:09:25] local.ERROR: Invalid attempt to create a new account with an email taken {jephte.ndongmou@gmail.com}. Returned code: 400. Request inputs  #array (
  'email' => 'jephte.ndongmou@gmail.com',
  'first_name' => 'David',
  'last_name' => 'Palmer',
  'honorific' => 'Mr',
  'role' => 'LEARNER',
  'phone' => NULL,
  'photo' => NULL,
).  
[2016-08-28 07:10:42] local.ERROR: Invalid attempt to create a new account with an email taken {jephte.ndongmou@gmail.com}. Returned code: 400. Request inputs  #array (
  'email' => 'jephte.ndongmou@gmail.com',
  'first_name' => 'David',
  'last_name' => 'Palmer',
  'honorific' => 'Mr',
  'role' => 'INSTRUCTOR',
  'phone' => NULL,
  'photo' => NULL,
).  
[2016-08-28 07:11:23] local.ERROR: Invalid attempt to create a new account with an email taken {jephte.ndongmou@gmail.com}. Returned code: 400. Request inputs  #array (
  'email' => 'jephte.ndongmou@gmail.com',
  'first_name' => 'David',
  'last_name' => 'Palmer',
  'honorific' => 'Mr',
  'role' => 'LEARNER',
  'phone' => NULL,
  'photo' => NULL,
).  
[2016-08-28 07:14:00] local.ERROR: Invalid attempt to create a new account with an email taken {jephte.ndongmou@gmail.com}. Returned code: 400. Request inputs  #array (
  'email' => 'jephte.ndongmou@gmail.com',
  'first_name' => 'David',
  'last_name' => 'Palmer',
  'honorific' => 'Mr',
  'role' => 'LEARNER',
  'phone' => NULL,
  'photo' => NULL,
).  
[2016-08-28 07:14:39] local.ERROR: Invalid attempt to create a new account with an email taken {jephte.ndongmou@gmail.com}. Returned code: 400. Request inputs  #array (
  'email' => 'jephte.ndongmou@gmail.com',
  'first_name' => 'David',
  'last_name' => 'Palmer',
  'honorific' => 'Mr',
  'role' => 'LEARNER',
  'phone' => NULL,
  'photo' => NULL,
).  
[2016-08-28 07:17:07] local.ERROR: Invalid attempt to create a new account with an email taken {jephte.ndongmou@gmail.com}. Returned code: 400. Request inputs  #array (
  'email' => 'jephte.ndongmou@gmail.com',
  'first_name' => 'David',
  'last_name' => 'Palmer',
  'honorific' => 'Mr',
  'role' => 'LEARNER',
  'phone' => NULL,
  'photo' => NULL,
).  
[2016-08-28 07:20:26] local.ERROR: Invalid attempt to create a new account with an email taken {jephte.ndongmou@gmail.com}. Returned code: 400. Request inputs  #array (
  'email' => 'jephte.ndongmou@gmail.com',
  'first_name' => 'David',
  'last_name' => 'Palmer',
  'honorific' => 'Mr',
  'role' => 'LEARNER',
  'phone' => NULL,
  'photo' => NULL,
).  
[2016-08-28 07:21:08] local.ERROR: Invalid attempt to create a new account with an email taken {jephte.ndongmou@gmail.com}. Returned code: 400. Request inputs  #array (
  'email' => 'jephte.ndongmou@gmail.com',
  'first_name' => 'David',
  'last_name' => 'Palmer',
  'honorific' => 'Mr',
  'role' => 'LEARNER',
  'phone' => NULL,
  'photo' => NULL,
).  
[2016-08-28 07:21:26] local.ERROR: Invalid attempt to create a new account with an email taken {jephte.ndongmou@gmail.com}. Returned code: 400. Request inputs  #array (
  'email' => 'jephte.ndongmou@gmail.com',
  'first_name' => 'David',
  'last_name' => 'Palmer',
  'honorific' => 'Mr',
  'role' => 'LEARNER',
  'phone' => NULL,
  'photo' => NULL,
).  
[2016-08-28 07:22:47] local.ERROR: Invalid attempt to create a new account with an email taken {jephte.ndongmou@gmail.com}. Returned code: 400. Request inputs  #array (
  'email' => 'jephte.ndongmou@gmail.com',
  'first_name' => 'David',
  'last_name' => 'Palmer',
  'honorific' => 'Mr',
  'role' => 'LEARNER',
  'phone' => NULL,
  'photo' => NULL,
).  
[2016-08-28 07:23:15] local.ERROR: Invalid attempt to create a new account with an email taken {jephte.ndongmou@gmail.com}. Returned code: 400. Request inputs  #array (
  'email' => 'jephte.ndongmou@gmail.com',
  'first_name' => 'David',
  'last_name' => 'Palmer',
  'honorific' => 'Mr',
  'role' => 'LEARNER',
  'phone' => NULL,
  'photo' => NULL,
).  
[2016-08-28 07:36:32] local.ERROR: Invalid attempt to create a new account with an email taken {jephte.ndongmou@gmail.com}. Returned code: 400. Request inputs  #array (
  'email' => 'jephte.ndongmou@gmail.com',
  'first_name' => 'David',
  'last_name' => 'Palmer',
  'honorific' => 'Mr',
  'role' => 'LEARNER',
  'phone' => NULL,
  'photo' => NULL,
).  
[2016-08-28 07:38:03] local.ERROR: Invalid attempt to create a new account with an email taken {jephte.ndongmou@gmail.com}. Returned code: 400. Request inputs  #array (
  'email' => 'jephte.ndongmou@gmail.com',
  'first_name' => 'David',
  'last_name' => 'Palmer',
  'honorific' => 'Mr',
  'role' => 'LEARNER',
  'phone' => NULL,
  'photo' => NULL,
).  
[2016-08-28 07:41:51] local.ERROR: Invalid attempt to create a new account with an email taken {jephte.ndongmou@gmail.com}. Returned code: 400. Request inputs  #array (
  'email' => 'jephte.ndongmou@gmail.com',
  'first_name' => 'David',
  'last_name' => 'Palmer',
  'honorific' => 'Mr',
  'role' => 'LEARNER',
  'phone' => NULL,
  'photo' => NULL,
).  
[2016-08-28 07:43:29] local.ERROR: Invalid attempt to create a new account with an email taken {jephte.ndongmou@gmail.com}. Returned code: 400. Request inputs  #array (
  'email' => 'jephte.ndongmou@gmail.com',
  'first_name' => 'David',
  'last_name' => 'Palmer',
  'honorific' => 'Mr',
  'role' => 'LEARNER',
  'phone' => NULL,
  'photo' => NULL,
).  
[2016-08-28 07:44:58] local.ERROR: Invalid attempt to create a new account with an email taken {jephte.ndongmou@gmail.com}. Returned code: 400. Request inputs  #array (
  'email' => 'jephte.ndongmou@gmail.com',
  'first_name' => 'David',
  'last_name' => 'Palmer',
  'honorific' => 'Mr',
  'role' => 'LEARNER',
  'phone' => NULL,
  'photo' => NULL,
).  
