[2016-10-01 22:36:48] local.INFO: All courses has been retrieve by user #13. Request inputs: {array (
  'limit' => '12',
  'status' => NULL,
)}. {"user_id":13} 
[2016-10-01 22:37:01] local.INFO: All courses has been retrieve by user #13. Request inputs: {array (
  'limit' => '12',
  'status' => NULL,
)}. {"user_id":13} 
[2016-10-01 22:39:19] local.INFO: All courses has been retrieve by user #13. Request inputs: {array (
  'limit' => '12',
  'status' => NULL,
)}. {"user_id":13} 
[2016-10-01 22:45:34] local.INFO: Account #13 information have just been fetched by account #{13}. {"user_id":13} 
[2016-10-01 22:47:13] local.INFO: All courses has been retrieve by user #13. Request inputs: {array (
  'limit' => '12',
  'status' => NULL,
)}. {"user_id":13} 
[2016-10-01 22:47:17] local.INFO: All courses has been retrieve by user #13. Request inputs: {array (
  'limit' => '12',
  'status' => NULL,
)}. {"user_id":13} 
[2016-10-01 22:47:39] local.INFO: All courses has been retrieve by user #13. Request inputs: {array (
  'limit' => '12',
  'status' => NULL,
)}. {"user_id":13} 
[2016-10-01 22:48:48] local.INFO: Account #13 information have just been fetched by account #{13}. {"user_id":13} 
[2016-10-01 22:52:09] local.INFO: All courses has been retrieve by user #13. Request inputs: {array (
  'limit' => '12',
  'status' => NULL,
)}. {"user_id":13} 
[2016-10-01 22:54:19] local.INFO: All courses has been retrieve by user #13. Request inputs: {array (
  'limit' => '12',
  'status' => NULL,
)}. {"user_id":13} 
[2016-10-01 22:54:31] local.INFO: Account #13 information have just been fetched by account #{13}. {"user_id":13} 
[2016-10-01 22:55:19] local.INFO: Account #13 information have just been fetched by account #{13}. {"user_id":13} 
[2016-10-01 22:57:39] local.INFO: All courses has been retrieve by user #13. Request inputs: {array (
  'limit' => '12',
  'status' => NULL,
)}. {"user_id":13} 
