[2016-11-06 14:02:16] local.INFO: user searched Books. Query :% Java program % Number of rows found: 1 {"user_id":1} 
[2016-11-06 14:03:28] local.INFO: All courses have been retrieve by user #. Request inputs: {array (
  'limit' => '20',
  'status' => NULL,
)}.  
[2016-11-06 14:04:59] local.INFO: All courses have been retrieve by user #. Request inputs: {array (
  'limit' => '20',
  'status' => NULL,
)}.  
[2016-11-06 14:10:51] local.INFO: All courses have been retrieve by user #. Request inputs: {array (
  'limit' => '20',
  'status' => NULL,
)}.  
[2016-11-06 14:11:53] local.INFO: All courses have been retrieve by user #. Request inputs: {array (
  'limit' => '20',
  'status' => NULL,
)}.  
[2016-11-06 14:12:07] local.INFO: All courses have been retrieve by user #. Request inputs: {array (
  'limit' => '20',
  'status' => NULL,
)}.  
[2016-11-06 14:13:14] local.INFO: All courses have been retrieve by user #. Request inputs: {array (
  'limit' => '20',
  'status' => NULL,
)}.  
[2016-11-06 14:17:16] local.INFO: All courses have been retrieve by user #. Request inputs: {array (
  'limit' => '20',
  'status' => NULL,
)}.  
[2016-11-06 14:23:38] local.INFO: user searched courses. Query :% math % Number of rows found: 4  
[2016-11-06 14:24:20] local.INFO: user searched courses. Query :% database % Number of rows found: 1  
