[2016-10-01 23:00:31] local.INFO: Account #13 information have just been fetched by account #{13}. {"user_id":13} 
[2016-10-01 23:00:31] local.INFO: All courses has been retrieve by user #13. Request inputs: {array (
  'limit' => '12',
  'status' => NULL,
)}. {"user_id":13} 
[2016-10-01 23:01:07] local.INFO: Account #13 information have just been fetched by account #{13}. {"user_id":13} 
[2016-10-01 23:01:34] local.INFO: All courses has been retrieve by user #13. Request inputs: {array (
  'limit' => '12',
  'status' => NULL,
)}. {"user_id":13} 
[2016-10-01 23:02:49] local.INFO: Account #13 information have just been fetched by account #{13}. {"user_id":13} 
[2016-10-01 23:02:49] local.INFO: All courses has been retrieve by user #13. Request inputs: {array (
  'limit' => '12',
  'status' => NULL,
)}. {"user_id":13} 
[2016-10-01 23:03:08] local.INFO: All courses has been retrieve by user #13. Request inputs: {array (
  'limit' => '12',
  'status' => NULL,
)}. {"user_id":13} 
[2016-10-01 23:04:28] local.INFO: All courses has been retrieve by user #13. Request inputs: {array (
  'limit' => '12',
  'status' => NULL,
)}. {"user_id":13} 
[2016-10-01 23:08:03] local.INFO: Account #13 information have just been fetched by account #{13}. {"user_id":13} 
[2016-10-01 23:08:29] local.INFO: Account #13 information have just been fetched by account #{13}. {"user_id":13} 
[2016-10-01 23:10:02] local.INFO: Account #13 information have just been fetched by account #{13}. {"user_id":13} 
[2016-10-01 23:11:53] local.INFO: Account #13 information have just been fetched by account #{13}. {"user_id":13} 
[2016-10-01 23:12:33] local.INFO: Account #13 information have just been fetched by account #{13}. {"user_id":13} 
[2016-10-01 23:14:00] local.INFO: Account #13 information have just been fetched by account #{13}. {"user_id":13} 
[2016-10-01 23:14:32] local.INFO: Account #13 information have just been fetched by account #{13}. {"user_id":13} 
[2016-10-01 23:15:02] local.INFO: Account #13 information have just been fetched by account #{13}. {"user_id":13} 
