[2016-09-19 22:16:41] local.INFO: The new course #8 has just been created. Request inputs:  #{array (
  'name' => 'Chemistry',
  'shortname' => 'chemistry101',
  'language' => 'fr',
  'photo' => NULL,
  'largeicon' => NULL,
  'previewlink' => NULL,
  'shortdescription' => 'A &lt;a href="https://en.wikipedia.org/wiki/Chemical_reaction" title="Chemical reaction"&gt;chemical reaction&lt;/a&gt; is a transformation of some substances into one or more different substances.&lt;sup id="cite_ref-39" class="reference"&gt;&lt;a href="https://en.wikipedia.                 
                                            ',
  'smallicon' => NULL,
  'smalliconhover' => NULL,
  'istranslate' => 0,
  'directorypath' => NULL,
  'aboutthecourse' => NULL,
  'targetaudience' => '0',
  'faq' => NULL,
  'coursesyllabus' => NULL,
  'courseformat' => NULL,
  'suggestedreadings' => NULL,
  'estimatedclassworkload' => NULL,
  'recommendedbackground' => NULL,
  'instructor' => 1,
  'school' => NULL,
  'category' => '4',
  'date_created' => '2016-09-19 22:16:41',
)}. {"user_id":1} 
[2016-09-19 22:19:31] local.ERROR: Invalid attempt  to create a new course with a taken shortname {chemistry101}. Returned code: 400. Request inputs :array (
  'name' => 'chemistry',
  'shortname' => 'chemistry101',
  'language' => 'fr',
  'photo' => NULL,
  'largeicon' => NULL,
  'previewlink' => NULL,
  'shortdescription' => 'A &lt;a href="https://en.wikipedia.org/wiki/Chemical_reaction" title="Chemical reaction"&gt;chemical reaction&lt;/a&gt; is a transformation of some substances into one or more different substances.&lt;sup id="cite_ref-39" class="reference"&gt;&lt;a href="https://en.wikipedia.                 
                                            ',
  'smallicon' => NULL,
  'smalliconhover' => NULL,
  'istranslate' => 0,
  'directorypath' => NULL,
  'aboutthecourse' => NULL,
  'targetaudience' => '0',
  'faq' => NULL,
  'coursesyllabus' => NULL,
  'courseformat' => NULL,
  'suggestedreadings' => NULL,
  'estimatedclassworkload' => NULL,
  'recommendedbackground' => NULL,
  'instructor' => 1,
  'school' => NULL,
  'category' => '1',
). {"user_id":1} 
[2016-09-19 22:35:07] local.ERROR: Invalid attempt  to create a new course with a taken shortname {chemistry101}. Returned code: 400. Request inputs :array (
  'name' => 'chemistry',
  'shortname' => 'chemistry101',
  'language' => 'fr',
  'photo' => NULL,
  'largeicon' => NULL,
  'previewlink' => NULL,
  'shortdescription' => 'description                 
                                            ',
  'smallicon' => NULL,
  'smalliconhover' => NULL,
  'istranslate' => 0,
  'directorypath' => NULL,
  'aboutthecourse' => NULL,
  'targetaudience' => '0',
  'faq' => NULL,
  'coursesyllabus' => NULL,
  'courseformat' => NULL,
  'suggestedreadings' => NULL,
  'estimatedclassworkload' => NULL,
  'recommendedbackground' => NULL,
  'instructor' => 1,
  'school' => NULL,
  'category' => '1',
). {"user_id":1} 
[2016-09-19 22:36:17] local.ERROR: Invalid attempt  to create a new course with a taken shortname {chemistry101}. Returned code: 400. Request inputs :array (
  'name' => 'chemistry',
  'shortname' => 'chemistry101',
  'language' => 'fr',
  'photo' => NULL,
  'largeicon' => NULL,
  'previewlink' => NULL,
  'shortdescription' => 'description                 
                                            ',
  'smallicon' => NULL,
  'smalliconhover' => NULL,
  'istranslate' => 0,
  'directorypath' => NULL,
  'aboutthecourse' => NULL,
  'targetaudience' => '0',
  'faq' => NULL,
  'coursesyllabus' => NULL,
  'courseformat' => NULL,
  'suggestedreadings' => NULL,
  'estimatedclassworkload' => NULL,
  'recommendedbackground' => NULL,
  'instructor' => 1,
  'school' => NULL,
  'category' => '1',
). {"user_id":1} 
[2016-09-19 22:36:37] local.ERROR: Invalid attempt for an instructor to create a new course with a duplicate name {chemistry}. Returned code: 400. Request inputs :array (
  'name' => 'chemistry',
  'shortname' => 'chemistry1010',
  'language' => 'fr',
  'photo' => NULL,
  'largeicon' => NULL,
  'previewlink' => NULL,
  'shortdescription' => 'description                 
                                            ',
  'smallicon' => NULL,
  'smalliconhover' => NULL,
  'istranslate' => 0,
  'directorypath' => NULL,
  'aboutthecourse' => NULL,
  'targetaudience' => '0',
  'faq' => NULL,
  'coursesyllabus' => NULL,
  'courseformat' => NULL,
  'suggestedreadings' => NULL,
  'estimatedclassworkload' => NULL,
  'recommendedbackground' => NULL,
  'instructor' => 1,
  'school' => NULL,
  'category' => '1',
). {"user_id":1} 
[2016-09-19 22:37:41] local.INFO: The new course #9 has just been created. Request inputs:  #{array (
  'name' => 'chemistry201',
  'shortname' => 'chemistry1010',
  'language' => 'fr',
  'photo' => NULL,
  'largeicon' => NULL,
  'previewlink' => NULL,
  'shortdescription' => 'description                 
                                            ',
  'smallicon' => NULL,
  'smalliconhover' => NULL,
  'istranslate' => 0,
  'directorypath' => NULL,
  'aboutthecourse' => NULL,
  'targetaudience' => '0',
  'faq' => NULL,
  'coursesyllabus' => NULL,
  'courseformat' => NULL,
  'suggestedreadings' => NULL,
  'estimatedclassworkload' => NULL,
  'recommendedbackground' => NULL,
  'instructor' => 1,
  'school' => NULL,
  'category' => '1',
  'date_created' => '2016-09-19 22:37:41',
)}. {"user_id":1} 
