[2016-09-15 06:00:07] local.INFO: Account #13 information have just been fetched by account #{13}. {"user_id":13} 
[2016-09-15 06:00:20] local.INFO: Account #13 information have just been fetched by account #{13}. {"user_id":13} 
[2016-09-15 06:02:12] local.INFO: Account #13 information have just been fetched by account #{13}. {"user_id":13} 
[2016-09-15 06:07:38] local.INFO: Account #13 information have just been fetched by account #{13}. {"user_id":13} 
[2016-09-15 06:11:56] local.INFO: Account #13 information have just been fetched by account #{13}. {"user_id":13} 
[2016-09-15 06:13:24] local.INFO: Account #13 information have just been fetched by account #{13}. {"user_id":13} 
[2016-09-15 06:13:49] local.INFO: Account #13 information have just been fetched by account #{13}. {"user_id":13} 
[2016-09-15 06:14:04] local.INFO: Account #13 information have just been fetched by account #{13}. {"user_id":13} 
[2016-09-15 06:30:24] local.INFO: Account #13 information have just been fetched by account #{13}. {"user_id":13} 
[2016-09-15 06:31:22] local.INFO: Account #13 information have just been fetched by account #{13}. {"user_id":13} 
[2016-09-15 06:31:38] local.INFO: Successful authentication of account {"id":13,"first_name":"billy","last_name":"Buckanan","role":"LEARNER","email":"bill@domain.com","verified_status":"VERIFIED","date_created":"2016-08-28 10:18:51","date_updated":"2016-09-15 06:31:37","last_login":"2016-09-15 06:31:37","honorific":"Mr","phone":"655134680","photo":null,"subscription":"UNPAID"}. {"user_id":13} 
[2016-09-15 06:32:14] local.INFO: Account #13 information have just been fetched by account #{13}. {"user_id":13} 
[2016-09-15 06:33:31] local.INFO: Account #13 information have just been fetched by account #{13}. {"user_id":13} 
[2016-09-15 06:33:38] local.INFO: Account #13 information have just been fetched by account #{13}. {"user_id":13} 
[2016-09-15 06:34:42] local.INFO: Account #13 information have just been fetched by account #{13}. {"user_id":13} 
[2016-09-15 06:35:54] local.INFO: Account #13 information have just been fetched by account #{13}. {"user_id":13} 
[2016-09-15 06:36:56] local.INFO: Account #13 information have just been fetched by account #{13}. {"user_id":13} 
[2016-09-15 06:37:16] local.INFO: Successful authentication of account {"id":13,"first_name":"billy","last_name":"Buckanan","role":"LEARNER","email":"bill@domain.com","verified_status":"VERIFIED","date_created":"2016-08-28 10:18:51","date_updated":"2016-09-15 06:37:16","last_login":"2016-09-15 06:37:16","honorific":"Mr","phone":"655134680","photo":null,"subscription":"UNPAID"}. {"user_id":13} 
[2016-09-15 06:37:18] local.INFO: Account #13 information have just been fetched by account #{13}. {"user_id":13} 
[2016-09-15 06:37:34] local.ERROR: Invalid attempt to authenticate an account with inputs {array (
  'email' => 'bill@domain.com',
  'password' => 'ppppppppp',
)}.  
[2016-09-15 06:38:03] local.INFO: Successful authentication of account {"id":13,"first_name":"billy","last_name":"Buckanan","role":"LEARNER","email":"bill@domain.com","verified_status":"VERIFIED","date_created":"2016-08-28 10:18:51","date_updated":"2016-09-15 06:38:03","last_login":"2016-09-15 06:38:03","honorific":"Mr","phone":"655134680","photo":null,"subscription":"UNPAID"}. {"user_id":13} 
[2016-09-15 06:38:05] local.INFO: Account #13 information have just been fetched by account #{13}. {"user_id":13} 
[2016-09-15 06:38:32] local.INFO: Account #13 information have just been fetched by account #{13}. {"user_id":13} 
[2016-09-15 06:38:52] local.INFO: Account #13 information have just been fetched by account #{13}. {"user_id":13} 
[2016-09-15 06:39:43] local.INFO: Account #13 information have just been fetched by account #{13}. {"user_id":13} 
[2016-09-15 06:41:35] local.INFO: Account #13 information have just been fetched by account #{13}. {"user_id":13} 
[2016-09-15 06:42:55] local.INFO: Information of account #{13} has just been updated. Request inputs: array (
  'first_name' => 'billy',
  'last_name' => 'Buckanan',
  'honorific' => 'Mr',
  'phone' => '655134680',
) {"user_id":13} 
[2016-09-15 06:42:56] local.INFO: Account #13 information have just been fetched by account #{13}. {"user_id":13} 
[2016-09-15 06:43:10] local.INFO: Information of account #{13} has just been updated. Request inputs: array (
  'first_name' => 'billy',
  'last_name' => 'Buckanan',
  'honorific' => 'Ms',
  'phone' => '655134680',
) {"user_id":13} 
[2016-09-15 06:43:11] local.INFO: Account #13 information have just been fetched by account #{13}. {"user_id":13} 
[2016-09-15 06:43:22] local.INFO: Information of account #{13} has just been updated. Request inputs: array (
  'first_name' => 'Bill',
  'last_name' => 'Buckanan',
  'honorific' => 'Ms',
  'phone' => '655134681',
) {"user_id":13} 
[2016-09-15 06:43:23] local.INFO: Account #13 information have just been fetched by account #{13}. {"user_id":13} 
[2016-09-15 06:43:37] local.INFO: Account #13 information have just been fetched by account #{13}. {"user_id":13} 
[2016-09-15 06:48:09] local.INFO: Successful authentication of account {"id":1,"first_name":"Jack","last_name":"Bauer","role":"INSTRUCTOR","email":"jack@domain.com","verified_status":"VERIFIED","date_created":"2016-08-10 05:26:39","date_updated":"2016-09-15 06:48:09","last_login":"2016-09-15 06:48:09","honorific":"Mr","phone":"655144122","photo":null,"subscription":"UNPAID"}. {"user_id":1} 
[2016-09-15 06:48:11] local.INFO: Account #1 information have just been fetched by account #{1}. {"user_id":1} 
[2016-09-15 06:49:57] local.INFO: Account #1 information have just been fetched by account #{1}. {"user_id":1} 
