[2016-08-25 21:07:44] local.INFO: Successful authentication of account #{"id":1,"first_name":"Jack","last_name":"Bauer","role":"INSTRUCTOR","email":"jack@domain.com","verified_status":"VERIFIED","date_created":"2016-08-10 05:26:39","date_updated":"2016-08-25 21:07:44","last_login":"2016-08-25 21:07:44","honorific":"Mr","phone":null,"photo":null,"subscription":"UNPAID"}. {"user_id":1} 
[2016-08-25 21:08:34] local.INFO: The new school #5 has just been created. Request inputs:  #{array (
  'name' => 'University of Maryland College Park',
  'shortname' => 'umd',
  'logo' => 'university of maryland university logo',
  'address' => NULL,
  'description' => NULL,
  'banner' => NULL,
  'homelink' => NULL,
  'location' => NULL,
  'location_city' => '2',
  'location_country' => '1',
  'location_lon' => NULL,
  'location_lat' => NULL,
  'website' => NULL,
  'webtwitter' => NULL,
  'webfacebook' => NULL,
  'webyoutube' => NULL,
  'pagebanner' => NULL,
  'date_created' => '2016-08-25 21:08:34',
)}. {"user_id":1} 
[2016-08-25 21:12:07] local.ERROR: Invalid school ID {3}. Returned code: 400. Request inputs :array (
  'name' => 'Introduction to Database',
  'shortname' => 'introdb',
  'language' => 'fr',
  'photo' => NULL,
  'largeicon' => NULL,
  'previewlink' => NULL,
  'shortdescription' => 'Introudcution to database course descritpion',
  'smallicon' => NULL,
  'smalliconhover' => NULL,
  'istranslate' => 0,
  'directorypath' => NULL,
  'aboutthecourse' => NULL,
  'targetaudience' => '0',
  'faq' => NULL,
  'coursesyllabus' => NULL,
  'courseformat' => NULL,
  'suggestedreadings' => NULL,
  'estimatedclassworkload' => NULL,
  'recommendedbackground' => NULL,
  'instructor' => 1,
  'school' => '3',
  'category' => 1,
). {"user_id":1} 
[2016-08-25 21:12:20] local.ERROR: Invalid school ID {3}. Returned code: 400. Request inputs :array (
  'name' => 'Introduction to Database',
  'shortname' => 'introdb',
  'language' => 'fr',
  'photo' => NULL,
  'largeicon' => NULL,
  'previewlink' => NULL,
  'shortdescription' => 'Introudcution to database course descritpion',
  'smallicon' => NULL,
  'smalliconhover' => NULL,
  'istranslate' => 0,
  'directorypath' => NULL,
  'aboutthecourse' => NULL,
  'targetaudience' => '0',
  'faq' => NULL,
  'coursesyllabus' => NULL,
  'courseformat' => NULL,
  'suggestedreadings' => NULL,
  'estimatedclassworkload' => NULL,
  'recommendedbackground' => NULL,
  'instructor' => 1,
  'school' => 3,
  'category' => 1,
). {"user_id":1} 
[2016-08-25 21:12:35] local.INFO: The new course #4 has just been created. Request inputs:  #{array (
  'name' => 'Introduction to Database',
  'shortname' => 'introdb',
  'language' => 'fr',
  'photo' => NULL,
  'largeicon' => NULL,
  'previewlink' => NULL,
  'shortdescription' => 'Introudcution to database course descritpion',
  'smallicon' => NULL,
  'smalliconhover' => NULL,
  'istranslate' => 0,
  'directorypath' => NULL,
  'aboutthecourse' => NULL,
  'targetaudience' => '0',
  'faq' => NULL,
  'coursesyllabus' => NULL,
  'courseformat' => NULL,
  'suggestedreadings' => NULL,
  'estimatedclassworkload' => NULL,
  'recommendedbackground' => NULL,
  'instructor' => 1,
  'school' => 5,
  'category' => 1,
  'date_created' => '2016-08-25 21:12:35',
)}. {"user_id":1} 
[2016-08-25 21:14:03] local.INFO: The new application of user #3 to join course #4 has just been saved. Request inputs:  #{array (
  'account' => 3,
  'status' => 'PENDING',
  'course' => '4',
  'requestedby' => 'LEARNER',
  'date_requested' => '2016-08-25 21:08:14',
  'date_joined' => NULL,
)}. {"user_id":3} 
