[2016-09-07 23:20:34] local.INFO: Successful authentication of account {"id":1,"first_name":"Jack","last_name":"Bauer","role":"INSTRUCTOR","email":"jack@domain.com","verified_status":"VERIFIED","date_created":"2016-08-10 05:26:39","date_updated":"2016-09-07 23:20:34","last_login":"2016-09-07 23:20:34","honorific":"Mr","phone":null,"photo":null,"subscription":"UNPAID"}. {"user_id":1} 
[2016-09-07 23:21:20] local.INFO: Invalid attempt to update informations of another account #{2}. Returned code: 4007. {"user_id":1} 
[2016-09-07 23:21:28] local.INFO: Invalid attempt to update informations of another account #{1}. Returned code: 4007. {"user_id":1} 
[2016-09-07 23:28:06] local.INFO: Invalid attempt to update informations of another account #{1}. Returned code: 4007. {"user_id":1} 
[2016-09-07 23:28:23] local.INFO: Invalid attempt to update informations of another account #{1}. Returned code: 4007. {"user_id":1} 
[2016-09-07 23:30:37] local.INFO: Successful authentication of account {"id":1,"first_name":"Jack","last_name":"Bauer","role":"INSTRUCTOR","email":"jack@domain.com","verified_status":"VERIFIED","date_created":"2016-08-10 05:26:39","date_updated":"2016-09-07 23:30:37","last_login":"2016-09-07 23:30:37","honorific":"Mr","phone":null,"photo":null,"subscription":"UNPAID"}. {"user_id":1} 
[2016-09-07 23:34:24] local.INFO: Invalid attempt to update informations of another account #{2}. Returned code: 4007. {"user_id":1} 
[2016-09-07 23:38:17] local.ERROR: Undefined variable: params {"user_id":1} 
[2016-09-07 23:53:20] local.ERROR: Undefined variable: params {"user_id":1} 
[2016-09-07 23:54:42] local.ERROR: Call to undefined method Illuminate\Database\Query\Builder::db_save() {"user_id":1} 
[2016-09-07 23:55:32] local.INFO: Information of account #{1} has just been updated. Request inputs: array (
  'first_name' => 'Doe',
  'last_name' => 'Joe',
) {"user_id":1} 
[2016-09-07 23:55:32] local.ERROR: Trying to get property of non-object {"user_id":1} 
[2016-09-07 23:55:32] local.ERROR: Trying to get property of non-object {"user_id":1} 
[2016-09-07 23:56:18] local.INFO: Account #1 information have just been fetched by account #{1}. {"user_id":1} 
[2016-09-07 23:57:03] local.INFO: Information of account #{1} has just been updated. Request inputs: array (
  'first_name' => 'Jack',
  'last_name' => 'Bauer',
) {"user_id":1} 
[2016-09-07 23:57:27] local.INFO: Account #1 information have just been fetched by account #{1}. {"user_id":1} 
[2016-09-07 23:57:58] local.INFO: Information of account #{1} has just been updated. Request inputs: array (
  'first_name' => 'Doe',
  'last_name' => 'Joe',
  'phone' => '655144122',
) {"user_id":1} 
[2016-09-07 23:58:20] local.INFO: Account #1 information have just been fetched by account #{1}. {"user_id":1} 
[2016-09-07 23:58:34] local.INFO: Information of account #{1} has just been updated. Request inputs: array (
  'first_name' => 'Jack',
  'last_name' => 'Bauer',
) {"user_id":1} 
[2016-09-07 23:59:29] local.INFO: Account #1 information have just been fetched by account #{1}. {"user_id":1} 
