[2016-09-18 22:07:46] local.INFO: Successful authentication of account {"id":1,"first_name":"Jack","last_name":"Bauer","role":"INSTRUCTOR","email":"jack@domain.com","verified_status":"VERIFIED","date_created":"2016-08-10 05:26:39","date_updated":"2016-09-18 22:07:46","last_login":"2016-09-18 22:07:46","honorific":"Mr","phone":"65514410","photo":null,"subscription":"UNPAID"}. {"user_id":1} 
[2016-09-18 22:08:12] local.INFO: The new category #2 has just been created. Request inputs:  #{array (
  'name' => 'Physics',
  'shortname' => 'phys',
  'description' => 'Mathematics (from Greek μάθημα máthēma, “knowledge, study, learning”) is the study of topics such as quantity (numbers), structure, space, and change. There is a range of views among mathematicians and philosophers as to the exact scope and definition of mathematics.',
  'date_created' => '2016-09-18 22:08:12',
)}. {"user_id":1} 
[2016-09-18 22:12:12] local.INFO: The new category #3 has just been created. Request inputs:  #{array (
  'name' => 'Physics',
  'shortname' => 'phys',
  'description' => 'Physics is the natural science that involves the study of matter and its motion through space and time, along with related concepts such as energy and force. One of the most fundamental scientific disciplines, the main goal of physics is to understand how the universe behaves.',
  'date_created' => '2016-09-18 22:12:12',
)}. {"user_id":1} 
[2016-09-18 22:13:07] local.INFO: The new category #4 has just been created. Request inputs:  #{array (
  'name' => 'Chemistry',
  'shortname' => 'chemistry',
  'description' => 'Chemistry is a branch of physical science that studies the composition, structure, properties and change of matter. Chemistry includes topics such as the properties of individual atoms, how atoms form chemical bonds to create chemical compounds, the interactions of substances through intermolecular forces that give matter its general properties, and the interactions between substances through chemical reactions to form different substances',
  'date_created' => '2016-09-18 22:13:07',
)}. {"user_id":1} 
[2016-09-18 22:42:05] local.INFO: Account #1 information have just been fetched by account #{1}. {"user_id":1} 
