[2016-08-21 19:31:14] local.ERROR: Invalid attempt to create a new school with a name taken {Massachussets Institute of Technologies}. Returned code: 400. Request inputs  #array (
  'name' => 'Massachussets Institute of Technologies',
  'shortname' => 'MIT',
  'logo' => 'Company logo',
  'address' => NULL,
  'description' => NULL,
  'banner' => NULL,
  'homelink' => NULL,
  'location' => NULL,
  'location_city' => '1',
  'location_country' => '1',
  'location_lon' => NULL,
  'location_lat' => NULL,
  'website' => NULL,
  'webtwitter' => NULL,
  'webfacebook' => NULL,
  'webyoutube' => NULL,
  'pagebanner' => NULL,
). {"user_id":4} 
[2016-08-21 19:37:32] local.ERROR: SQLSTATE[23000]: Integrity constraint violation: 1062 Duplicate entry '1' for key 'location_country' (SQL: insert into `schools` (`name`, `shortname`, `logo`, `address`, `description`, `banner`, `homelink`, `location`, `location_city`, `location_country`, `location_lon`, `location_lat`, `website`, `webtwitter`, `webfacebook`, `webyoutube`, `pagebanner`, `date_created`) values (University of New Mexico, newmexico, new mexicouniversity logo, , , , , , 1, 1, , , , , , , , 2016-08-21 19:37:32)) {"user_id":4} 
[2016-08-21 19:38:55] local.ERROR: SQLSTATE[23000]: Integrity constraint violation: 1062 Duplicate entry '1' for key 'location_country' (SQL: insert into `schools` (`name`, `shortname`, `logo`, `address`, `description`, `banner`, `homelink`, `location`, `location_city`, `location_country`, `location_lon`, `location_lat`, `website`, `webtwitter`, `webfacebook`, `webyoutube`, `pagebanner`, `date_created`) values (University of New Mexico, newmexico, new mexico university logo, , , , , , 1, 1, , , , , , , , 2016-08-21 19:38:55)) {"user_id":4} 
[2016-08-21 19:40:47] local.INFO: The new school #4 has just been created. Request inputs:  #{array (
  'name' => 'University of New Mexico',
  'shortname' => 'newmexico',
  'logo' => 'new mexico university logo',
  'address' => NULL,
  'description' => NULL,
  'banner' => NULL,
  'homelink' => NULL,
  'location' => NULL,
  'location_city' => '1',
  'location_country' => '1',
  'location_lon' => NULL,
  'location_lat' => NULL,
  'website' => NULL,
  'webtwitter' => NULL,
  'webfacebook' => NULL,
  'webyoutube' => NULL,
  'pagebanner' => NULL,
  'date_created' => '2016-08-21 19:40:47',
)}. {"user_id":4} 
[2016-08-21 19:42:49] local.ERROR: Invalid attempt to create a new school with a name taken {University of New Mexico}. Returned code: 400. Request inputs  #array (
  'name' => 'University of New Mexico',
  'shortname' => 'newmexico',
  'logo' => 'new mexico university logo',
  'address' => NULL,
  'description' => NULL,
  'banner' => NULL,
  'homelink' => NULL,
  'location' => NULL,
  'location_city' => '1',
  'location_country' => '1',
  'location_lon' => NULL,
  'location_lat' => NULL,
  'website' => NULL,
  'webtwitter' => NULL,
  'webfacebook' => NULL,
  'webyoutube' => NULL,
  'pagebanner' => NULL,
). {"user_id":4} 
