[2016-09-27 19:00:59] local.INFO: Account #13 information have just been fetched by account #{13}. {"user_id":13} 
[2016-09-27 19:03:40] local.INFO: All courses has been retrieve by user #13. Request inputs: {array (
  'limit' => '5',
  'status' => NULL,
)}. {"user_id":13} 
[2016-09-27 19:08:39] local.INFO: The courses of instructor #1 has been retrieve by user # Request inputs: {array (
  'limit' => '10',
  'status' => NULL,
)}. {"user_id":1} 
[2016-09-27 19:17:37] local.INFO: Account #1 information have just been fetched by account #{1}. {"user_id":1} 
[2016-09-27 19:18:04] local.INFO: Account #1 information have just been fetched by account #{1}. {"user_id":1} 
[2016-09-27 19:20:53] local.INFO: The courses of instructor #1 has been retrieve by user # Request inputs: {array (
  'limit' => '10',
  'status' => NULL,
)}. {"user_id":1} 
[2016-09-27 19:21:06] local.INFO: The courses of instructor #1 has been retrieve by user # Request inputs: {array (
  'limit' => '10',
  'status' => NULL,
)}. {"user_id":1} 
[2016-09-27 19:21:54] local.INFO: The courses of instructor #1 has been retrieve by user # Request inputs: {array (
  'limit' => '10',
  'status' => NULL,
)}. {"user_id":1} 
[2016-09-27 19:24:06] local.INFO: Account #1 information have just been fetched by account #{1}. {"user_id":1} 
[2016-09-27 19:25:42] local.INFO: The courses of instructor #1 has been retrieve by user # Request inputs: {array (
  'limit' => '10',
  'status' => NULL,
)}. {"user_id":1} 
[2016-09-27 19:26:18] local.INFO: Account #1 information have just been fetched by account #{1}. {"user_id":1} 
[2016-09-27 19:26:42] local.INFO: Account #1 information have just been fetched by account #{1}. {"user_id":1} 
[2016-09-27 19:27:26] local.INFO: Account #1 information have just been fetched by account #{1}. {"user_id":1} 
[2016-09-27 19:27:39] local.INFO: Account #1 information have just been fetched by account #{1}. {"user_id":1} 
[2016-09-27 19:28:21] local.INFO: Account #1 information have just been fetched by account #{1}. {"user_id":1} 
[2016-09-27 19:30:40] local.INFO: Account #1 information have just been fetched by account #{1}. {"user_id":1} 
[2016-09-27 19:31:59] local.INFO: Account #1 information have just been fetched by account #{1}. {"user_id":1} 
[2016-09-27 19:35:46] local.INFO: Account #2 information have just been fetched by account #{2}. {"user_id":2} 
[2016-09-27 19:38:18] local.INFO: Account #2 information have just been fetched by account #{2}. {"user_id":2} 
[2016-09-27 19:40:27] local.INFO: Account #2 information have just been fetched by account #{2}. {"user_id":2} 
[2016-09-27 19:41:39] local.INFO: The courses of instructor #1 has been retrieve by user # Request inputs: {array (
  'limit' => '10',
  'status' => NULL,
)}. {"user_id":1} 
[2016-09-27 19:43:29] local.INFO: The courses of instructor #1 has been retrieve by user # Request inputs: {array (
  'limit' => '10',
  'status' => NULL,
)}. {"user_id":1} 
[2016-09-27 19:45:36] local.INFO: All courses has been retrieve by user #13. Request inputs: {array (
  'limit' => '10',
  'status' => NULL,
)}. {"user_id":13} 
[2016-09-27 19:45:41] local.INFO: All courses has been retrieve by user #13. Request inputs: {array (
  'limit' => '10',
  'status' => NULL,
)}. {"user_id":13} 
[2016-09-27 19:45:48] local.INFO: All courses has been retrieve by user #13. Request inputs: {array (
  'limit' => '10',
  'status' => NULL,
)}. {"user_id":13} 
[2016-09-27 19:46:16] local.INFO: The courses of instructor #2 has been retrieve by user # Request inputs: {array (
  'limit' => '10',
  'status' => NULL,
)}. {"user_id":2} 
[2016-09-27 19:49:22] local.INFO: All courses has been retrieve by user #13. Request inputs: {array (
  'limit' => '10',
  'status' => NULL,
)}. {"user_id":13} 
[2016-09-27 19:56:09] local.INFO: Account #13 information have just been fetched by account #{13}. {"user_id":13} 
