[2016-09-15 21:00:11] local.ERROR: Invalid attempt to authenticate an account with inputs {array (
  'email' => 'jack@domain.com',
  'password' => 'passwordd',
)}.  
[2016-09-15 21:00:13] local.INFO: Successful authentication of account {"id":1,"first_name":"Jack","last_name":"Bauer","role":"INSTRUCTOR","email":"jack@domain.com","verified_status":"VERIFIED","date_created":"2016-08-10 05:26:39","date_updated":"2016-09-15 21:00:13","last_login":"2016-09-15 21:00:13","honorific":"Mr","phone":"655144122","photo":null,"subscription":"UNPAID"}. {"user_id":1} 
[2016-09-15 21:00:14] local.INFO: Account #1 information have just been fetched by account #{1}. {"user_id":1} 
[2016-09-15 21:06:49] local.INFO: Account #1 information have just been fetched by account #{1}. {"user_id":1} 
[2016-09-15 21:23:30] local.INFO: Account #1 information have just been fetched by account #{1}. {"user_id":1} 
[2016-09-15 21:23:35] local.INFO: Account #1 information have just been fetched by account #{1}. {"user_id":1} 
[2016-09-15 21:23:47] local.INFO: Account #1 information have just been fetched by account #{1}. {"user_id":1} 
[2016-09-15 21:23:54] local.INFO: Account #1 information have just been fetched by account #{1}. {"user_id":1} 
[2016-09-15 21:25:33] local.INFO: Account #1 information have just been fetched by account #{1}. {"user_id":1} 
[2016-09-15 21:29:16] local.INFO: Account #1 information have just been fetched by account #{1}. {"user_id":1} 
[2016-09-15 21:29:19] local.INFO: Information of account #{1} has just been updated. Request inputs: array (
  'first_name' => 'Jack',
  'last_name' => 'Bauer',
  'honorific' => 'Mr',
  'phone' => '655144122',
) {"user_id":1} 
[2016-09-15 21:29:20] local.INFO: Account #1 information have just been fetched by account #{1}. {"user_id":1} 
[2016-09-15 21:29:42] local.INFO: Information of account #{1} has just been updated. Request inputs: array (
  'first_name' => 'Jack Allan',
  'last_name' => 'Bauer',
  'honorific' => 'Mr',
  'phone' => '655144109',
) {"user_id":1} 
[2016-09-15 21:29:43] local.INFO: Account #1 information have just been fetched by account #{1}. {"user_id":1} 
[2016-09-15 21:29:48] local.INFO: Account #1 information have just been fetched by account #{1}. {"user_id":1} 
[2016-09-15 21:29:57] local.INFO: Information of account #{1} has just been updated. Request inputs: array (
  'first_name' => 'Jack',
  'last_name' => 'Bauer',
  'honorific' => 'Mr',
  'phone' => '655144109',
) {"user_id":1} 
[2016-09-15 21:29:57] local.INFO: Account #1 information have just been fetched by account #{1}. {"user_id":1} 
[2016-09-15 21:55:43] local.INFO: Information of account #{1} has just been updated. Request inputs: array (
  'first_name' => 'Jack',
  'last_name' => 'Bauer',
  'honorific' => 'Mr',
  'phone' => '65514410',
) {"user_id":1} 
[2016-09-15 21:55:44] local.INFO: Account #1 information have just been fetched by account #{1}. {"user_id":1} 
[2016-09-15 21:57:17] local.INFO: Account #1 information have just been fetched by account #{1}. {"user_id":1} 
[2016-09-15 21:57:21] local.INFO: Information of account #{1} has just been updated. Request inputs: array (
  'first_name' => 'Jack',
  'last_name' => 'Bauer',
  'honorific' => 'Mr',
  'phone' => '65514411',
) {"user_id":1} 
[2016-09-15 21:57:22] local.INFO: Account #1 information have just been fetched by account #{1}. {"user_id":1} 
