[2016-10-30 13:01:35] local.INFO: Account #1 information have just been fetched by account #{1}. {"user_id":1} 
[2016-10-30 13:03:30] local.INFO: Account #1 information have just been fetched by account #{1}. {"user_id":1} 
[2016-10-30 13:04:49] local.INFO: Account #1 information have just been fetched by account #{1}. {"user_id":1} 
[2016-10-30 13:06:08] local.INFO: Account #1 information have just been fetched by account #{1}. {"user_id":1} 
[2016-10-30 13:10:00] local.INFO: Account #1 information have just been fetched by account #{1}. {"user_id":1} 
[2016-10-30 13:10:33] local.INFO: Account #1 information have just been fetched by account #{1}. {"user_id":1} 
[2016-10-30 13:27:04] local.INFO: Account #1 information have just been fetched by account #{1}. {"user_id":1} 
[2016-10-30 13:38:43] local.INFO: Account #1 information have just been fetched by account #{1}. {"user_id":1} 
[2016-10-30 13:39:02] local.INFO: Account #1 information have just been fetched by account #{1}. {"user_id":1} 
[2016-10-30 13:39:23] local.INFO: Account #1 information have just been fetched by account #{1}. {"user_id":1} 
[2016-10-30 13:49:39] local.INFO: Account #1 information have just been fetched by account #{1}. {"user_id":1} 
[2016-10-30 13:54:12] local.INFO: All courses have been retrieve by user #. Request inputs: {array (
  'limit' => '20',
  'status' => NULL,
)}.  
[2016-10-30 13:54:41] local.INFO: Successful authentication of account {"id":1,"first_name":"Jack","last_name":"Bauer","role":"INSTRUCTOR","email":"jack@domain.com","verified_status":"VERIFIED","date_created":"2016-08-10 05:26:39","date_updated":"2016-10-30 13:54:41","last_login":"2016-10-30 13:54:41","honorific":"Ms","phone":"65514410","photo":null,"subscription":"UNPAID"}. {"user_id":1} 
[2016-10-30 13:54:44] local.INFO: Account #1 information have just been fetched by account #{1}. {"user_id":1} 
[2016-10-30 13:54:51] local.INFO: Account #1 information have just been fetched by account #{1}. {"user_id":1} 
[2016-10-30 13:56:03] local.INFO: Account #1 information have just been fetched by account #{1}. {"user_id":1} 
[2016-10-30 13:56:23] local.INFO: Account #1 information have just been fetched by account #{1}. {"user_id":1} 
[2016-10-30 13:57:35] local.INFO: The courses of instructor #'1' has been retrieve. Request inputs: {array (
  'limit' => '10',
  'status' => NULL,
)}. {"user_id":1} 
[2016-10-30 13:57:35] local.INFO: Account #1 information have just been fetched by account #{1}. {"user_id":1} 
[2016-10-30 13:58:00] local.INFO: The courses of instructor #'1' has been retrieve. Request inputs: {array (
  'limit' => '10',
  'status' => NULL,
)}. {"user_id":1} 
[2016-10-30 13:58:13] local.INFO: Account #1 information have just been fetched by account #{1}. {"user_id":1} 
