[2016-10-11 21:04:55] local.INFO: All courses have been retrieve by user #13. Request inputs: {array (
  'limit' => '1',
  'status' => NULL,
  'requestedby' => NULL,
)}. {"user_id":13} 
[2016-10-11 21:09:37] local.ERROR: Expected key (requestedby) in parameter  array. {"user_id":1} 
[2016-10-11 21:09:37] local.INFO: All courses have been retrieve by user #1. Request inputs: {array (
  'limit' => 12,
  'status' => NULL,
)}. {"user_id":1} 
[2016-10-11 21:11:37] local.INFO: All courses have been retrieve by user #1. Request inputs: {array (
  'limit' => 12,
  'status' => NULL,
  'requestedby' => NULL,
)}. {"user_id":1} 
[2016-10-11 21:13:15] local.ERROR: SQLSTATE[42S22]: Column not found: 1054 Unknown column 'course ' in 'where clause' (SQL: select `accounts`.`first_name`, `accounts`.`last_name`, `join_courses`.`status`, `join_courses`.`requestedby`, `courses`.* from `join_courses` inner join `accounts` on `accounts`.`id` = `join_courses`.`account` inner join `courses` on `courses`.`id` = `join_courses`.`course` where `accounts`.`delete_status` = 0 and `course ` = 1 order by `join_courses`.`date_requested` desc limit 13 offset 0) {"user_id":1} 
[2016-10-11 21:13:15] local.INFO: All courses have been retrieve by user #1. Request inputs: {array (
  'limit' => 12,
  'status' => NULL,
  'requestedby' => NULL,
)}. {"user_id":1} 
