[2016-09-26 22:16:56] local.INFO: Account #13 information have just been fetched by account #{13}. {"user_id":13} 
[2016-09-26 22:16:57] local.INFO: All courses has been retrieve by user #13. Request inputs: {array (
  'limit' => '10',
  'status' => NULL,
)}. {"user_id":13} 
[2016-09-26 22:17:19] local.INFO: The courses of instructor #2 has been retrieve by user # Request inputs: {array (
  'limit' => '10',
  'status' => NULL,
)}. {"user_id":2} 
[2016-09-26 22:22:38] local.INFO: Account #13 information have just been fetched by account #{13}. {"user_id":13} 
[2016-09-26 22:22:38] local.INFO: All courses has been retrieve by user #13. Request inputs: {array (
  'limit' => '10',
  'status' => NULL,
)}. {"user_id":13} 
[2016-09-26 22:23:08] local.INFO: Account #13 information have just been fetched by account #{13}. {"user_id":13} 
[2016-09-26 22:23:17] local.INFO: Account #13 information have just been fetched by account #{13}. {"user_id":13} 
[2016-09-26 22:23:18] local.INFO: All courses has been retrieve by user #13. Request inputs: {array (
  'limit' => '10',
  'status' => NULL,
)}. {"user_id":13} 
[2016-09-26 22:24:36] local.INFO: Account #13 information have just been fetched by account #{13}. {"user_id":13} 
[2016-09-26 22:24:37] local.INFO: All courses has been retrieve by user #13. Request inputs: {array (
  'limit' => '10',
  'status' => NULL,
)}. {"user_id":13} 
[2016-09-26 22:25:32] local.INFO: Account #13 information have just been fetched by account #{13}. {"user_id":13} 
[2016-09-26 22:26:21] local.INFO: All courses has been retrieve by user #13. Request inputs: {array (
  'limit' => '10',
  'status' => NULL,
)}. {"user_id":13} 
[2016-09-26 22:26:21] local.INFO: Account #13 information have just been fetched by account #{13}. {"user_id":13} 
[2016-09-26 22:27:39] local.INFO: All courses has been retrieve by user #13. Request inputs: {array (
  'limit' => '10',
  'status' => NULL,
)}. {"user_id":13} 
[2016-09-26 22:28:18] local.INFO: All courses has been retrieve by user #13. Request inputs: {array (
  'limit' => '10',
  'status' => NULL,
)}. {"user_id":13} 
[2016-09-26 22:28:18] local.INFO: Account #13 information have just been fetched by account #{13}. {"user_id":13} 
[2016-09-26 22:29:02] local.INFO: All courses has been retrieve by user #13. Request inputs: {array (
  'limit' => '10',
  'status' => NULL,
)}. {"user_id":13} 
[2016-09-26 22:29:02] local.INFO: Account #13 information have just been fetched by account #{13}. {"user_id":13} 
[2016-09-26 22:29:57] local.INFO: All courses has been retrieve by user #13. Request inputs: {array (
  'limit' => '10',
  'status' => NULL,
)}. {"user_id":13} 
[2016-09-26 22:30:48] local.INFO: All courses has been retrieve by user #13. Request inputs: {array (
  'limit' => '10',
  'status' => NULL,
)}. {"user_id":13} 
[2016-09-26 22:32:01] local.INFO: All courses has been retrieve by user #13. Request inputs: {array (
  'limit' => '10',
  'status' => NULL,
)}. {"user_id":13} 
[2016-09-26 22:32:01] local.INFO: Account #13 information have just been fetched by account #{13}. {"user_id":13} 
[2016-09-26 22:33:58] local.INFO: All courses has been retrieve by user #13. Request inputs: {array (
  'limit' => '10',
  'status' => NULL,
)}. {"user_id":13} 
[2016-09-26 22:37:27] local.INFO: All courses has been retrieve by user #13. Request inputs: {array (
  'limit' => '10',
  'status' => NULL,
)}. {"user_id":13} 
[2016-09-26 22:37:27] local.INFO: Account #13 information have just been fetched by account #{13}. {"user_id":13} 
[2016-09-26 22:38:44] local.INFO: All courses has been retrieve by user #13. Request inputs: {array (
  'limit' => '10',
  'status' => NULL,
)}. {"user_id":13} 
[2016-09-26 22:41:21] local.INFO: Account #13 information have just been fetched by account #{13}. {"user_id":13} 
[2016-09-26 22:41:21] local.INFO: All courses has been retrieve by user #13. Request inputs: {array (
  'limit' => '10',
  'status' => NULL,
)}. {"user_id":13} 
[2016-09-26 22:41:56] local.INFO: All courses has been retrieve by user #13. Request inputs: {array (
  'limit' => '10',
  'status' => NULL,
)}. {"user_id":13} 
[2016-09-26 22:42:13] local.INFO: Account #13 information have just been fetched by account #{13}. {"user_id":13} 
[2016-09-26 22:42:22] local.INFO: Account #13 information have just been fetched by account #{13}. {"user_id":13} 
[2016-09-26 22:42:22] local.INFO: All courses has been retrieve by user #13. Request inputs: {array (
  'limit' => '10',
  'status' => NULL,
)}. {"user_id":13} 
