[2016-11-06 20:00:01] local.INFO: user searched courses. Query :% database % Number of rows found: 1  
[2016-11-06 20:01:01] local.INFO: user searched courses. Query :% database % Number of rows found: 1  
[2016-11-06 20:01:12] local.INFO: user searched courses. Query :% matlab % Number of rows found: 1  
[2016-11-06 20:02:34] local.INFO: user searched courses. Query :% intro % Number of rows found: 5  
[2016-11-06 20:03:04] local.INFO: user searched courses. Query :% math % Number of rows found: 4  
[2016-11-06 20:07:34] local.INFO: user searched courses. Query :% math % Number of rows found: 4  
[2016-11-06 20:07:48] local.INFO: user searched courses. Query :% math % Number of rows found: 4  
[2016-11-06 20:08:04] local.INFO: user searched courses. Query :% math % Number of rows found: 4  
[2016-11-06 20:08:46] local.INFO: user searched courses. Query :% mathematic % Number of rows found: 4  
[2016-11-06 20:08:52] local.INFO: user searched courses. Query :% database % Number of rows found: 1  
[2016-11-06 20:09:21] local.INFO: user searched courses. Query :% database % Number of rows found: 1  
[2016-11-06 20:10:11] local.INFO: user searched courses. Query :% database % Number of rows found: 1  
[2016-11-06 20:10:20] local.INFO: user searched courses. Query :% computer science % Number of rows found: 2  
[2016-11-06 20:16:30] local.INFO: Account #1 information have just been fetched by account #{1}. {"user_id":1} 
[2016-11-06 20:16:50] local.INFO: user searched courses. Query :% math % Number of rows found: 4  
[2016-11-06 20:18:32] local.INFO: user searched courses. Query : % programming % Number of rows found: 0  
[2016-11-06 20:20:54] local.INFO: user searched courses. Query : % programming % Number of rows found: 0  
[2016-11-06 20:21:47] local.INFO: user searched courses. Query : % programming % Number of rows found: 0  
[2016-11-06 20:22:26] local.INFO: user searched courses. Query : % programming % Number of rows found: 0  
[2016-11-06 20:23:44] local.INFO: user searched courses. Query :% data % Number of rows found: 1  
[2016-11-06 20:23:58] local.INFO: user searched courses. Query : % chemistry % Number of rows found: 0  
[2016-11-06 20:24:27] local.INFO: user searched courses. Query :% math % Number of rows found: 4  
