[2016-09-25 07:00:21] local.INFO: Successful authentication of account {"id":1,"first_name":"Jack","last_name":"Bauer","role":"INSTRUCTOR","email":"jack@domain.com","verified_status":"VERIFIED","date_created":"2016-08-10 05:26:39","date_updated":"2016-09-25 07:00:20","last_login":"2016-09-25 07:00:20","honorific":"Mr","phone":"65514410","photo":null,"subscription":"UNPAID"}. {"user_id":1} 
[2016-09-25 07:00:22] local.INFO: Account #1 information have just been fetched by account #{1}. {"user_id":1} 
[2016-09-25 07:00:46] local.INFO: The courses of instructor #1 has been retrieve by user # Request inputs: {array (
  'limit' => '1',
  'status' => NULL,
)}. {"user_id":1} 
[2016-09-25 07:01:59] local.INFO: The courses of instructor #1 has been retrieve by user # Request inputs: {array (
  'limit' => '1',
  'status' => NULL,
)}. {"user_id":1} 
[2016-09-25 07:12:08] local.INFO: The courses of instructor #1 has been retrieve by user # Request inputs: {array (
  'limit' => '1',
  'status' => NULL,
)}. {"user_id":1} 
[2016-09-25 07:13:09] local.INFO: The courses of instructor #1 has been retrieve by user # Request inputs: {array (
  'limit' => '1',
  'status' => NULL,
)}. {"user_id":1} 
[2016-09-25 07:13:43] local.INFO: The courses of instructor #1 has been retrieve by user # Request inputs: {array (
  'limit' => '2',
  'status' => NULL,
)}. {"user_id":1} 
[2016-09-25 07:21:50] local.INFO: The courses of instructor #1 has been retrieve by user # Request inputs: {array (
  'limit' => 10,
  'status' => NULL,
)}. {"user_id":1} 
[2016-09-25 07:23:19] local.INFO: The courses of instructor #1 has been retrieve by user # Request inputs: {array (
  'limit' => 10,
  'status' => NULL,
)}. {"user_id":1} 
[2016-09-25 07:23:47] local.INFO: The courses of instructor #1 has been retrieve by user # Request inputs: {array (
  'limit' => '2',
  'status' => NULL,
)}. {"user_id":1} 
[2016-09-25 07:28:29] local.INFO: The courses of instructor #1 has been retrieve by user # Request inputs: {array (
  'limit' => '2',
  'status' => NULL,
)}. {"user_id":1} 
[2016-09-25 07:28:39] local.INFO: The courses of instructor #1 has been retrieve by user # Request inputs: {array (
  'limit' => '2',
  'status' => NULL,
)}. {"user_id":1} 
[2016-09-25 07:32:25] local.INFO: The courses of instructor #1 has been retrieve by user # Request inputs: {array (
  'limit' => '2',
  'status' => NULL,
)}. {"user_id":1} 
[2016-09-25 07:35:01] local.INFO: The courses of instructor #1 has been retrieve by user # Request inputs: {array (
  'limit' => '2',
  'status' => NULL,
)}. {"user_id":1} 
[2016-09-25 07:35:08] local.INFO: The courses of instructor #1 has been retrieve by user # Request inputs: {array (
  'limit' => 10,
  'status' => NULL,
)}. {"user_id":1} 
[2016-09-25 07:38:22] local.INFO: The courses of instructor #1 has been retrieve by user # Request inputs: {array (
  'limit' => '2',
  'status' => NULL,
)}. {"user_id":1} 
[2016-09-25 07:38:47] local.INFO: The courses of instructor #1 has been retrieve by user # Request inputs: {array (
  'limit' => '2',
  'status' => NULL,
)}. {"user_id":1} 
[2016-09-25 07:39:13] local.INFO: The courses of instructor #1 has been retrieve by user # Request inputs: {array (
  'limit' => '2',
  'status' => NULL,
)}. {"user_id":1} 
[2016-09-25 07:39:28] local.INFO: The courses of instructor #1 has been retrieve by user # Request inputs: {array (
  'limit' => 10,
  'status' => NULL,
)}. {"user_id":1} 
[2016-09-25 07:39:41] local.INFO: The courses of instructor #1 has been retrieve by user # Request inputs: {array (
  'limit' => '2',
  'status' => NULL,
)}. {"user_id":1} 
[2016-09-25 07:40:22] local.INFO: The courses of instructor #1 has been retrieve by user # Request inputs: {array (
  'limit' => '2',
  'status' => NULL,
)}. {"user_id":1} 
[2016-09-25 07:40:57] local.INFO: The courses of instructor #1 has been retrieve by user # Request inputs: {array (
  'limit' => '2',
  'status' => NULL,
)}. {"user_id":1} 
[2016-09-25 07:42:50] local.INFO: The courses of instructor #1 has been retrieve by user # Request inputs: {array (
  'limit' => '2',
  'status' => NULL,
)}. {"user_id":1} 
[2016-09-25 07:42:57] local.INFO: The courses of instructor #1 has been retrieve by user # Request inputs: {array (
  'limit' => 10,
  'status' => NULL,
)}. {"user_id":1} 
[2016-09-25 07:46:22] local.INFO: The courses of instructor #1 has been retrieve by user # Request inputs: {array (
  'limit' => '2',
  'status' => NULL,
)}. {"user_id":1} 
[2016-09-25 07:46:28] local.INFO: The courses of instructor #1 has been retrieve by user # Request inputs: {array (
  'limit' => 10,
  'status' => NULL,
)}. {"user_id":1} 
[2016-09-25 07:46:39] local.INFO: The courses of instructor #1 has been retrieve by user # Request inputs: {array (
  'limit' => 10,
  'status' => NULL,
)}. {"user_id":1} 
