[2016-10-18 06:21:59] local.INFO: Successful authentication of account {"id":13,"first_name":"Bill","last_name":"Buckanan","role":"LEARNER","email":"bill@domain.com","verified_status":"VERIFIED","date_created":"2016-08-28 10:18:51","date_updated":"2016-10-18 06:21:58","last_login":"2016-10-18 06:21:58","honorific":"Mr","phone":"655134682","photo":null,"subscription":"UNPAID"}. {"user_id":13} 
[2016-10-18 06:22:02] local.INFO: Account #13 information have just been fetched by account #{13}. {"user_id":13} 
[2016-10-18 06:23:37] local.INFO: Account #13 information have just been fetched by account #{13}. {"user_id":13} 
[2016-10-18 06:27:14] local.INFO: Account #13 information have just been fetched by account #{13}. {"user_id":13} 
[2016-10-18 06:32:23] local.ERROR: Target [Illuminate\Contracts\Notifications\Dispatcher] is not instantiable.  
[2016-10-18 06:33:46] local.ERROR: Invalid attempt to authenticate a non verified account {"id":41,"first_name":"Onesime","last_name":"Yontchou","role":"LEARNER","email":"yonesime@gmail.com","verified_status":"PENDING","date_created":"2016-10-18 06:32:23","date_updated":null,"last_login":null,"honorific":"Mr","phone":null,"photo":null,"subscription":"UNPAID"}  
[2016-10-18 06:36:24] local.INFO: Successful authentication of account {"id":41,"first_name":"Onesime","last_name":"Yontchou","role":"LEARNER","email":"yonesime@gmail.com","verified_status":"VERIFIED","date_created":"2016-10-18 06:32:23","date_updated":"2016-10-18 06:36:24","last_login":"2016-10-18 06:36:24","honorific":"Mr","phone":null,"photo":null,"subscription":"UNPAID"}. {"user_id":41} 
[2016-10-18 06:36:27] local.INFO: Account #41 information have just been fetched by account #{41}. {"user_id":41} 
[2016-10-18 06:36:39] local.INFO: Account #41 information have just been fetched by account #{41}. {"user_id":41} 
[2016-10-18 06:37:57] local.INFO: Account #41 information have just been fetched by account #{41}. {"user_id":41} 
[2016-10-18 06:37:57] local.INFO: All courses have been retrieve by user #41. Request inputs: {array (
  'limit' => '10',
  'status' => NULL,
)}. {"user_id":41} 
[2016-10-18 06:38:36] local.INFO: Successful authentication of account {"id":1,"first_name":"Jack","last_name":"Bauer","role":"INSTRUCTOR","email":"jack@domain.com","verified_status":"VERIFIED","date_created":"2016-08-10 05:26:39","date_updated":"2016-10-18 06:38:36","last_login":"2016-10-18 06:38:36","honorific":"Mr","phone":"65514410","photo":null,"subscription":"UNPAID"}. {"user_id":1} 
[2016-10-18 06:38:39] local.INFO: Account #1 information have just been fetched by account #{1}. {"user_id":1} 
[2016-10-18 06:39:52] local.INFO: Account #1 information have just been fetched by account #{1}. {"user_id":1} 
[2016-10-18 06:40:29] local.INFO: The courses of instructor #'1' has been retrieve. Request inputs: {array (
  'limit' => '10',
  'status' => NULL,
)}. {"user_id":1} 
[2016-10-18 06:42:47] local.INFO: Successful authentication of account {"id":1,"first_name":"Jack","last_name":"Bauer","role":"INSTRUCTOR","email":"jack@domain.com","verified_status":"VERIFIED","date_created":"2016-08-10 05:26:39","date_updated":"2016-10-18 06:42:46","last_login":"2016-10-18 06:42:46","honorific":"Mr","phone":"65514410","photo":null,"subscription":"UNPAID"}. {"user_id":1} 
[2016-10-18 06:42:50] local.INFO: Account #1 information have just been fetched by account #{1}. {"user_id":1} 
[2016-10-18 06:43:00] local.INFO: Account #1 information have just been fetched by account #{1}. {"user_id":1} 
[2016-10-18 06:43:11] local.INFO: Information of account #{1} has just been updated. Request inputs: array (
  'first_name' => 'Jack',
  'last_name' => 'Bauer',
  'honorific' => 'Ms',
  'phone' => '65514410',
) {"user_id":1} 
[2016-10-18 06:43:12] local.INFO: Account #1 information have just been fetched by account #{1}. {"user_id":1} 
[2016-10-18 06:43:26] local.INFO: Account #1 information have just been fetched by account #{1}. {"user_id":1} 
[2016-10-18 06:43:36] local.INFO: Account #1 information have just been fetched by account #{1}. {"user_id":1} 
[2016-10-18 06:43:57] local.INFO: The courses of instructor #'1' has been retrieve. Request inputs: {array (
  'limit' => '10',
  'status' => NULL,
)}. {"user_id":1} 
[2016-10-18 06:43:57] local.INFO: Account #1 information have just been fetched by account #{1}. {"user_id":1} 
[2016-10-18 06:44:13] local.INFO: Account #1 information have just been fetched by account #{1}. {"user_id":1} 
[2016-10-18 06:44:18] local.INFO: Account #1 information have just been fetched by account #{1}. {"user_id":1} 
