[2016-09-24 18:00:55] local.INFO: All courses has been retrieve by user #1. Request inputs: {array (
  'limit' => 10,
  'status' => NULL,
)}. {"user_id":1} 
[2016-09-24 18:01:21] local.INFO: All courses has been retrieve by user #1. Request inputs: {array (
  'limit' => 10,
  'status' => NULL,
)}. {"user_id":1} 
[2016-09-24 18:03:06] local.INFO: All courses has been retrieve by user #1. Request inputs: {array (
  'limit' => 10,
  'status' => NULL,
)}. {"user_id":1} 
[2016-09-24 18:03:32] local.INFO: All courses has been retrieve by user #1. Request inputs: {array (
  'limit' => 10,
  'status' => NULL,
)}. {"user_id":1} 
[2016-09-24 18:04:04] local.INFO: All courses has been retrieve by user #1. Request inputs: {array (
  'limit' => 10,
  'status' => NULL,
)}. {"user_id":1} 
[2016-09-24 18:04:18] local.INFO: All courses has been retrieve by user #1. Request inputs: {array (
  'limit' => 10,
  'status' => NULL,
)}. {"user_id":1} 
[2016-09-24 18:04:31] local.INFO: All courses has been retrieve by user #1. Request inputs: {array (
  'limit' => 10,
  'status' => NULL,
)}. {"user_id":1} 
[2016-09-24 18:04:37] local.INFO: All courses has been retrieve by user #1. Request inputs: {array (
  'limit' => 10,
  'status' => NULL,
)}. {"user_id":1} 
[2016-09-24 18:05:09] local.INFO: All courses has been retrieve by user #1. Request inputs: {array (
  'limit' => 10,
  'status' => NULL,
)}. {"user_id":1} 
[2016-09-24 18:05:27] local.INFO: All courses has been retrieve by user #1. Request inputs: {array (
  'limit' => 10,
  'status' => NULL,
)}. {"user_id":1} 
[2016-09-24 18:09:06] local.INFO: All courses has been retrieve by user #1. Request inputs: {array (
  'limit' => 10,
  'status' => NULL,
)}. {"user_id":1} 
[2016-09-24 18:09:12] local.INFO: All courses has been retrieve by user #1. Request inputs: {array (
  'limit' => 10,
  'status' => NULL,
)}. {"user_id":1} 
[2016-09-24 18:09:38] local.INFO: All courses has been retrieve by user #1. Request inputs: {array (
  'limit' => 10,
  'status' => NULL,
)}. {"user_id":1} 
[2016-09-24 18:09:53] local.INFO: All courses has been retrieve by user #1. Request inputs: {array (
  'limit' => 10,
  'status' => NULL,
)}. {"user_id":1} 
[2016-09-24 18:12:25] local.INFO: All courses has been retrieve by user #1. Request inputs: {array (
  'limit' => 10,
  'status' => NULL,
)}. {"user_id":1} 
[2016-09-24 18:12:44] local.INFO: All courses has been retrieve by user #1. Request inputs: {array (
  'limit' => 10,
  'status' => NULL,
)}. {"user_id":1} 
[2016-09-24 18:16:02] local.INFO: Account #1 information have just been fetched by account #{1}. {"user_id":1} 
[2016-09-24 18:16:33] local.INFO: Account #1 information have just been fetched by account #{1}. {"user_id":1} 
[2016-09-24 18:16:53] local.INFO: Account #1 information have just been fetched by account #{1}. {"user_id":1} 
[2016-09-24 18:17:06] local.INFO: All courses has been retrieve by user #1. Request inputs: {array (
  'limit' => 10,
  'status' => NULL,
)}. {"user_id":1} 
[2016-09-24 18:21:34] local.INFO: All courses has been retrieve by user #1. Request inputs: {array (
  'limit' => 10,
  'status' => NULL,
)}. {"user_id":1} 
[2016-09-24 18:21:57] local.INFO: All courses has been retrieve by user #1. Request inputs: {array (
  'limit' => 10,
  'status' => NULL,
)}. {"user_id":1} 
