[2016-09-28 22:53:44] local.INFO: Account #13 information have just been fetched by account #{13}. {"user_id":13} 
[2016-09-28 22:53:45] local.INFO: All courses has been retrieve by user #13. Request inputs: {array (
  'limit' => '4',
  'status' => NULL,
)}. {"user_id":13} 
[2016-09-28 22:54:06] local.INFO: All courses has been retrieve by user #13. Request inputs: {array (
  'limit' => '4',
  'status' => NULL,
)}. {"user_id":13} 
[2016-09-28 22:54:39] local.INFO: All courses has been retrieve by user #13. Request inputs: {array (
  'limit' => '4',
  'status' => NULL,
)}. {"user_id":13} 
[2016-09-28 22:54:45] local.INFO: All courses has been retrieve by user #13. Request inputs: {array (
  'limit' => '4',
  'status' => NULL,
)}. {"user_id":13} 
[2016-09-28 22:54:49] local.INFO: All courses has been retrieve by user #13. Request inputs: {array (
  'limit' => '4',
  'status' => NULL,
)}. {"user_id":13} 
[2016-09-28 22:55:39] local.INFO: All courses has been retrieve by user #13. Request inputs: {array (
  'limit' => '4',
  'status' => NULL,
)}. {"user_id":13} 
[2016-09-28 22:55:43] local.INFO: All courses has been retrieve by user #13. Request inputs: {array (
  'limit' => '4',
  'status' => NULL,
)}. {"user_id":13} 
[2016-09-28 22:56:05] local.INFO: All courses has been retrieve by user #13. Request inputs: {array (
  'limit' => '4',
  'status' => NULL,
)}. {"user_id":13} 
[2016-09-28 22:56:18] local.INFO: All courses has been retrieve by user #13. Request inputs: {array (
  'limit' => '4',
  'status' => NULL,
)}. {"user_id":13} 
[2016-09-28 22:56:30] local.INFO: All courses has been retrieve by user #13. Request inputs: {array (
  'limit' => '4',
  'status' => NULL,
)}. {"user_id":13} 
[2016-09-28 22:56:44] local.INFO: All courses has been retrieve by user #13. Request inputs: {array (
  'limit' => '4',
  'status' => NULL,
)}. {"user_id":13} 
[2016-09-28 22:59:11] local.INFO: All courses has been retrieve by user #13. Request inputs: {array (
  'limit' => '4',
  'status' => NULL,
)}. {"user_id":13} 
[2016-09-28 22:59:44] local.INFO: Account #13 information have just been fetched by account #{13}. {"user_id":13} 
[2016-09-28 22:59:50] local.INFO: Account #13 information have just been fetched by account #{13}. {"user_id":13} 
