[2017-03-12 17:15:36] local.INFO: Successful authentication of account {"id":1,"first_name":"Jack","last_name":"Bauer","role":"INSTRUCTOR","email":"jack@domain.com","verified_status":"VERIFIED","date_created":"2016-08-10 05:26:39","date_updated":"2017-03-12 17:15:36","last_login":"2017-03-12 17:15:36","honorific":"Mr","phone":"65514410","photo":null,"subscription":"UNPAID"}. {"user_id":1} 
[2017-03-12 17:15:42] local.INFO: Account #1 information have just been fetched by account #{1}. {"user_id":1} 
[2017-03-12 17:15:48] local.INFO: Account #1 information have just been fetched by account #{1}. {"user_id":1} 
[2017-03-12 17:15:50] local.INFO: All course  categories have been retrieve by user #1. Request inputs: {array (
  'type' => 'course',
  'limit' => 20,
)}. {"user_id":1} 
[2017-03-12 17:16:04] local.INFO: The information of course #22 has been retrieve. {"user_id":1} 
[2017-03-12 17:17:54] local.INFO: Account #1 information have just been fetched by account #{1}. {"user_id":1} 
[2017-03-12 17:17:55] local.INFO: All course  categories have been retrieve by user #1. Request inputs: {array (
  'type' => 'course',
  'limit' => 20,
)}. {"user_id":1} 
[2017-03-12 17:17:55] local.INFO: The courses of instructor #'1' has been retrieve. Request inputs: {array (
  'limit' => '10',
  'status' => NULL,
)}. {"user_id":1} 
[2017-03-12 17:21:44] local.INFO: Account #1 information have just been fetched by account #{1}. {"user_id":1} 
[2017-03-12 17:21:45] local.INFO: The courses of instructor #'1' has been retrieve. Request inputs: {array (
  'limit' => '10',
  'status' => NULL,
)}. {"user_id":1} 
[2017-03-12 17:21:45] local.INFO: All course  categories have been retrieve by user #1. Request inputs: {array (
  'type' => 'course',
  'limit' => 20,
)}. {"user_id":1} 
[2017-03-12 17:22:03] local.INFO: The information of course #22 has been retrieve. {"user_id":1} 
[2017-03-12 17:22:34] local.INFO: Account #1 information have just been fetched by account #{1}. {"user_id":1} 
[2017-03-12 17:22:35] local.INFO: All course  categories have been retrieve by user #1. Request inputs: {array (
  'type' => 'course',
  'limit' => 20,
)}. {"user_id":1} 
[2017-03-12 17:22:55] local.INFO: Account #1 information have just been fetched by account #{1}. {"user_id":1} 
[2017-03-12 17:22:56] local.INFO: All course  categories have been retrieve by user #1. Request inputs: {array (
  'type' => 'course',
  'limit' => 20,
)}. {"user_id":1} 
[2017-03-12 17:24:17] local.INFO: Account #1 information have just been fetched by account #{1}. {"user_id":1} 
[2017-03-12 17:24:18] local.INFO: All course  categories have been retrieve by user #1. Request inputs: {array (
  'type' => 'course',
  'limit' => 20,
)}. {"user_id":1} 
[2017-03-12 17:24:18] local.INFO: The courses of instructor #'1' has been retrieve. Request inputs: {array (
  'limit' => '10',
  'status' => NULL,
)}. {"user_id":1} 
[2017-03-12 17:24:30] local.INFO: The information of course #22 has been retrieve. {"user_id":1} 
[2017-03-12 17:26:30] local.INFO: Account #1 information have just been fetched by account #{1}. {"user_id":1} 
[2017-03-12 17:26:31] local.INFO: All course  categories have been retrieve by user #1. Request inputs: {array (
  'type' => 'course',
  'limit' => 20,
)}. {"user_id":1} 
[2017-03-12 17:35:19] local.INFO: Account #1 information have just been fetched by account #{1}. {"user_id":1} 
[2017-03-12 17:35:20] local.INFO: The courses of instructor #'1' has been retrieve. Request inputs: {array (
  'limit' => '10',
  'status' => NULL,
)}. {"user_id":1} 
[2017-03-12 17:35:20] local.INFO: All course  categories have been retrieve by user #1. Request inputs: {array (
  'type' => 'course',
  'limit' => 20,
)}. {"user_id":1} 
[2017-03-12 17:36:21] local.INFO: The information of course #20 has been retrieve. {"user_id":1} 
[2017-03-12 17:38:52] local.INFO: Account #1 information have just been fetched by account #{1}. {"user_id":1} 
[2017-03-12 17:38:54] local.INFO: All course  categories have been retrieve by user #1. Request inputs: {array (
  'type' => 'course',
  'limit' => 20,
)}. {"user_id":1} 
[2017-03-12 17:38:54] local.INFO: The courses of instructor #'1' has been retrieve. Request inputs: {array (
  'limit' => '10',
  'status' => NULL,
)}. {"user_id":1} 
[2017-03-12 17:38:59] local.INFO: The information of course #20 has been retrieve. {"user_id":1} 
[2017-03-12 17:40:04] local.INFO: Account #1 information have just been fetched by account #{1}. {"user_id":1} 
[2017-03-12 17:40:05] local.INFO: All course  categories have been retrieve by user #1. Request inputs: {array (
  'type' => 'course',
  'limit' => 20,
)}. {"user_id":1} 
[2017-03-12 17:40:17] local.INFO: The information of course #20 has been retrieve. {"user_id":1} 
[2017-03-12 17:41:59] local.INFO: Account #1 information have just been fetched by account #{1}. {"user_id":1} 
[2017-03-12 17:42:00] local.INFO: All course  categories have been retrieve by user #1. Request inputs: {array (
  'type' => 'course',
  'limit' => 20,
)}. {"user_id":1} 
[2017-03-12 17:42:00] local.INFO: The courses of instructor #'1' has been retrieve. Request inputs: {array (
  'limit' => '10',
  'status' => NULL,
)}. {"user_id":1} 
[2017-03-12 17:42:21] local.INFO: The information of course #20 has been retrieve. {"user_id":1} 
[2017-03-12 17:42:49] local.ERROR: Undefined index: value {"user_id":1} 
[2017-03-12 17:45:13] local.ERROR: Undefined index: value {"user_id":1} 
[2017-03-12 17:59:55] local.INFO: Account #1 information have just been fetched by account #{1}. {"user_id":1} 
[2017-03-12 17:59:56] local.INFO: All course  categories have been retrieve by user #1. Request inputs: {array (
  'type' => 'course',
  'limit' => 20,
)}. {"user_id":1} 
