[2017-02-23 08:15:33] local.ERROR: Invalid attempt to authenticate an account with inputs {array (
  'email' => 'jephte@sw.ai',
  'password' => 'fdfd',
)}.  
[2017-02-23 08:16:35] local.ERROR: Invalid attempt to authenticate an account with inputs {array (
  'email' => 'jephte@sw.ai',
  'password' => 'fdfd',
)}.  
[2017-02-23 08:19:20] local.ERROR: Invalid attempt to authenticate an account with inputs {array (
  'email' => 'jephte@sw.ai',
  'password' => 'pp',
)}.  
[2017-02-23 08:19:48] local.ERROR: Invalid attempt to authenticate an account with inputs {array (
  'email' => 'jephte@sw.ai',
  'password' => 'pp',
)}.  
[2017-02-23 08:31:47] local.ERROR: Invalid attempt to authenticate an account with inputs {array (
  'email' => 'jephte@sw.ai',
  'password' => 'fd',
)}.  
[2017-02-23 08:32:09] local.ERROR: Invalid attempt to authenticate an account with inputs {array (
  'email' => 'jephte@sw.ai',
  'password' => 'fd',
)}.  
[2017-02-23 08:35:14] local.ERROR: Invalid attempt to authenticate an account with inputs {array (
  'email' => 'jephte@sw.ai',
  'password' => 'fd',
)}.  
[2017-02-23 08:47:46] local.ERROR: Invalid attempt to authenticate an account with inputs {array (
  'email' => 'jephte@sw.ai',
  'password' => 'gf',
)}.  
