[2017-02-27 22:00:00] local.INFO: Account #1 information have just been fetched by account #{1}. {"user_id":1} 
[2017-02-27 22:00:01] local.INFO: The courses of instructor #'1' has been retrieve. Request inputs: {array (
  'limit' => '7',
  'status' => NULL,
)}. {"user_id":1} 
[2017-02-27 22:01:30] local.INFO: Account #1 information have just been fetched by account #{1}. {"user_id":1} 
[2017-02-27 22:01:31] local.INFO: The courses of instructor #'1' has been retrieve. Request inputs: {array (
  'limit' => '7',
  'status' => NULL,
)}. {"user_id":1} 
[2017-02-27 22:01:59] local.INFO: Account #1 information have just been fetched by account #{1}. {"user_id":1} 
[2017-02-27 22:02:00] local.INFO: The courses of instructor #'1' has been retrieve. Request inputs: {array (
  'limit' => '7',
  'status' => NULL,
)}. {"user_id":1} 
[2017-02-27 22:02:24] local.INFO: Account #1 information have just been fetched by account #{1}. {"user_id":1} 
[2017-02-27 22:02:25] local.INFO: The courses of instructor #'1' has been retrieve. Request inputs: {array (
  'limit' => '7',
  'status' => NULL,
)}. {"user_id":1} 
[2017-02-27 22:13:34] local.INFO: Account #1 information have just been fetched by account #{1}. {"user_id":1} 
[2017-02-27 22:13:35] local.INFO: The courses of instructor #'1' has been retrieve. Request inputs: {array (
  'limit' => '7',
  'status' => NULL,
)}. {"user_id":1} 
[2017-02-27 22:15:55] local.INFO: Account #1 information have just been fetched by account #{1}. {"user_id":1} 
[2017-02-27 22:18:04] local.INFO: Account #1 information have just been fetched by account #{1}. {"user_id":1} 
[2017-02-27 22:18:29] local.INFO: Account #1 information have just been fetched by account #{1}. {"user_id":1} 
[2017-02-27 22:18:36] local.INFO: Account #1 information have just been fetched by account #{1}. {"user_id":1} 
[2017-02-27 22:21:18] local.INFO: Account #1 information have just been fetched by account #{1}. {"user_id":1} 
[2017-02-27 22:21:19] local.INFO: The courses of instructor #'1' has been retrieve. Request inputs: {array (
  'limit' => '7',
  'status' => NULL,
)}. {"user_id":1} 
[2017-02-27 22:28:00] local.INFO: Account #1 information have just been fetched by account #{1}. {"user_id":1} 
[2017-02-27 22:28:01] local.INFO: The courses of instructor #'1' has been retrieve. Request inputs: {array (
  'limit' => '7',
  'status' => NULL,
)}. {"user_id":1} 
[2017-02-27 22:28:42] local.INFO: Account #1 information have just been fetched by account #{1}. {"user_id":1} 
[2017-02-27 22:28:43] local.INFO: The courses of instructor #'1' has been retrieve. Request inputs: {array (
  'limit' => '7',
  'status' => NULL,
)}. {"user_id":1} 
