[2017-02-14 11:02:20] local.INFO: The courses of instructor #'1' has been retrieve. Request inputs: {array (
  'limit' => 10,
  'status' => NULL,
)}. {"user_id":66} 
[2017-02-14 11:02:41] local.INFO: The courses of instructor #'1' has been retrieve. Request inputs: {array (
  'limit' => 10,
  'status' => NULL,
)}. {"user_id":66} 
[2017-02-14 11:03:00] local.INFO: The courses of instructor #'1' has been retrieve. Request inputs: {array (
  'limit' => 10,
  'status' => NULL,
)}. {"user_id":66} 
[2017-02-14 11:03:21] local.INFO: The courses of instructor #'1' has been retrieve. Request inputs: {array (
  'limit' => '15',
  'status' => NULL,
)}. {"user_id":66} 
[2017-02-14 11:07:38] local.INFO: The courses of instructor #'1' has been retrieve. Request inputs: {array (
  'limit' => '15',
  'status' => NULL,
)}. {"user_id":66} 
[2017-02-14 11:08:20] local.INFO: The courses of instructor #'1' has been retrieve. Request inputs: {array (
  'limit' => '15',
  'status' => 'UNPUBLISHED',
)}. {"user_id":66} 
[2017-02-14 11:19:40] local.INFO: The courses of instructor #'1' has been retrieve. Request inputs: {array (
  'limit' => '1',
  'status' => 'UNPUBLISHED',
)}. {"user_id":66} 
[2017-02-14 11:20:59] local.ERROR: Trying to get property of non-object {"user_id":66} 
[2017-02-14 11:24:47] local.INFO: The courses of instructor #'7' has been retrieve. Request inputs: {array (
  'limit' => '1',
  'status' => 'UNPUBLISHED',
)}. {"user_id":66} 
[2017-02-14 11:24:56] local.INFO: The courses of instructor #'7' has been retrieve. Request inputs: {array (
  'limit' => 10,
  'status' => NULL,
)}. {"user_id":66} 
