[2017-02-23 11:18:41] local.INFO: The new account #68 has just been created. Request inputs:  #{array (
  'email' => 'jephte1@sw.ai',
  'first_name' => 'Jephte Armand',
  'last_name' => 'Ndongmou',
  'honorific' => 'Mr',
  'role' => 'LEARNER',
  'phone' => NULL,
  'photo' => NULL,
  'date_created' => '2017-02-23 11:18:35',
  'verify_token' => 'tWuNjn03a5Z6aFsey9F8bO36XZxfVSxVJfeVxY0sJM4nwCuxSg',
)}.  
[2017-02-23 11:22:17] local.ERROR: Invalid attempt to create a new account with an email taken {jephte1@sw.ai}. Returned code: 400. Request inputs  #array (
  'email' => 'jephte1@sw.ai',
  'first_name' => 'Jephte Armand',
  'last_name' => 'Ndongmou',
  'honorific' => 'Mr',
  'role' => 'LEARNER',
  'phone' => NULL,
  'photo' => NULL,
).  
[2017-02-23 11:22:41] local.INFO: The new account #69 has just been created. Request inputs:  #{array (
  'email' => 'jephte1@sw.ai',
  'first_name' => 'Jephte Armand',
  'last_name' => 'Ndongmou',
  'honorific' => 'Mr',
  'role' => 'LEARNER',
  'phone' => NULL,
  'photo' => NULL,
  'date_created' => '2017-02-23 11:22:34',
  'verify_token' => 'Zx8nDQpwRJwYal3dZVumVtQn4CYpG5njFqg9oV7RTQ1TERzurV',
)}.  
[2017-02-23 11:26:06] local.INFO: The new account #70 has just been created. Request inputs:  #{array (
  'email' => 'jephte1@sw.ai',
  'first_name' => 'Jephte Armand',
  'last_name' => 'Ndongmou',
  'honorific' => 'Mr',
  'role' => 'LEARNER',
  'phone' => NULL,
  'photo' => NULL,
  'date_created' => '2017-02-23 11:25:59',
  'verify_token' => '9CNbMawnTWUJkIxxlI4rIcdtKVFWp21LMXp1nuUTbklIidVbSK',
)}.  
[2017-02-23 11:26:53] local.INFO: The new account #71 has just been created. Request inputs:  #{array (
  'email' => 'jephte1@sw.ai',
  'first_name' => 'Jephte Armand',
  'last_name' => 'Ndongmou',
  'honorific' => 'Mr',
  'role' => 'LEARNER',
  'phone' => NULL,
  'photo' => NULL,
  'date_created' => '2017-02-23 11:26:47',
  'verify_token' => 'cdoSS3o87uvm6jIZSGJ6P1FBfti0RhEOfq9vaGK0AtH4Xvdj9n',
)}.  
[2017-02-23 11:32:04] local.INFO: The new account #72 has just been created. Request inputs:  #{array (
  'email' => 'jephte1@sw.ai',
  'first_name' => 'Jephte Armand',
  'last_name' => 'Ndongmou',
  'honorific' => 'Mr',
  'role' => 'LEARNER',
  'phone' => NULL,
  'photo' => NULL,
  'date_created' => '2017-02-23 11:31:57',
  'verify_token' => 'p0cLLhqPTqRzg311zO0PBEf7vmxxqUAwyX66L63x2XHu6jup5a',
)}.  
[2017-02-23 11:35:05] local.INFO: The new account #73 has just been created. Request inputs:  #{array (
  'email' => 'jephte1@sw.ai',
  'first_name' => 'Jephte Armand',
  'last_name' => 'Ndongmou',
  'honorific' => 'Mr',
  'role' => 'LEARNER',
  'phone' => NULL,
  'photo' => NULL,
  'date_created' => '2017-02-23 11:34:55',
  'verify_token' => 'wL4rNJZHn47DESGIUiH9IWj5otke0zJPFvL2qx4PH2TSJOXwrz',
)}.  
[2017-02-23 11:38:44] local.ERROR: Invalid attempt to create a new account with an email taken {jephte1@sw.ai}. Returned code: 400. Request inputs  #array (
  'email' => 'jephte1@sw.ai',
  'first_name' => 'Jephte Armand',
  'last_name' => 'Ndongmou',
  'honorific' => 'Mr',
  'role' => 'LEARNER',
  'phone' => NULL,
  'photo' => NULL,
).  
[2017-02-23 11:39:05] local.INFO: The new account #74 has just been created. Request inputs:  #{array (
  'email' => 'jephte1@sw.ai',
  'first_name' => 'Jephte Armand',
  'last_name' => 'Ndongmou',
  'honorific' => 'Mr',
  'role' => 'LEARNER',
  'phone' => NULL,
  'photo' => NULL,
  'date_created' => '2017-02-23 11:38:57',
  'verify_token' => 't3Zhzxnaoov21PEaCm8uD9xivnVpzyYf5PPIacnS19Z6jkZmfi',
)}.  
[2017-02-23 11:43:19] local.ERROR: Invalid attempt to authenticate a non verified account {"id":74,"first_name":"Jephte Armand","last_name":"Ndongmou","role":"LEARNER","email":"jephte1@sw.ai","verified_status":"PENDING","date_created":"2017-02-23 11:38:57","date_updated":null,"last_login":null,"honorific":"Mr","phone":null,"photo":null,"subscription":"UNPAID"}  
[2017-02-23 11:54:53] local.ERROR: Invalid verification attempt with inputs:  {array (
  'email' => 'jephte1@sw.ai',
  'token' => 'Zx8nDQpwRJwYal3dZVumVtQn4CYpG5njFqg9oV7RTQ1TERzurV',
)}  
