[2017-02-27 17:05:28] local.INFO: The courses of instructor #'1' has been retrieve. Request inputs: {array (
  'limit' => 10,
  'status' => NULL,
)}. {"user_id":1} 
[2017-02-27 17:08:47] local.INFO: The courses of instructor #'1' has been retrieve. Request inputs: {array (
  'limit' => 10,
  'status' => NULL,
)}. {"user_id":1} 
[2017-02-27 17:09:12] local.INFO: The courses of instructor #'1' has been retrieve. Request inputs: {array (
  'limit' => 10,
  'status' => NULL,
)}. {"user_id":1} 
[2017-02-27 17:13:46] local.INFO: The courses of instructor #'1' has been retrieve. Request inputs: {array (
  'limit' => 10,
  'status' => NULL,
)}. {"user_id":1} 
[2017-02-27 17:15:03] local.INFO: The courses of instructor #'1' has been retrieve. Request inputs: {array (
  'limit' => 10,
  'status' => NULL,
)}. {"user_id":1} 
[2017-02-27 17:15:45] local.INFO: The courses of instructor #'1' has been retrieve. Request inputs: {array (
  'limit' => 10,
  'status' => NULL,
)}. {"user_id":1} 
[2017-02-27 17:15:55] local.INFO: The courses of instructor #'1' has been retrieve. Request inputs: {array (
  'limit' => 10,
  'status' => NULL,
)}. {"user_id":1} 
[2017-02-27 17:17:50] local.INFO: The courses of instructor #'1' has been retrieve. Request inputs: {array (
  'limit' => 10,
  'status' => NULL,
)}. {"user_id":1} 
[2017-02-27 17:18:16] local.INFO: The courses of instructor #'1' has been retrieve. Request inputs: {array (
  'limit' => 10,
  'status' => NULL,
)}. {"user_id":1} 
[2017-02-27 17:18:40] local.INFO: The courses of instructor #'1' has been retrieve. Request inputs: {array (
  'limit' => 10,
  'status' => NULL,
)}. {"user_id":1} 
[2017-02-27 17:18:58] local.INFO: The courses of instructor #'1' has been retrieve. Request inputs: {array (
  'limit' => 10,
  'status' => NULL,
)}. {"user_id":1} 
[2017-02-27 17:27:35] local.INFO: The courses of instructor #'1' has been retrieve. Request inputs: {array (
  'limit' => 10,
  'status' => NULL,
)}. {"user_id":1} 
[2017-02-27 17:27:54] local.INFO: The courses of instructor #'1' has been retrieve. Request inputs: {array (
  'limit' => 10,
  'status' => NULL,
)}. {"user_id":1} 
[2017-02-27 17:28:23] local.INFO: The courses of instructor #'1' has been retrieve. Request inputs: {array (
  'limit' => 10,
  'status' => NULL,
)}. {"user_id":1} 
[2017-02-27 17:29:00] local.INFO: The courses of instructor #'1' has been retrieve. Request inputs: {array (
  'limit' => 10,
  'status' => NULL,
)}. {"user_id":1} 
[2017-02-27 17:29:27] local.INFO: The courses of instructor #'1' has been retrieve. Request inputs: {array (
  'limit' => 10,
  'status' => NULL,
)}. {"user_id":1} 
[2017-02-27 17:32:26] local.INFO: The courses of instructor #'1' has been retrieve. Request inputs: {array (
  'limit' => 10,
  'status' => NULL,
)}. {"user_id":1} 
[2017-02-27 17:33:20] local.INFO: The courses of instructor #'1' has been retrieve. Request inputs: {array (
  'limit' => 10,
  'status' => NULL,
)}. {"user_id":1} 
[2017-02-27 17:34:05] local.INFO: The courses of instructor #'1' has been retrieve. Request inputs: {array (
  'limit' => 10,
  'status' => NULL,
)}. {"user_id":1} 
[2017-02-27 17:34:38] local.INFO: The courses of instructor #'1' has been retrieve. Request inputs: {array (
  'limit' => '2',
  'status' => NULL,
)}. {"user_id":1} 
[2017-02-27 17:36:36] local.INFO: The courses of instructor #'1' has been retrieve. Request inputs: {array (
  'limit' => '2',
  'status' => NULL,
)}. {"user_id":1} 
[2017-02-27 17:38:17] local.INFO: Account #1 information have just been fetched by account #{1}. {"user_id":1} 
[2017-02-27 17:38:17] local.INFO: The courses of instructor #'1' has been retrieve. Request inputs: {array (
  'limit' => '2',
  'status' => NULL,
)}. {"user_id":1} 
[2017-02-27 17:39:05] local.INFO: Account #1 information have just been fetched by account #{1}. {"user_id":1} 
[2017-02-27 17:39:06] local.INFO: The courses of instructor #'1' has been retrieve. Request inputs: {array (
  'limit' => '2',
  'status' => NULL,
)}. {"user_id":1} 
[2017-02-27 17:39:32] local.INFO: Account #1 information have just been fetched by account #{1}. {"user_id":1} 
[2017-02-27 17:39:33] local.INFO: The courses of instructor #'1' has been retrieve. Request inputs: {array (
  'limit' => '4',
  'status' => NULL,
)}. {"user_id":1} 
[2017-02-27 17:40:43] local.ERROR: Invalid attempt to authenticate an account with inputs {array (
  'email' => 'joedoe@domain.com',
  'password' => 'pass',
)}.  
[2017-02-27 17:40:48] local.INFO: Successful authentication of account {"id":1,"first_name":"Joe","last_name":"Doe","role":"INSTRUCTOR","email":"joedoe@domain.com","verified_status":"VERIFIED","date_created":"2016-09-22 21:33:46","date_updated":"2017-02-27 17:40:48","last_login":"2017-02-27 17:40:48","honorific":"Mr","phone":"6155134666","photo":null,"subscription":"UNPAID"}. {"user_id":1} 
[2017-02-27 17:40:52] local.INFO: Account #1 information have just been fetched by account #{1}. {"user_id":1} 
[2017-02-27 17:41:05] local.INFO: Account #1 information have just been fetched by account #{1}. {"user_id":1} 
[2017-02-27 17:41:06] local.INFO: The courses of instructor #'1' has been retrieve. Request inputs: {array (
  'limit' => '4',
  'status' => NULL,
)}. {"user_id":1} 
