[2017-02-27 21:35:11] local.INFO: Account #1 information have just been fetched by account #{1}. {"user_id":1} 
[2017-02-27 21:35:12] local.INFO: The courses of instructor #'1' has been retrieve. Request inputs: {array (
  'limit' => '7',
  'status' => NULL,
)}. {"user_id":1} 
[2017-02-27 21:38:43] local.INFO: Account #1 information have just been fetched by account #{1}. {"user_id":1} 
[2017-02-27 21:38:44] local.INFO: The courses of instructor #'1' has been retrieve. Request inputs: {array (
  'limit' => '7',
  'status' => NULL,
)}. {"user_id":1} 
[2017-02-27 21:41:20] local.INFO: Account #1 information have just been fetched by account #{1}. {"user_id":1} 
[2017-02-27 21:41:22] local.INFO: The courses of instructor #'1' has been retrieve. Request inputs: {array (
  'limit' => '7',
  'status' => NULL,
)}. {"user_id":1} 
[2017-02-27 21:51:04] local.INFO: Account #1 information have just been fetched by account #{1}. {"user_id":1} 
[2017-02-27 21:51:05] local.INFO: The courses of instructor #'1' has been retrieve. Request inputs: {array (
  'limit' => '7',
  'status' => NULL,
)}. {"user_id":1} 
[2017-02-27 21:51:50] local.INFO: Account #1 information have just been fetched by account #{1}. {"user_id":1} 
[2017-02-27 21:51:50] local.INFO: The courses of instructor #'1' has been retrieve. Request inputs: {array (
  'limit' => '7',
  'status' => NULL,
)}. {"user_id":1} 
[2017-02-27 21:53:49] local.INFO: Account #1 information have just been fetched by account #{1}. {"user_id":1} 
[2017-02-27 21:53:50] local.INFO: The courses of instructor #'1' has been retrieve. Request inputs: {array (
  'limit' => '7',
  'status' => NULL,
)}. {"user_id":1} 
[2017-02-27 21:54:13] local.INFO: Account #1 information have just been fetched by account #{1}. {"user_id":1} 
[2017-02-27 21:54:13] local.INFO: The courses of instructor #'1' has been retrieve. Request inputs: {array (
  'limit' => '7',
  'status' => NULL,
)}. {"user_id":1} 
[2017-02-27 21:54:42] local.INFO: Account #1 information have just been fetched by account #{1}. {"user_id":1} 
[2017-02-27 21:54:43] local.INFO: The courses of instructor #'1' has been retrieve. Request inputs: {array (
  'limit' => '7',
  'status' => NULL,
)}. {"user_id":1} 
[2017-02-27 21:54:57] local.INFO: Account #1 information have just been fetched by account #{1}. {"user_id":1} 
[2017-02-27 21:54:58] local.INFO: The courses of instructor #'1' has been retrieve. Request inputs: {array (
  'limit' => '7',
  'status' => NULL,
)}. {"user_id":1} 
[2017-02-27 21:55:34] local.INFO: Account #1 information have just been fetched by account #{1}. {"user_id":1} 
[2017-02-27 21:55:35] local.INFO: The courses of instructor #'1' has been retrieve. Request inputs: {array (
  'limit' => '7',
  'status' => NULL,
)}. {"user_id":1} 
[2017-02-27 21:55:50] local.INFO: Account #1 information have just been fetched by account #{1}. {"user_id":1} 
[2017-02-27 21:55:51] local.INFO: The courses of instructor #'1' has been retrieve. Request inputs: {array (
  'limit' => '7',
  'status' => NULL,
)}. {"user_id":1} 
