[2017-02-28 06:01:06] local.INFO: Account #1 information have just been fetched by account #{1}. {"user_id":1} 
[2017-02-28 06:01:07] local.INFO: The courses of instructor #'1' has been retrieve. Request inputs: {array (
  'limit' => '7',
  'status' => NULL,
)}. {"user_id":1} 
[2017-02-28 06:03:46] local.INFO: Account #1 information have just been fetched by account #{1}. {"user_id":1} 
[2017-02-28 06:03:47] local.INFO: The courses of instructor #'1' has been retrieve. Request inputs: {array (
  'limit' => '7',
  'status' => NULL,
)}. {"user_id":1} 
[2017-02-28 06:04:00] local.INFO: Account #1 information have just been fetched by account #{1}. {"user_id":1} 
[2017-02-28 06:04:01] local.INFO: The courses of instructor #'1' has been retrieve. Request inputs: {array (
  'limit' => '7',
  'status' => NULL,
)}. {"user_id":1} 
[2017-02-28 06:04:12] local.INFO: Account #1 information have just been fetched by account #{1}. {"user_id":1} 
[2017-02-28 06:04:12] local.INFO: The courses of instructor #'1' has been retrieve. Request inputs: {array (
  'limit' => '7',
  'status' => NULL,
)}. {"user_id":1} 
[2017-02-28 06:05:10] local.INFO: Account #1 information have just been fetched by account #{1}. {"user_id":1} 
[2017-02-28 06:05:10] local.INFO: The courses of instructor #'1' has been retrieve. Request inputs: {array (
  'limit' => '7',
  'status' => NULL,
)}. {"user_id":1} 
[2017-02-28 06:11:24] local.INFO: Account #1 information have just been fetched by account #{1}. {"user_id":1} 
[2017-02-28 06:11:25] local.INFO: The courses of instructor #'1' has been retrieve. Request inputs: {array (
  'limit' => '7',
  'status' => NULL,
)}. {"user_id":1} 
[2017-02-28 06:12:39] local.INFO: Account #1 information have just been fetched by account #{1}. {"user_id":1} 
[2017-02-28 06:12:39] local.INFO: The courses of instructor #'1' has been retrieve. Request inputs: {array (
  'limit' => '7',
  'status' => NULL,
)}. {"user_id":1} 
[2017-02-28 06:14:31] local.INFO: Account #1 information have just been fetched by account #{1}. {"user_id":1} 
[2017-02-28 06:14:32] local.INFO: The courses of instructor #'1' has been retrieve. Request inputs: {array (
  'limit' => '7',
  'status' => NULL,
)}. {"user_id":1} 
[2017-02-28 06:14:58] local.INFO: Account #1 information have just been fetched by account #{1}. {"user_id":1} 
[2017-02-28 06:14:59] local.INFO: The courses of instructor #'1' has been retrieve. Request inputs: {array (
  'limit' => '7',
  'status' => NULL,
)}. {"user_id":1} 
[2017-02-28 06:15:56] local.INFO: Account #1 information have just been fetched by account #{1}. {"user_id":1} 
[2017-02-28 06:15:56] local.INFO: The courses of instructor #'1' has been retrieve. Request inputs: {array (
  'limit' => '7',
  'status' => NULL,
)}. {"user_id":1} 
[2017-02-28 06:18:22] local.INFO: Account #1 information have just been fetched by account #{1}. {"user_id":1} 
[2017-02-28 06:18:22] local.INFO: The courses of instructor #'1' has been retrieve. Request inputs: {array (
  'limit' => '7',
  'status' => NULL,
)}. {"user_id":1} 
[2017-02-28 06:19:00] local.INFO: Account #1 information have just been fetched by account #{1}. {"user_id":1} 
[2017-02-28 06:19:00] local.INFO: The courses of instructor #'1' has been retrieve. Request inputs: {array (
  'limit' => '7',
  'status' => NULL,
)}. {"user_id":1} 
[2017-02-28 06:20:58] local.INFO: Account #1 information have just been fetched by account #{1}. {"user_id":1} 
[2017-02-28 06:20:59] local.INFO: The courses of instructor #'1' has been retrieve. Request inputs: {array (
  'limit' => '7',
  'status' => NULL,
)}. {"user_id":1} 
[2017-02-28 06:21:45] local.INFO: Account #1 information have just been fetched by account #{1}. {"user_id":1} 
[2017-02-28 06:21:45] local.INFO: The courses of instructor #'1' has been retrieve. Request inputs: {array (
  'limit' => '7',
  'status' => NULL,
)}. {"user_id":1} 
[2017-02-28 06:23:45] local.INFO: Account #1 information have just been fetched by account #{1}. {"user_id":1} 
[2017-02-28 06:23:46] local.INFO: The courses of instructor #'1' has been retrieve. Request inputs: {array (
  'limit' => '7',
  'status' => NULL,
)}. {"user_id":1} 
[2017-02-28 06:24:20] local.INFO: Account #1 information have just been fetched by account #{1}. {"user_id":1} 
[2017-02-28 06:24:21] local.INFO: The courses of instructor #'1' has been retrieve. Request inputs: {array (
  'limit' => '7',
  'status' => NULL,
)}. {"user_id":1} 
[2017-02-28 06:24:58] local.INFO: Account #1 information have just been fetched by account #{1}. {"user_id":1} 
[2017-02-28 06:24:58] local.INFO: The courses of instructor #'1' has been retrieve. Request inputs: {array (
  'limit' => '7',
  'status' => NULL,
)}. {"user_id":1} 
[2017-02-28 06:38:27] local.INFO: Account #1 information have just been fetched by account #{1}. {"user_id":1} 
[2017-02-28 06:38:52] local.INFO: Account #1 information have just been fetched by account #{1}. {"user_id":1} 
[2017-02-28 06:38:53] local.INFO: The courses of instructor #'1' has been retrieve. Request inputs: {array (
  'limit' => '7',
  'status' => NULL,
)}. {"user_id":1} 
