[2017-02-23 14:28:58] local.ERROR: Account{"id":74,"first_name":"Jephte Armand","last_name":"Ndongmou","role":"LEARNER","email":"jephte1@sw.ai","verified_status":"VERIFIED","date_created":"2017-02-23 11:38:57","date_updated":"2017-02-23 12:33:36","last_login":"2017-02-23 12:33:36","honorific":"Mr","phone":null,"photo":null,"subscription":"UNPAID"} already verified. inputs:  {array (
  'email' => 'jephte1@sw.ai',
  'token' => 't3Zhzxnaoov21PEaCm8uD9xivnVpzyYf5PPIacnS19Z6jkZmfi',
)}  
[2017-02-23 14:29:04] local.ERROR: Account{"id":74,"first_name":"Jephte Armand","last_name":"Ndongmou","role":"LEARNER","email":"jephte1@sw.ai","verified_status":"VERIFIED","date_created":"2017-02-23 11:38:57","date_updated":"2017-02-23 12:33:36","last_login":"2017-02-23 12:33:36","honorific":"Mr","phone":null,"photo":null,"subscription":"UNPAID"} already verified. inputs:  {array (
  'email' => 'jephte1@sw.ai',
  'token' => 't3Zhzxnaoov21PEaCm8uD9xivnVpzyYf5PPIacnS19Z6jkZmfi',
)}  
[2017-02-23 14:29:22] local.ERROR: Account{"id":74,"first_name":"Jephte Armand","last_name":"Ndongmou","role":"LEARNER","email":"jephte1@sw.ai","verified_status":"VERIFIED","date_created":"2017-02-23 11:38:57","date_updated":"2017-02-23 12:33:36","last_login":"2017-02-23 12:33:36","honorific":"Mr","phone":null,"photo":null,"subscription":"UNPAID"} already verified. inputs:  {array (
  'email' => 'jephte1@sw.ai',
  'token' => 't3Zhzxnaoov21PEaCm8uD9xivnVpzyYf5PPIacnS19Z6jkZmfi',
)}  
[2017-02-23 14:30:38] local.ERROR: Account{"id":74,"first_name":"Jephte Armand","last_name":"Ndongmou","role":"LEARNER","email":"jephte1@sw.ai","verified_status":"VERIFIED","date_created":"2017-02-23 11:38:57","date_updated":"2017-02-23 12:33:36","last_login":"2017-02-23 12:33:36","honorific":"Mr","phone":null,"photo":null,"subscription":"UNPAID"} already verified. inputs:  {array (
  'email' => 'jephte1@sw.ai',
  'token' => 't3Zhzxnaoov21PEaCm8uD9xivnVpzyYf5PPIacnS19Z6jkZmfi',
)}  
[2017-02-23 14:34:30] local.ERROR: Account{"id":74,"first_name":"Jephte Armand","last_name":"Ndongmou","role":"LEARNER","email":"jephte1@sw.ai","verified_status":"VERIFIED","date_created":"2017-02-23 11:38:57","date_updated":"2017-02-23 12:33:36","last_login":"2017-02-23 12:33:36","honorific":"Mr","phone":null,"photo":null,"subscription":"UNPAID"} already verified. inputs:  {array (
  'email' => 'jephte1@sw.ai',
  'token' => 't3Zhzxnaoov21PEaCm8uD9xivnVpzyYf5PPIacnS19Z6jkZmfi',
)}  
[2017-02-23 14:34:38] local.ERROR: Account{"id":74,"first_name":"Jephte Armand","last_name":"Ndongmou","role":"LEARNER","email":"jephte1@sw.ai","verified_status":"VERIFIED","date_created":"2017-02-23 11:38:57","date_updated":"2017-02-23 12:33:36","last_login":"2017-02-23 12:33:36","honorific":"Mr","phone":null,"photo":null,"subscription":"UNPAID"} already verified. inputs:  {array (
  'email' => 'jephte1@sw.ai',
  'token' => 't3Zhzxnaoov21PEaCm8uD9xivnVpzyYf5PPIacnS19Z6jkZmfi',
)}  
[2017-02-23 14:47:54] local.INFO: The new account #75 has just been created. Request inputs:  #{array (
  'email' => 'alfred@domain.com',
  'first_name' => 'Alfred',
  'last_name' => 'Vegener',
  'honorific' => 'Mr',
  'role' => 'LEARNER',
  'phone' => NULL,
  'photo' => NULL,
  'date_created' => '2017-02-23 14:47:46',
  'verify_token' => 'ATxhUYihsrOp3R7v6WnjORGEcKDeAmLYofpXcpgv7LH2qSxqdI',
)}.  
[2017-02-23 14:50:01] local.ERROR: Invalid attempt to create a new account with an email taken {alfred@domain.com}. Returned code: 400. Request inputs  #array (
  'email' => 'alfred@domain.com',
  'first_name' => 'Alfred',
  'last_name' => 'Vegener',
  'honorific' => 'Mr',
  'role' => 'LEARNER',
  'phone' => NULL,
  'photo' => NULL,
).  
[2017-02-23 14:50:20] local.ERROR: Invalid attempt to create a new account with an email taken {alfred@domain.com}. Returned code: 400. Request inputs  #array (
  'email' => 'alfred@domain.com',
  'first_name' => 'Alfred',
  'last_name' => 'Vegener',
  'honorific' => 'Mr',
  'role' => 'LEARNER',
  'phone' => NULL,
  'photo' => NULL,
).  
[2017-02-23 14:50:25] local.ERROR: Invalid attempt to create a new account with an email taken {alfred@domain.com}. Returned code: 400. Request inputs  #array (
  'email' => 'alfred@domain.com',
  'first_name' => 'Alfred',
  'last_name' => 'Vegener',
  'honorific' => 'Mr',
  'role' => 'LEARNER',
  'phone' => NULL,
  'photo' => NULL,
).  
[2017-02-23 14:52:02] local.ERROR: Invalid attempt to create a new account with an email taken {alfred@domain.com}. Returned code: 400. Request inputs  #array (
  'email' => 'alfred@domain.com',
  'first_name' => 'Alfred',
  'last_name' => 'Vegener',
  'honorific' => 'Mr',
  'role' => 'LEARNER',
  'phone' => NULL,
  'photo' => NULL,
).  
[2017-02-23 14:52:16] local.ERROR: Invalid attempt to create a new account with an email taken {alfred@domain.com}. Returned code: 400. Request inputs  #array (
  'email' => 'alfred@domain.com',
  'first_name' => 'Alfred',
  'last_name' => 'Vegener',
  'honorific' => 'Mr',
  'role' => 'LEARNER',
  'phone' => NULL,
  'photo' => NULL,
).  
[2017-02-23 14:53:16] local.ERROR: Invalid attempt to create a new account with an email taken {alfred@domain.com}. Returned code: 400. Request inputs  #array (
  'email' => 'alfred@domain.com',
  'first_name' => 'Alfred',
  'last_name' => 'Vegener',
  'honorific' => 'Mr',
  'role' => 'LEARNER',
  'phone' => NULL,
  'photo' => NULL,
).  
[2017-02-23 14:53:35] local.INFO: The new account #76 has just been created. Request inputs:  #{array (
  'email' => 'donald@domain.com',
  'first_name' => 'Donald',
  'last_name' => 'Trump',
  'honorific' => 'Mr',
  'role' => 'LEARNER',
  'phone' => NULL,
  'photo' => NULL,
  'date_created' => '2017-02-23 14:53:29',
  'verify_token' => 'lIIjXuzcJgqkyL4EG8ciiLlgA9rQ5U8ZWhdyK3hbYf5IhNrCmI',
)}.  
[2017-02-23 14:59:22] local.INFO: The new account #77 has just been created. Request inputs:  #{array (
  'email' => 'francklin@domain.com',
  'first_name' => 'Francklin',
  'last_name' => 'Roosevelt',
  'honorific' => 'Mr',
  'role' => 'LEARNER',
  'phone' => NULL,
  'photo' => NULL,
  'date_created' => '2017-02-23 14:59:16',
  'verify_token' => 'sZCeCfWI70sWyvsCc3RNx2zCn2RsNO7buj1HNCtfJIlcGHiBNZ',
)}.  
