[2017-03-01 12:29:01] local.INFO: The courses of instructor #'1' has been retrieve. Request inputs: {array (
  'limit' => '10',
  'status' => NULL,
)}. {"user_id":1} 
[2017-03-01 12:41:24] local.INFO: Account #1 information have just been fetched by account #{1}. {"user_id":1} 
[2017-03-01 12:41:24] local.INFO: The courses of instructor #'1' has been retrieve. Request inputs: {array (
  'limit' => '10',
  'status' => NULL,
)}. {"user_id":1} 
[2017-03-01 12:46:54] local.INFO: Account #1 information have just been fetched by account #{1}. {"user_id":1} 
[2017-03-01 12:46:55] local.INFO: The courses of instructor #'1' has been retrieve. Request inputs: {array (
  'limit' => '10',
  'status' => NULL,
)}. {"user_id":1} 
[2017-03-01 12:49:15] local.INFO: Account #1 information have just been fetched by account #{1}. {"user_id":1} 
[2017-03-01 12:49:16] local.INFO: The courses of instructor #'1' has been retrieve. Request inputs: {array (
  'limit' => '10',
  'status' => NULL,
)}. {"user_id":1} 
[2017-03-01 12:51:04] local.INFO: Account #1 information have just been fetched by account #{1}. {"user_id":1} 
[2017-03-01 12:51:10] local.INFO: Account #1 information have just been fetched by account #{1}. {"user_id":1} 
[2017-03-01 12:51:11] local.INFO: The courses of instructor #'1' has been retrieve. Request inputs: {array (
  'limit' => '10',
  'status' => NULL,
)}. {"user_id":1} 
