[2017-02-28 12:01:42] local.INFO: Account #1 information have just been fetched by account #{1}. {"user_id":1} 
[2017-02-28 12:01:44] local.INFO: The courses of instructor #'1' has been retrieve. Request inputs: {array (
  'limit' => '20',
  'status' => NULL,
)}. {"user_id":1} 
[2017-02-28 12:02:13] local.INFO: Account #1 information have just been fetched by account #{1}. {"user_id":1} 
[2017-02-28 12:02:14] local.INFO: The courses of instructor #'1' has been retrieve. Request inputs: {array (
  'limit' => '20',
  'status' => NULL,
)}. {"user_id":1} 
[2017-02-28 12:05:55] local.INFO: Account #1 information have just been fetched by account #{1}. {"user_id":1} 
[2017-02-28 12:05:56] local.INFO: The courses of instructor #'1' has been retrieve. Request inputs: {array (
  'limit' => '20',
  'status' => NULL,
)}. {"user_id":1} 
[2017-02-28 12:06:20] local.INFO: Account #1 information have just been fetched by account #{1}. {"user_id":1} 
[2017-02-28 12:06:21] local.INFO: The courses of instructor #'1' has been retrieve. Request inputs: {array (
  'limit' => '20',
  'status' => NULL,
)}. {"user_id":1} 
[2017-02-28 12:06:47] local.INFO: Account #1 information have just been fetched by account #{1}. {"user_id":1} 
[2017-02-28 12:06:47] local.INFO: The courses of instructor #'1' has been retrieve. Request inputs: {array (
  'limit' => '6',
  'status' => NULL,
)}. {"user_id":1} 
[2017-02-28 12:07:42] local.INFO: Account #1 information have just been fetched by account #{1}. {"user_id":1} 
[2017-02-28 12:07:44] local.INFO: The courses of instructor #'1' has been retrieve. Request inputs: {array (
  'limit' => '6',
  'status' => NULL,
)}. {"user_id":1} 
[2017-02-28 12:08:01] local.INFO: Account #1 information have just been fetched by account #{1}. {"user_id":1} 
[2017-02-28 12:08:34] local.INFO: Account #1 information have just been fetched by account #{1}. {"user_id":1} 
[2017-02-28 12:08:37] local.INFO: The courses of instructor #'1' has been retrieve. Request inputs: {array (
  'limit' => '6',
  'status' => NULL,
)}. {"user_id":1} 
[2017-02-28 12:09:42] local.INFO: Account #1 information have just been fetched by account #{1}. {"user_id":1} 
[2017-02-28 12:09:43] local.INFO: The courses of instructor #'1' has been retrieve. Request inputs: {array (
  'limit' => '6',
  'status' => NULL,
)}. {"user_id":1} 
[2017-02-28 12:10:58] local.INFO: Account #1 information have just been fetched by account #{1}. {"user_id":1} 
[2017-02-28 12:10:59] local.INFO: The courses of instructor #'1' has been retrieve. Request inputs: {array (
  'limit' => '6',
  'status' => NULL,
)}. {"user_id":1} 
[2017-02-28 12:11:38] local.INFO: Account #1 information have just been fetched by account #{1}. {"user_id":1} 
[2017-02-28 12:11:39] local.INFO: The courses of instructor #'1' has been retrieve. Request inputs: {array (
  'limit' => '6',
  'status' => NULL,
)}. {"user_id":1} 
[2017-02-28 12:18:33] local.INFO: Account #1 information have just been fetched by account #{1}. {"user_id":1} 
[2017-02-28 12:18:34] local.INFO: The courses of instructor #'1' has been retrieve. Request inputs: {array (
  'limit' => '6',
  'status' => NULL,
)}. {"user_id":1} 
[2017-02-28 12:19:58] local.INFO: Account #1 information have just been fetched by account #{1}. {"user_id":1} 
[2017-02-28 12:20:00] local.INFO: The courses of instructor #'1' has been retrieve. Request inputs: {array (
  'limit' => '6',
  'status' => NULL,
)}. {"user_id":1} 
[2017-02-28 12:24:15] local.INFO: Account #1 information have just been fetched by account #{1}. {"user_id":1} 
[2017-02-28 12:24:16] local.INFO: The courses of instructor #'1' has been retrieve. Request inputs: {array (
  'limit' => '6',
  'status' => NULL,
)}. {"user_id":1} 
[2017-02-28 12:24:32] local.INFO: Account #1 information have just been fetched by account #{1}. {"user_id":1} 
[2017-02-28 12:24:33] local.INFO: The courses of instructor #'1' has been retrieve. Request inputs: {array (
  'limit' => '6',
  'status' => NULL,
)}. {"user_id":1} 
[2017-02-28 12:25:52] local.INFO: Account #1 information have just been fetched by account #{1}. {"user_id":1} 
[2017-02-28 12:25:53] local.INFO: The courses of instructor #'1' has been retrieve. Request inputs: {array (
  'limit' => '6',
  'status' => NULL,
)}. {"user_id":1} 
[2017-02-28 12:26:23] local.INFO: Account #1 information have just been fetched by account #{1}. {"user_id":1} 
[2017-02-28 12:26:24] local.INFO: The courses of instructor #'1' has been retrieve. Request inputs: {array (
  'limit' => '6',
  'status' => NULL,
)}. {"user_id":1} 
[2017-02-28 12:31:11] local.INFO: Account #1 information have just been fetched by account #{1}. {"user_id":1} 
[2017-02-28 12:31:12] local.INFO: The courses of instructor #'1' has been retrieve. Request inputs: {array (
  'limit' => '6',
  'status' => NULL,
)}. {"user_id":1} 
[2017-02-28 12:31:31] local.INFO: Account #1 information have just been fetched by account #{1}. {"user_id":1} 
[2017-02-28 12:31:31] local.INFO: The courses of instructor #'1' has been retrieve. Request inputs: {array (
  'limit' => '6',
  'status' => NULL,
)}. {"user_id":1} 
[2017-02-28 12:31:54] local.INFO: Account #1 information have just been fetched by account #{1}. {"user_id":1} 
[2017-02-28 12:31:54] local.INFO: The courses of instructor #'1' has been retrieve. Request inputs: {array (
  'limit' => '6',
  'status' => NULL,
)}. {"user_id":1} 
[2017-02-28 12:33:40] local.INFO: Account #1 information have just been fetched by account #{1}. {"user_id":1} 
[2017-02-28 12:33:40] local.INFO: The courses of instructor #'1' has been retrieve. Request inputs: {array (
  'limit' => '6',
  'status' => NULL,
)}. {"user_id":1} 
[2017-02-28 12:34:28] local.INFO: Account #1 information have just been fetched by account #{1}. {"user_id":1} 
[2017-02-28 12:34:30] local.INFO: The courses of instructor #'1' has been retrieve. Request inputs: {array (
  'limit' => '6',
  'status' => NULL,
)}. {"user_id":1} 
[2017-02-28 12:35:05] local.INFO: Account #1 information have just been fetched by account #{1}. {"user_id":1} 
[2017-02-28 12:35:07] local.INFO: The courses of instructor #'1' has been retrieve. Request inputs: {array (
  'limit' => '6',
  'status' => NULL,
)}. {"user_id":1} 
[2017-02-28 12:38:19] local.INFO: Account #1 information have just been fetched by account #{1}. {"user_id":1} 
[2017-02-28 12:38:20] local.INFO: The courses of instructor #'1' has been retrieve. Request inputs: {array (
  'limit' => '6',
  'status' => NULL,
)}. {"user_id":1} 
[2017-02-28 12:39:03] local.INFO: Account #1 information have just been fetched by account #{1}. {"user_id":1} 
[2017-02-28 12:39:05] local.INFO: The courses of instructor #'1' has been retrieve. Request inputs: {array (
  'limit' => '6',
  'status' => NULL,
)}. {"user_id":1} 
[2017-02-28 12:40:07] local.INFO: Account #1 information have just been fetched by account #{1}. {"user_id":1} 
[2017-02-28 12:40:09] local.INFO: The courses of instructor #'1' has been retrieve. Request inputs: {array (
  'limit' => '6',
  'status' => NULL,
)}. {"user_id":1} 
[2017-02-28 12:41:05] local.INFO: The courses of instructor #'1' has been retrieve. Request inputs: {array (
  'limit' => '6',
  'status' => NULL,
)}. {"user_id":1} 
[2017-02-28 12:41:37] local.INFO: Account #1 information have just been fetched by account #{1}. {"user_id":1} 
[2017-02-28 12:41:44] local.INFO: The courses of instructor #'1' has been retrieve. Request inputs: {array (
  'limit' => '6',
  'status' => NULL,
)}. {"user_id":1} 
[2017-02-28 12:42:32] local.INFO: Account #1 information have just been fetched by account #{1}. {"user_id":1} 
[2017-02-28 12:42:33] local.INFO: The courses of instructor #'1' has been retrieve. Request inputs: {array (
  'limit' => '6',
  'status' => NULL,
)}. {"user_id":1} 
[2017-02-28 12:43:03] local.INFO: Account #1 information have just been fetched by account #{1}. {"user_id":1} 
[2017-02-28 12:43:04] local.INFO: The courses of instructor #'1' has been retrieve. Request inputs: {array (
  'limit' => '6',
  'status' => NULL,
)}. {"user_id":1} 
[2017-02-28 12:43:26] local.INFO: Account #1 information have just been fetched by account #{1}. {"user_id":1} 
[2017-02-28 12:43:26] local.INFO: The courses of instructor #'1' has been retrieve. Request inputs: {array (
  'limit' => '6',
  'status' => NULL,
)}. {"user_id":1} 
[2017-02-28 12:44:38] local.INFO: Account #1 information have just been fetched by account #{1}. {"user_id":1} 
[2017-02-28 12:44:39] local.INFO: The courses of instructor #'1' has been retrieve. Request inputs: {array (
  'limit' => '6',
  'status' => NULL,
)}. {"user_id":1} 
[2017-02-28 12:47:53] local.INFO: Account #1 information have just been fetched by account #{1}. {"user_id":1} 
[2017-02-28 12:47:53] local.INFO: The courses of instructor #'1' has been retrieve. Request inputs: {array (
  'limit' => '6',
  'status' => NULL,
)}. {"user_id":1} 
[2017-02-28 12:48:26] local.INFO: Account #1 information have just been fetched by account #{1}. {"user_id":1} 
[2017-02-28 12:48:27] local.INFO: The courses of instructor #'1' has been retrieve. Request inputs: {array (
  'limit' => '6',
  'status' => NULL,
)}. {"user_id":1} 
[2017-02-28 12:50:08] local.INFO: Account #1 information have just been fetched by account #{1}. {"user_id":1} 
[2017-02-28 12:50:09] local.INFO: The courses of instructor #'1' has been retrieve. Request inputs: {array (
  'limit' => '6',
  'status' => NULL,
)}. {"user_id":1} 
[2017-02-28 12:51:37] local.INFO: Account #1 information have just been fetched by account #{1}. {"user_id":1} 
[2017-02-28 12:51:39] local.INFO: The courses of instructor #'1' has been retrieve. Request inputs: {array (
  'limit' => '6',
  'status' => NULL,
)}. {"user_id":1} 
[2017-02-28 12:54:13] local.INFO: Account #1 information have just been fetched by account #{1}. {"user_id":1} 
[2017-02-28 12:54:14] local.INFO: The courses of instructor #'1' has been retrieve. Request inputs: {array (
  'limit' => '6',
  'status' => NULL,
)}. {"user_id":1} 
[2017-02-28 12:54:28] local.INFO: The courses of instructor #'1' has been retrieve. Request inputs: {array (
  'limit' => '6',
  'status' => NULL,
)}. {"user_id":1} 
[2017-02-28 12:54:45] local.INFO: The courses of instructor #'1' has been retrieve. Request inputs: {array (
  'limit' => '6',
  'status' => NULL,
)}. {"user_id":1} 
[2017-02-28 12:55:04] local.INFO: The courses of instructor #'1' has been retrieve. Request inputs: {array (
  'limit' => '6',
  'status' => NULL,
)}. {"user_id":1} 
[2017-02-28 12:55:32] local.INFO: Account #1 information have just been fetched by account #{1}. {"user_id":1} 
[2017-02-28 12:55:33] local.INFO: The courses of instructor #'1' has been retrieve. Request inputs: {array (
  'limit' => '6',
  'status' => NULL,
)}. {"user_id":1} 
[2017-02-28 12:55:47] local.INFO: The courses of instructor #'1' has been retrieve. Request inputs: {array (
  'limit' => '6',
  'status' => NULL,
)}. {"user_id":1} 
[2017-02-28 12:56:03] local.INFO: The courses of instructor #'1' has been retrieve. Request inputs: {array (
  'limit' => '6',
  'status' => NULL,
)}. {"user_id":1} 
[2017-02-28 12:56:32] local.INFO: The courses of instructor #'1' has been retrieve. Request inputs: {array (
  'limit' => '6',
  'status' => NULL,
)}. {"user_id":1} 
[2017-02-28 12:56:41] local.INFO: The courses of instructor #'1' has been retrieve. Request inputs: {array (
  'limit' => '6',
  'status' => NULL,
)}. {"user_id":1} 
[2017-02-28 12:56:43] local.INFO: The courses of instructor #'1' has been retrieve. Request inputs: {array (
  'limit' => '6',
  'status' => NULL,
)}. {"user_id":1} 
[2017-02-28 12:57:59] local.INFO: Account #1 information have just been fetched by account #{1}. {"user_id":1} 
[2017-02-28 12:57:59] local.INFO: The courses of instructor #'1' has been retrieve. Request inputs: {array (
  'limit' => '6',
  'status' => NULL,
)}. {"user_id":1} 
[2017-02-28 12:58:06] local.INFO: The courses of instructor #'1' has been retrieve. Request inputs: {array (
  'limit' => '6',
  'status' => NULL,
)}. {"user_id":1} 
