[2017-03-10 09:33:26] local.INFO: All courses have been retrieve by user #. Request inputs: {array (
  'limit' => 10,
  'status' => NULL,
)}.  
[2017-03-10 09:34:06] local.INFO: Successful authentication of account {"id":1,"first_name":"Joe","last_name":"Doe","role":"INSTRUCTOR","email":"joedoe@domain.com","verified_status":"VERIFIED","date_created":"2016-09-22 21:33:46","date_updated":"2017-03-10 09:34:04","last_login":"2017-03-10 09:34:04","honorific":"Mr","phone":"6155134666","photo":null,"subscription":"UNPAID"}. {"user_id":1} 
[2017-03-10 09:34:14] local.INFO: Account #1 information have just been fetched by account #{1}. {"user_id":1} 
[2017-03-10 09:34:30] local.INFO: Account #1 information have just been fetched by account #{1}. {"user_id":1} 
[2017-03-10 09:34:31] local.INFO: All course  categories have been retrieve by user #1. Request inputs: {array (
  'type' => 'course',
  'limit' => 20,
)}. {"user_id":1} 
[2017-03-10 09:34:45] local.INFO: The information of course #26 has been retrieve. {"user_id":1} 
[2017-03-10 09:35:06] local.INFO: The information of course #25 has been retrieve. {"user_id":1} 
[2017-03-10 09:35:19] local.INFO: The information of course #6 has been retrieve. {"user_id":1} 
[2017-03-10 09:35:27] local.INFO: The courses of instructor #'1' has been retrieve. Request inputs: {array (
  'limit' => '10',
  'status' => NULL,
)}. {"user_id":1} 
[2017-03-10 09:35:32] local.INFO: The information of course #5 has been retrieve. {"user_id":1} 
[2017-03-10 09:39:51] local.INFO: The information of course #1 has been retrieve. {"user_id":1} 
