[2017-03-09 20:29:33] local.INFO: Account #1 information have just been fetched by account #{1}. {"user_id":1} 
[2017-03-09 20:29:35] local.INFO: All course  categories have been retrieve by user #1. Request inputs: {array (
  'type' => 'course',
  'limit' => 20,
)}. {"user_id":1} 
[2017-03-09 20:31:22] local.INFO: The information of course #23 has been retrieve. {"user_id":1} 
[2017-03-09 20:31:45] local.INFO: The information of course #24 has been retrieve. {"user_id":1} 
[2017-03-09 20:34:00] local.INFO: Account #1 information have just been fetched by account #{1}. {"user_id":1} 
[2017-03-09 20:34:01] local.INFO: All course  categories have been retrieve by user #1. Request inputs: {array (
  'type' => 'course',
  'limit' => 20,
)}. {"user_id":1} 
[2017-03-09 20:34:47] local.INFO: Account #1 information have just been fetched by account #{1}. {"user_id":1} 
[2017-03-09 20:34:48] local.INFO: All course  categories have been retrieve by user #1. Request inputs: {array (
  'type' => 'course',
  'limit' => 20,
)}. {"user_id":1} 
[2017-03-09 20:34:48] local.INFO: The courses of instructor #'1' has been retrieve. Request inputs: {array (
  'limit' => '10',
  'status' => NULL,
)}. {"user_id":1} 
[2017-03-09 20:35:56] local.INFO: The information of course #25 has been retrieve. {"user_id":1} 
[2017-03-09 20:39:10] local.INFO: Account #1 information have just been fetched by account #{1}. {"user_id":1} 
[2017-03-09 20:39:11] local.INFO: The courses of instructor #'1' has been retrieve. Request inputs: {array (
  'limit' => '10',
  'status' => NULL,
)}. {"user_id":1} 
[2017-03-09 20:39:23] local.INFO: The information of course #24 has been retrieve. {"user_id":1} 
[2017-03-09 20:40:15] local.INFO: Account #1 information have just been fetched by account #{1}. {"user_id":1} 
[2017-03-09 20:40:16] local.INFO: All course  categories have been retrieve by user #1. Request inputs: {array (
  'type' => 'course',
  'limit' => 20,
)}. {"user_id":1} 
[2017-03-09 20:40:48] local.INFO: The information of course #23 has been retrieve. {"user_id":1} 
[2017-03-09 20:43:42] local.INFO: Account #1 information have just been fetched by account #{1}. {"user_id":1} 
[2017-03-09 20:43:43] local.INFO: The courses of instructor #'1' has been retrieve. Request inputs: {array (
  'limit' => '10',
  'status' => NULL,
)}. {"user_id":1} 
[2017-03-09 20:43:43] local.INFO: All course  categories have been retrieve by user #1. Request inputs: {array (
  'type' => 'course',
  'limit' => 20,
)}. {"user_id":1} 
[2017-03-09 20:43:54] local.INFO: The information of course #25 has been retrieve. {"user_id":1} 
[2017-03-09 20:45:44] local.INFO: Account #1 information have just been fetched by account #{1}. {"user_id":1} 
[2017-03-09 20:45:46] local.INFO: All course  categories have been retrieve by user #1. Request inputs: {array (
  'type' => 'course',
  'limit' => 20,
)}. {"user_id":1} 
[2017-03-09 20:46:07] local.INFO: The information of course #24 has been retrieve. {"user_id":1} 
[2017-03-09 20:47:29] local.INFO: Account #1 information have just been fetched by account #{1}. {"user_id":1} 
[2017-03-09 20:47:30] local.INFO: The courses of instructor #'1' has been retrieve. Request inputs: {array (
  'limit' => '10',
  'status' => NULL,
)}. {"user_id":1} 
[2017-03-09 20:47:45] local.INFO: The information of course #25 has been retrieve. {"user_id":1} 
[2017-03-09 20:48:22] local.INFO: Account #1 information have just been fetched by account #{1}. {"user_id":1} 
[2017-03-09 20:48:24] local.INFO: All course  categories have been retrieve by user #1. Request inputs: {array (
  'type' => 'course',
  'limit' => 20,
)}. {"user_id":1} 
[2017-03-09 20:48:24] local.INFO: The courses of instructor #'1' has been retrieve. Request inputs: {array (
  'limit' => '10',
  'status' => NULL,
)}. {"user_id":1} 
[2017-03-09 20:48:55] local.INFO: The information of course #25 has been retrieve. {"user_id":1} 
[2017-03-09 20:51:12] local.INFO: Account #1 information have just been fetched by account #{1}. {"user_id":1} 
[2017-03-09 20:51:14] local.INFO: All course  categories have been retrieve by user #1. Request inputs: {array (
  'type' => 'course',
  'limit' => 20,
)}. {"user_id":1} 
[2017-03-09 20:51:29] local.INFO: The information of course #24 has been retrieve. {"user_id":1} 
[2017-03-09 20:52:54] local.INFO: Account #1 information have just been fetched by account #{1}. {"user_id":1} 
[2017-03-09 20:52:55] local.INFO: The courses of instructor #'1' has been retrieve. Request inputs: {array (
  'limit' => '10',
  'status' => NULL,
)}. {"user_id":1} 
[2017-03-09 20:52:55] local.INFO: All course  categories have been retrieve by user #1. Request inputs: {array (
  'type' => 'course',
  'limit' => 20,
)}. {"user_id":1} 
[2017-03-09 20:53:11] local.INFO: The information of course #25 has been retrieve. {"user_id":1} 
[2017-03-09 20:54:03] local.INFO: Account #1 information have just been fetched by account #{1}. {"user_id":1} 
[2017-03-09 20:54:05] local.INFO: All course  categories have been retrieve by user #1. Request inputs: {array (
  'type' => 'course',
  'limit' => 20,
)}. {"user_id":1} 
[2017-03-09 20:55:05] local.INFO: The information of course #25 has been retrieve. {"user_id":1} 
[2017-03-09 20:55:56] local.INFO: Account #1 information have just been fetched by account #{1}. {"user_id":1} 
[2017-03-09 20:55:58] local.INFO: All course  categories have been retrieve by user #1. Request inputs: {array (
  'type' => 'course',
  'limit' => 20,
)}. {"user_id":1} 
[2017-03-09 20:56:51] local.INFO: The information of course #20 has been retrieve. {"user_id":1} 
