[2017-03-08 06:50:50] local.INFO: Account #1 information have just been fetched by account #{1}. {"user_id":1} 
[2017-03-08 06:50:52] local.INFO: All course  categories have been retrieve by user #1. Request inputs: {array (
  'type' => 'course',
  'limit' => 20,
)}. {"user_id":1} 
[2017-03-08 06:50:52] local.INFO: The courses of instructor #'1' has been retrieve. Request inputs: {array (
  'limit' => '10',
  'status' => NULL,
)}. {"user_id":1} 
[2017-03-08 06:51:03] local.INFO: The information of course #22 has been retrieve. {"user_id":1} 
[2017-03-08 06:54:05] local.INFO: Account #1 information have just been fetched by account #{1}. {"user_id":1} 
[2017-03-08 06:54:06] local.INFO: All course  categories have been retrieve by user #1. Request inputs: {array (
  'type' => 'course',
  'limit' => 20,
)}. {"user_id":1} 
[2017-03-08 06:54:06] local.INFO: The courses of instructor #'1' has been retrieve. Request inputs: {array (
  'limit' => '10',
  'status' => NULL,
)}. {"user_id":1} 
[2017-03-08 06:54:34] local.INFO: The information of course #24 has been retrieve. {"user_id":1} 
