[2017-02-25 22:02:49] local.INFO: The information of course #optmatlab has been retrieve.  
[2017-02-25 22:07:35] local.INFO: The information of course #optmatlab has been retrieve.  
[2017-02-25 22:08:03] local.INFO: The information of course #optmatlab has been retrieve.  
[2017-02-25 22:09:10] local.INFO: The information of course #optmatlab has been retrieve.  
[2017-02-25 22:10:50] local.INFO: The information of course #optmatlab has been retrieve.  
[2017-02-25 22:12:13] local.INFO: The information of course #optmatlab has been retrieve.  
[2017-02-25 22:12:56] local.INFO: The information of course #optmatlab has been retrieve.  
[2017-02-25 22:13:27] local.INFO: The information of course #optmatlab has been retrieve.  
[2017-02-25 22:14:09] local.INFO: The information of course #optmatlab has been retrieve.  
[2017-02-25 22:16:25] local.INFO: The information of course #discretemath101 has been retrieve.  
[2017-02-25 22:19:38] local.INFO: The information of course #discretemath101 has been retrieve.  
[2017-02-25 22:20:05] local.INFO: The information of course #discretemath101 has been retrieve.  
[2017-02-25 22:21:47] local.INFO: The information of course #discretemath101 has been retrieve.  
[2017-02-25 22:22:21] local.INFO: The information of course #discretemath101 has been retrieve.  
[2017-02-25 22:22:58] local.INFO: The information of course #discretemath101 has been retrieve.  
[2017-02-25 22:23:52] local.INFO: The information of course #discretemath101 has been retrieve.  
[2017-02-25 22:24:10] local.INFO: The information of course #discretemath101 has been retrieve.  
[2017-02-25 22:25:28] local.INFO: The information of course #discretemath101 has been retrieve.  
[2017-02-25 22:25:40] local.INFO: The information of course #discretemath101 has been retrieve.  
[2017-02-25 22:25:56] local.INFO: The information of course #discretemath101 has been retrieve.  
[2017-02-25 22:26:28] local.INFO: All courses have been retrieve by user #. Request inputs: {array (
  'limit' => 10,
  'status' => NULL,
)}.  
[2017-02-25 22:26:46] local.INFO: The information of course #introalgo has been retrieve.  
[2017-02-25 22:26:56] local.INFO: All courses have been retrieve by user #. Request inputs: {array (
  'limit' => 10,
  'status' => NULL,
)}.  
[2017-02-25 22:27:07] local.INFO: The information of course #algo101 has been retrieve.  
[2017-02-25 22:28:01] local.INFO: The information of course #algo101 has been retrieve.  
[2017-02-25 22:28:37] local.INFO: All courses have been retrieve by user #. Request inputs: {array (
  'limit' => 10,
  'status' => NULL,
)}.  
[2017-02-25 22:28:53] local.INFO: The information of course #introalgo has been retrieve.  
[2017-02-25 22:29:04] local.INFO: The information of course #introcs has been retrieve.  
[2017-02-25 22:36:43] local.INFO: All courses have been retrieve by user #. Request inputs: {array (
  'limit' => 10,
  'status' => NULL,
)}.  
[2017-02-25 22:37:10] local.INFO: The information of course #optmatlab has been retrieve.  
