[2017-02-28 20:40:10] local.INFO: Successful authentication of account {"id":1,"first_name":"Jack","last_name":"Bauer","role":"INSTRUCTOR","email":"jack@domain.com","verified_status":"VERIFIED","date_created":"2016-08-10 05:26:39","date_updated":"2017-02-28 20:40:09","last_login":"2017-02-28 20:40:09","honorific":"Mr","phone":"65514410","photo":null,"subscription":"UNPAID"}. {"user_id":1} 
[2017-02-28 20:40:19] local.INFO: Account #1 information have just been fetched by account #{1}. {"user_id":1} 
[2017-02-28 20:40:45] local.INFO: Account #1 information have just been fetched by account #{1}. {"user_id":1} 
[2017-02-28 20:40:46] local.INFO: The courses of instructor #'1' has been retrieve. Request inputs: {array (
  'limit' => '10',
  'status' => NULL,
)}. {"user_id":1} 
[2017-02-28 20:41:32] local.INFO: Account #1 information have just been fetched by account #{1}. {"user_id":1} 
[2017-02-28 20:41:33] local.INFO: The courses of instructor #'1' has been retrieve. Request inputs: {array (
  'limit' => '10',
  'status' => NULL,
)}. {"user_id":1} 
[2017-02-28 20:45:34] local.INFO: Account #1 information have just been fetched by account #{1}. {"user_id":1} 
[2017-02-28 20:45:35] local.INFO: The courses of instructor #'1' has been retrieve. Request inputs: {array (
  'limit' => '10',
  'status' => NULL,
)}. {"user_id":1} 
[2017-02-28 20:51:36] local.INFO: Account #1 information have just been fetched by account #{1}. {"user_id":1} 
[2017-02-28 20:51:38] local.INFO: The courses of instructor #'1' has been retrieve. Request inputs: {array (
  'limit' => '10',
  'status' => NULL,
)}. {"user_id":1} 
[2017-02-28 20:52:59] local.INFO: Account #1 information have just been fetched by account #{1}. {"user_id":1} 
[2017-02-28 20:53:00] local.INFO: The courses of instructor #'1' has been retrieve. Request inputs: {array (
  'limit' => '10',
  'status' => NULL,
)}. {"user_id":1} 
