[2017-03-01 15:03:34] local.INFO: Account #1 information have just been fetched by account #{1}. {"user_id":1} 
[2017-03-01 15:03:35] local.INFO: The courses of instructor #'1' has been retrieve. Request inputs: {array (
  'limit' => '10',
  'status' => NULL,
)}. {"user_id":1} 
[2017-03-01 15:05:18] local.INFO: Account #1 information have just been fetched by account #{1}. {"user_id":1} 
[2017-03-01 15:05:20] local.INFO: The courses of instructor #'1' has been retrieve. Request inputs: {array (
  'limit' => '10',
  'status' => NULL,
)}. {"user_id":1} 
[2017-03-01 15:06:07] local.INFO: Account #1 information have just been fetched by account #{1}. {"user_id":1} 
[2017-03-01 15:06:08] local.INFO: The courses of instructor #'1' has been retrieve. Request inputs: {array (
  'limit' => '10',
  'status' => NULL,
)}. {"user_id":1} 
[2017-03-01 15:07:12] local.INFO: Account #1 information have just been fetched by account #{1}. {"user_id":1} 
[2017-03-01 15:07:15] local.INFO: The courses of instructor #'1' has been retrieve. Request inputs: {array (
  'limit' => '10',
  'status' => NULL,
)}. {"user_id":1} 
[2017-03-01 15:07:55] local.INFO: Account #1 information have just been fetched by account #{1}. {"user_id":1} 
[2017-03-01 15:07:56] local.INFO: The courses of instructor #'1' has been retrieve. Request inputs: {array (
  'limit' => '10',
  'status' => NULL,
)}. {"user_id":1} 
[2017-03-01 15:08:33] local.INFO: Account #1 information have just been fetched by account #{1}. {"user_id":1} 
[2017-03-01 15:08:34] local.INFO: The courses of instructor #'1' has been retrieve. Request inputs: {array (
  'limit' => '10',
  'status' => NULL,
)}. {"user_id":1} 
[2017-03-01 15:08:59] local.INFO: Account #1 information have just been fetched by account #{1}. {"user_id":1} 
[2017-03-01 15:09:00] local.INFO: The courses of instructor #'1' has been retrieve. Request inputs: {array (
  'limit' => '10',
  'status' => NULL,
)}. {"user_id":1} 
[2017-03-01 15:09:42] local.INFO: Account #1 information have just been fetched by account #{1}. {"user_id":1} 
[2017-03-01 15:09:43] local.INFO: The courses of instructor #'1' has been retrieve. Request inputs: {array (
  'limit' => '10',
  'status' => NULL,
)}. {"user_id":1} 
[2017-03-01 15:11:24] local.INFO: Account #1 information have just been fetched by account #{1}. {"user_id":1} 
[2017-03-01 15:11:25] local.INFO: The courses of instructor #'1' has been retrieve. Request inputs: {array (
  'limit' => '10',
  'status' => NULL,
)}. {"user_id":1} 
[2017-03-01 15:13:23] local.INFO: Account #1 information have just been fetched by account #{1}. {"user_id":1} 
[2017-03-01 15:13:24] local.INFO: The courses of instructor #'1' has been retrieve. Request inputs: {array (
  'limit' => '10',
  'status' => NULL,
)}. {"user_id":1} 
[2017-03-01 15:14:18] local.INFO: Account #1 information have just been fetched by account #{1}. {"user_id":1} 
[2017-03-01 15:14:19] local.INFO: The courses of instructor #'1' has been retrieve. Request inputs: {array (
  'limit' => '10',
  'status' => NULL,
)}. {"user_id":1} 
[2017-03-01 15:15:29] local.INFO: Account #1 information have just been fetched by account #{1}. {"user_id":1} 
[2017-03-01 15:15:31] local.INFO: The courses of instructor #'1' has been retrieve. Request inputs: {array (
  'limit' => '10',
  'status' => NULL,
)}. {"user_id":1} 
[2017-03-01 15:15:48] local.INFO: Account #1 information have just been fetched by account #{1}. {"user_id":1} 
[2017-03-01 15:15:49] local.INFO: The courses of instructor #'1' has been retrieve. Request inputs: {array (
  'limit' => '10',
  'status' => NULL,
)}. {"user_id":1} 
[2017-03-01 15:16:29] local.INFO: Account #1 information have just been fetched by account #{1}. {"user_id":1} 
[2017-03-01 15:16:33] local.INFO: The courses of instructor #'1' has been retrieve. Request inputs: {array (
  'limit' => '10',
  'status' => NULL,
)}. {"user_id":1} 
[2017-03-01 15:17:38] local.INFO: Account #1 information have just been fetched by account #{1}. {"user_id":1} 
[2017-03-01 15:17:40] local.INFO: The courses of instructor #'1' has been retrieve. Request inputs: {array (
  'limit' => '10',
  'status' => NULL,
)}. {"user_id":1} 
[2017-03-01 15:18:07] local.INFO: Account #1 information have just been fetched by account #{1}. {"user_id":1} 
[2017-03-01 15:18:08] local.INFO: The courses of instructor #'1' has been retrieve. Request inputs: {array (
  'limit' => '10',
  'status' => NULL,
)}. {"user_id":1} 
[2017-03-01 15:19:22] local.INFO: Account #1 information have just been fetched by account #{1}. {"user_id":1} 
[2017-03-01 15:19:23] local.INFO: The courses of instructor #'1' has been retrieve. Request inputs: {array (
  'limit' => '10',
  'status' => NULL,
)}. {"user_id":1} 
[2017-03-01 15:20:04] local.INFO: Account #1 information have just been fetched by account #{1}. {"user_id":1} 
[2017-03-01 15:20:05] local.INFO: The courses of instructor #'1' has been retrieve. Request inputs: {array (
  'limit' => '10',
  'status' => NULL,
)}. {"user_id":1} 
[2017-03-01 15:20:34] local.INFO: Account #1 information have just been fetched by account #{1}. {"user_id":1} 
[2017-03-01 15:20:35] local.INFO: The courses of instructor #'1' has been retrieve. Request inputs: {array (
  'limit' => '10',
  'status' => NULL,
)}. {"user_id":1} 
[2017-03-01 15:20:54] local.INFO: Account #1 information have just been fetched by account #{1}. {"user_id":1} 
[2017-03-01 15:20:55] local.INFO: The courses of instructor #'1' has been retrieve. Request inputs: {array (
  'limit' => '10',
  'status' => NULL,
)}. {"user_id":1} 
[2017-03-01 15:21:43] local.INFO: Account #1 information have just been fetched by account #{1}. {"user_id":1} 
[2017-03-01 15:21:44] local.INFO: The courses of instructor #'1' has been retrieve. Request inputs: {array (
  'limit' => '10',
  'status' => NULL,
)}. {"user_id":1} 
[2017-03-01 15:22:18] local.INFO: Account #1 information have just been fetched by account #{1}. {"user_id":1} 
[2017-03-01 15:22:19] local.INFO: The courses of instructor #'1' has been retrieve. Request inputs: {array (
  'limit' => '10',
  'status' => NULL,
)}. {"user_id":1} 
[2017-03-01 15:23:26] local.INFO: Account #1 information have just been fetched by account #{1}. {"user_id":1} 
[2017-03-01 15:23:27] local.INFO: The courses of instructor #'1' has been retrieve. Request inputs: {array (
  'limit' => '10',
  'status' => NULL,
)}. {"user_id":1} 
[2017-03-01 15:24:03] local.INFO: Account #1 information have just been fetched by account #{1}. {"user_id":1} 
[2017-03-01 15:24:04] local.INFO: The courses of instructor #'1' has been retrieve. Request inputs: {array (
  'limit' => '10',
  'status' => NULL,
)}. {"user_id":1} 
[2017-03-01 15:24:47] local.INFO: Account #1 information have just been fetched by account #{1}. {"user_id":1} 
[2017-03-01 15:24:48] local.INFO: The courses of instructor #'1' has been retrieve. Request inputs: {array (
  'limit' => '10',
  'status' => NULL,
)}. {"user_id":1} 
[2017-03-01 15:25:43] local.INFO: Account #1 information have just been fetched by account #{1}. {"user_id":1} 
[2017-03-01 15:25:44] local.INFO: The courses of instructor #'1' has been retrieve. Request inputs: {array (
  'limit' => '10',
  'status' => NULL,
)}. {"user_id":1} 
[2017-03-01 15:27:21] local.INFO: Account #1 information have just been fetched by account #{1}. {"user_id":1} 
[2017-03-01 15:27:23] local.INFO: The courses of instructor #'1' has been retrieve. Request inputs: {array (
  'limit' => '10',
  'status' => NULL,
)}. {"user_id":1} 
[2017-03-01 15:28:27] local.INFO: Account #1 information have just been fetched by account #{1}. {"user_id":1} 
[2017-03-01 15:28:29] local.INFO: The courses of instructor #'1' has been retrieve. Request inputs: {array (
  'limit' => '10',
  'status' => NULL,
)}. {"user_id":1} 
[2017-03-01 15:28:59] local.INFO: Account #1 information have just been fetched by account #{1}. {"user_id":1} 
[2017-03-01 15:29:00] local.INFO: The courses of instructor #'1' has been retrieve. Request inputs: {array (
  'limit' => '10',
  'status' => NULL,
)}. {"user_id":1} 
[2017-03-01 15:29:44] local.INFO: Account #1 information have just been fetched by account #{1}. {"user_id":1} 
[2017-03-01 15:29:45] local.INFO: The courses of instructor #'1' has been retrieve. Request inputs: {array (
  'limit' => '10',
  'status' => NULL,
)}. {"user_id":1} 
[2017-03-01 15:30:16] local.INFO: Account #1 information have just been fetched by account #{1}. {"user_id":1} 
[2017-03-01 15:30:17] local.INFO: The courses of instructor #'1' has been retrieve. Request inputs: {array (
  'limit' => '10',
  'status' => NULL,
)}. {"user_id":1} 
[2017-03-01 15:30:43] local.INFO: Account #1 information have just been fetched by account #{1}. {"user_id":1} 
[2017-03-01 15:30:44] local.INFO: The courses of instructor #'1' has been retrieve. Request inputs: {array (
  'limit' => '10',
  'status' => NULL,
)}. {"user_id":1} 
[2017-03-01 15:34:39] local.INFO: Account #1 information have just been fetched by account #{1}. {"user_id":1} 
[2017-03-01 15:34:40] local.INFO: The courses of instructor #'1' has been retrieve. Request inputs: {array (
  'limit' => '10',
  'status' => NULL,
)}. {"user_id":1} 
[2017-03-01 15:37:30] local.INFO: Account #1 information have just been fetched by account #{1}. {"user_id":1} 
[2017-03-01 15:37:32] local.INFO: The courses of instructor #'1' has been retrieve. Request inputs: {array (
  'limit' => '10',
  'status' => NULL,
)}. {"user_id":1} 
[2017-03-01 15:43:22] local.INFO: Account #1 information have just been fetched by account #{1}. {"user_id":1} 
[2017-03-01 15:43:23] local.INFO: The courses of instructor #'1' has been retrieve. Request inputs: {array (
  'limit' => '10',
  'status' => NULL,
)}. {"user_id":1} 
[2017-03-01 15:44:08] local.INFO: Account #1 information have just been fetched by account #{1}. {"user_id":1} 
[2017-03-01 15:44:09] local.INFO: The courses of instructor #'1' has been retrieve. Request inputs: {array (
  'limit' => '10',
  'status' => NULL,
)}. {"user_id":1} 
[2017-03-01 15:45:17] local.INFO: Account #1 information have just been fetched by account #{1}. {"user_id":1} 
[2017-03-01 15:45:18] local.INFO: The courses of instructor #'1' has been retrieve. Request inputs: {array (
  'limit' => '10',
  'status' => NULL,
)}. {"user_id":1} 
