[2017-03-02 15:01:05] local.INFO: All courses have been retrieve by user #66. Request inputs: {array (
  'type' => 'course',
  'limit' => 20,
)}. {"user_id":66} 
[2017-03-02 15:02:19] local.INFO: Successful authentication of account {"id":1,"first_name":"Joe","last_name":"Doe","role":"INSTRUCTOR","email":"joedoe@domain.com","verified_status":"VERIFIED","date_created":"2016-09-22 21:33:46","date_updated":"2017-03-02 15:02:19","last_login":"2017-03-02 15:02:19","honorific":"Mr","phone":"6155134666","photo":null,"subscription":"UNPAID"}. {"user_id":1} 
[2017-03-02 15:02:22] local.INFO: Account #1 information have just been fetched by account #{1}. {"user_id":1} 
[2017-03-02 15:02:25] local.INFO: Account #1 information have just been fetched by account #{1}. {"user_id":1} 
[2017-03-02 15:02:27] local.INFO: The courses of instructor #'1' has been retrieve. Request inputs: {array (
  'limit' => '10',
  'status' => NULL,
)}. {"user_id":1} 
[2017-03-02 15:05:35] local.INFO: Account #1 information have just been fetched by account #{1}. {"user_id":1} 
[2017-03-02 15:05:36] local.INFO: The courses of instructor #'1' has been retrieve. Request inputs: {array (
  'limit' => '10',
  'status' => NULL,
)}. {"user_id":1} 
[2017-03-02 15:06:32] local.INFO: Account #1 information have just been fetched by account #{1}. {"user_id":1} 
[2017-03-02 15:06:33] local.INFO: The courses of instructor #'1' has been retrieve. Request inputs: {array (
  'limit' => '10',
  'status' => NULL,
)}. {"user_id":1} 
[2017-03-02 15:09:46] local.INFO: Account #1 information have just been fetched by account #{1}. {"user_id":1} 
[2017-03-02 15:09:47] local.INFO: The courses of instructor #'1' has been retrieve. Request inputs: {array (
  'limit' => '10',
  'status' => NULL,
)}. {"user_id":1} 
[2017-03-02 15:12:41] local.INFO: Account #1 information have just been fetched by account #{1}. {"user_id":1} 
[2017-03-02 15:12:42] local.INFO: The courses of instructor #'1' has been retrieve. Request inputs: {array (
  'limit' => '10',
  'status' => NULL,
)}. {"user_id":1} 
[2017-03-02 15:13:03] local.INFO: Account #1 information have just been fetched by account #{1}. {"user_id":1} 
[2017-03-02 15:13:04] local.INFO: The courses of instructor #'1' has been retrieve. Request inputs: {array (
  'limit' => '10',
  'status' => NULL,
)}. {"user_id":1} 
[2017-03-02 15:13:30] local.INFO: Account #1 information have just been fetched by account #{1}. {"user_id":1} 
[2017-03-02 15:13:31] local.INFO: The courses of instructor #'1' has been retrieve. Request inputs: {array (
  'limit' => '10',
  'status' => NULL,
)}. {"user_id":1} 
[2017-03-02 15:14:07] local.INFO: Account #1 information have just been fetched by account #{1}. {"user_id":1} 
[2017-03-02 15:14:08] local.INFO: The courses of instructor #'1' has been retrieve. Request inputs: {array (
  'limit' => '10',
  'status' => NULL,
)}. {"user_id":1} 
[2017-03-02 15:14:24] local.INFO: Account #1 information have just been fetched by account #{1}. {"user_id":1} 
[2017-03-02 15:14:25] local.INFO: The courses of instructor #'1' has been retrieve. Request inputs: {array (
  'limit' => '10',
  'status' => NULL,
)}. {"user_id":1} 
[2017-03-02 15:25:04] local.INFO: Account #1 information have just been fetched by account #{1}. {"user_id":1} 
[2017-03-02 15:25:05] local.INFO: The courses of instructor #'1' has been retrieve. Request inputs: {array (
  'limit' => '10',
  'status' => NULL,
)}. {"user_id":1} 
[2017-03-02 15:25:28] local.INFO: Account #1 information have just been fetched by account #{1}. {"user_id":1} 
[2017-03-02 15:25:29] local.INFO: The courses of instructor #'1' has been retrieve. Request inputs: {array (
  'limit' => '10',
  'status' => NULL,
)}. {"user_id":1} 
[2017-03-02 15:28:17] local.INFO: Account #1 information have just been fetched by account #{1}. {"user_id":1} 
[2017-03-02 15:28:22] local.INFO: The courses of instructor #'1' has been retrieve. Request inputs: {array (
  'limit' => '10',
  'status' => NULL,
)}. {"user_id":1} 
[2017-03-02 15:28:42] local.INFO: Account #1 information have just been fetched by account #{1}. {"user_id":1} 
[2017-03-02 15:28:43] local.INFO: The courses of instructor #'1' has been retrieve. Request inputs: {array (
  'limit' => '10',
  'status' => NULL,
)}. {"user_id":1} 
[2017-03-02 15:28:56] local.INFO: Account #1 information have just been fetched by account #{1}. {"user_id":1} 
[2017-03-02 15:28:57] local.INFO: The courses of instructor #'1' has been retrieve. Request inputs: {array (
  'limit' => '10',
  'status' => NULL,
)}. {"user_id":1} 
[2017-03-02 15:30:21] local.INFO: Account #1 information have just been fetched by account #{1}. {"user_id":1} 
[2017-03-02 15:30:21] local.INFO: The courses of instructor #'1' has been retrieve. Request inputs: {array (
  'limit' => '10',
  'status' => NULL,
)}. {"user_id":1} 
[2017-03-02 15:31:05] local.INFO: Account #1 information have just been fetched by account #{1}. {"user_id":1} 
[2017-03-02 15:31:06] local.INFO: The courses of instructor #'1' has been retrieve. Request inputs: {array (
  'limit' => '10',
  'status' => NULL,
)}. {"user_id":1} 
