[2017-02-28 11:00:21] local.INFO: Account #76 information have just been fetched by account #{76}. {"user_id":76} 
[2017-02-28 11:00:22] local.INFO: The courses of instructor #'76' has been retrieve. Request inputs: {array (
  'limit' => '7',
  'status' => NULL,
)}. {"user_id":76} 
[2017-02-28 11:01:08] local.INFO: Account #76 information have just been fetched by account #{76}. {"user_id":76} 
[2017-02-28 11:01:09] local.INFO: The courses of instructor #'76' has been retrieve. Request inputs: {array (
  'limit' => '7',
  'status' => NULL,
)}. {"user_id":76} 
[2017-02-28 11:01:46] local.INFO: Account #76 information have just been fetched by account #{76}. {"user_id":76} 
[2017-02-28 11:01:47] local.INFO: The courses of instructor #'76' has been retrieve. Request inputs: {array (
  'limit' => '7',
  'status' => NULL,
)}. {"user_id":76} 
[2017-02-28 11:02:26] local.INFO: Account #76 information have just been fetched by account #{76}. {"user_id":76} 
[2017-02-28 11:02:27] local.INFO: The courses of instructor #'76' has been retrieve. Request inputs: {array (
  'limit' => '7',
  'status' => NULL,
)}. {"user_id":76} 
[2017-02-28 11:02:52] local.INFO: Account #76 information have just been fetched by account #{76}. {"user_id":76} 
[2017-02-28 11:02:53] local.INFO: The courses of instructor #'76' has been retrieve. Request inputs: {array (
  'limit' => '7',
  'status' => NULL,
)}. {"user_id":76} 
[2017-02-28 11:34:17] local.INFO: Successful authentication of account {"id":1,"first_name":"Joe","last_name":"Doe","role":"INSTRUCTOR","email":"joedoe@domain.com","verified_status":"VERIFIED","date_created":"2016-09-22 21:33:46","date_updated":"2017-02-28 11:34:16","last_login":"2017-02-28 11:34:16","honorific":"Mr","phone":"6155134666","photo":null,"subscription":"UNPAID"}. {"user_id":1} 
[2017-02-28 11:34:22] local.INFO: Account #1 information have just been fetched by account #{1}. {"user_id":1} 
[2017-02-28 11:34:27] local.INFO: Account #1 information have just been fetched by account #{1}. {"user_id":1} 
[2017-02-28 11:34:28] local.INFO: The courses of instructor #'1' has been retrieve. Request inputs: {array (
  'limit' => '7',
  'status' => NULL,
)}. {"user_id":1} 
[2017-02-28 11:34:29] local.INFO: The courses of instructor #'1' has been retrieve. Request inputs: {array (
  'limit' => '7',
  'status' => NULL,
)}. {"user_id":1} 
[2017-02-28 11:48:12] local.INFO: Account #1 information have just been fetched by account #{1}. {"user_id":1} 
[2017-02-28 11:48:13] local.INFO: The courses of instructor #'1' has been retrieve. Request inputs: {array (
  'limit' => '7',
  'status' => NULL,
)}. {"user_id":1} 
[2017-02-28 11:48:18] local.INFO: The courses of instructor #'1' has been retrieve. Request inputs: {array (
  'limit' => '7',
  'status' => NULL,
)}. {"user_id":1} 
[2017-02-28 11:51:21] local.INFO: Account #1 information have just been fetched by account #{1}. {"user_id":1} 
[2017-02-28 11:51:23] local.INFO: The courses of instructor #'1' has been retrieve. Request inputs: {array (
  'limit' => '7',
  'status' => NULL,
)}. {"user_id":1} 
[2017-02-28 11:52:22] local.INFO: The courses of instructor #'1' has been retrieve. Request inputs: {array (
  'limit' => '7',
  'status' => NULL,
)}. {"user_id":1} 
[2017-02-28 11:58:11] local.INFO: Account #1 information have just been fetched by account #{1}. {"user_id":1} 
[2017-02-28 11:58:15] local.INFO: The courses of instructor #'1' has been retrieve. Request inputs: {array (
  'limit' => '20',
  'status' => NULL,
)}. {"user_id":1} 
