[2017-03-01 09:04:32] local.INFO: Account #1 information have just been fetched by account #{1}. {"user_id":1} 
[2017-03-01 09:04:38] local.INFO: The courses of instructor #'1' has been retrieve. Request inputs: {array (
  'limit' => '10',
  'status' => NULL,
)}. {"user_id":1} 
[2017-03-01 09:13:20] local.INFO: Account #1 information have just been fetched by account #{1}. {"user_id":1} 
[2017-03-01 09:13:21] local.INFO: The courses of instructor #'1' has been retrieve. Request inputs: {array (
  'limit' => '10',
  'status' => NULL,
)}. {"user_id":1} 
[2017-03-01 09:24:08] local.INFO: Successful authentication of account {"id":1,"first_name":"Joe","last_name":"Doe","role":"INSTRUCTOR","email":"joedoe@domain.com","verified_status":"VERIFIED","date_created":"2016-09-22 21:33:46","date_updated":"2017-03-01 09:24:07","last_login":"2017-03-01 09:24:07","honorific":"Mr","phone":"6155134666","photo":null,"subscription":"UNPAID"}. {"user_id":1} 
[2017-03-01 09:24:11] local.INFO: Account #1 information have just been fetched by account #{1}. {"user_id":1} 
[2017-03-01 09:24:18] local.INFO: Account #1 information have just been fetched by account #{1}. {"user_id":1} 
[2017-03-01 09:24:19] local.INFO: The courses of instructor #'1' has been retrieve. Request inputs: {array (
  'limit' => '10',
  'status' => NULL,
)}. {"user_id":1} 
[2017-03-01 09:37:59] local.INFO: Account #1 information have just been fetched by account #{1}. {"user_id":1} 
[2017-03-01 09:38:01] local.INFO: The courses of instructor #'1' has been retrieve. Request inputs: {array (
  'limit' => '10',
  'status' => NULL,
)}. {"user_id":1} 
