[2017-03-09 21:00:29] local.INFO: Account #1 information have just been fetched by account #{1}. {"user_id":1} 
[2017-03-09 21:00:30] local.INFO: All course  categories have been retrieve by user #1. Request inputs: {array (
  'type' => 'course',
  'limit' => 20,
)}. {"user_id":1} 
[2017-03-09 21:00:30] local.INFO: The courses of instructor #'1' has been retrieve. Request inputs: {array (
  'limit' => '10',
  'status' => NULL,
)}. {"user_id":1} 
[2017-03-09 21:00:52] local.INFO: The information of course #25 has been retrieve. {"user_id":1} 
[2017-03-09 21:01:27] local.INFO: The information of course #24 has been retrieve. {"user_id":1} 
[2017-03-09 21:02:12] local.INFO: The information of course #23 has been retrieve. {"user_id":1} 
[2017-03-09 21:02:24] local.INFO: The information of course #22 has been retrieve. {"user_id":1} 
[2017-03-09 21:04:39] local.INFO: Account #1 information have just been fetched by account #{1}. {"user_id":1} 
[2017-03-09 21:04:41] local.INFO: The courses of instructor #'1' has been retrieve. Request inputs: {array (
  'limit' => '10',
  'status' => NULL,
)}. {"user_id":1} 
[2017-03-09 21:04:41] local.INFO: All course  categories have been retrieve by user #1. Request inputs: {array (
  'type' => 'course',
  'limit' => 20,
)}. {"user_id":1} 
[2017-03-09 21:04:57] local.INFO: The information of course #24 has been retrieve. {"user_id":1} 
[2017-03-09 21:08:04] local.INFO: Account #1 information have just been fetched by account #{1}. {"user_id":1} 
[2017-03-09 21:08:05] local.INFO: The courses of instructor #'1' has been retrieve. Request inputs: {array (
  'limit' => '10',
  'status' => NULL,
)}. {"user_id":1} 
[2017-03-09 21:08:20] local.INFO: The information of course #23 has been retrieve. {"user_id":1} 
[2017-03-09 21:10:15] local.INFO: The information of course #25 has been retrieve. {"user_id":1} 
[2017-03-09 21:12:35] local.INFO: Account #1 information have just been fetched by account #{1}. {"user_id":1} 
[2017-03-09 21:12:36] local.INFO: All course  categories have been retrieve by user #1. Request inputs: {array (
  'type' => 'course',
  'limit' => 20,
)}. {"user_id":1} 
[2017-03-09 21:13:02] local.INFO: The information of course #22 has been retrieve. {"user_id":1} 
[2017-03-09 21:15:49] local.INFO: Account #1 information have just been fetched by account #{1}. {"user_id":1} 
[2017-03-09 21:15:50] local.INFO: The courses of instructor #'1' has been retrieve. Request inputs: {array (
  'limit' => '10',
  'status' => NULL,
)}. {"user_id":1} 
[2017-03-09 21:20:09] local.INFO: The information of course #1 has been retrieve. {"user_id":1} 
[2017-03-09 21:29:46] local.INFO: The information of course #18 has been retrieve. {"user_id":1} 
[2017-03-09 21:30:03] local.INFO: The information of course #24 has been retrieve. {"user_id":1} 
[2017-03-09 21:30:53] local.INFO: Account #1 information have just been fetched by account #{1}. {"user_id":1} 
[2017-03-09 21:30:54] local.INFO: All course  categories have been retrieve by user #1. Request inputs: {array (
  'type' => 'course',
  'limit' => 20,
)}. {"user_id":1} 
[2017-03-09 21:30:54] local.INFO: The courses of instructor #'1' has been retrieve. Request inputs: {array (
  'limit' => '10',
  'status' => NULL,
)}. {"user_id":1} 
[2017-03-09 21:31:10] local.INFO: The information of course #23 has been retrieve. {"user_id":1} 
[2017-03-09 21:34:51] local.INFO: Account #1 information have just been fetched by account #{1}. {"user_id":1} 
[2017-03-09 21:34:52] local.INFO: All course  categories have been retrieve by user #1. Request inputs: {array (
  'type' => 'course',
  'limit' => 20,
)}. {"user_id":1} 
[2017-03-09 21:34:52] local.INFO: The courses of instructor #'1' has been retrieve. Request inputs: {array (
  'limit' => '10',
  'status' => NULL,
)}. {"user_id":1} 
[2017-03-09 21:35:35] local.INFO: The information of course #22 has been retrieve. {"user_id":1} 
[2017-03-09 21:51:48] local.INFO: The information of course #19 has been retrieve. {"user_id":1} 
