[2017-02-27 20:07:10] local.INFO: All courses have been retrieve by user #. Request inputs: {array (
  'limit' => 10,
  'status' => NULL,
)}.  
[2017-02-27 20:07:40] local.INFO: All courses have been retrieve by user #. Request inputs: {array (
  'limit' => 10,
  'status' => NULL,
)}.  
[2017-02-27 20:11:37] local.ERROR: Invalid attempt to authenticate an account with inputs {array (
  'email' => 'jack@domain.com',
  'password' => 'passwod',
)}.  
[2017-02-27 20:11:56] local.INFO: Successful authentication of account {"id":1,"first_name":"Jack","last_name":"Bauer","role":"INSTRUCTOR","email":"jack@domain.com","verified_status":"VERIFIED","date_created":"2016-08-10 05:26:39","date_updated":"2017-02-27 20:11:55","last_login":"2017-02-27 20:11:55","honorific":"Mr","phone":"65514410","photo":null,"subscription":"UNPAID"}. {"user_id":1} 
[2017-02-27 20:12:01] local.INFO: Account #1 information have just been fetched by account #{1}. {"user_id":1} 
[2017-02-27 20:12:19] local.INFO: Account #1 information have just been fetched by account #{1}. {"user_id":1} 
[2017-02-27 20:12:20] local.INFO: The courses of instructor #'1' has been retrieve. Request inputs: {array (
  'limit' => '4',
  'status' => NULL,
)}. {"user_id":1} 
[2017-02-27 20:17:14] local.INFO: Account #1 information have just been fetched by account #{1}. {"user_id":1} 
[2017-02-27 20:17:14] local.INFO: The courses of instructor #'1' has been retrieve. Request inputs: {array (
  'limit' => '4',
  'status' => NULL,
)}. {"user_id":1} 
[2017-02-27 20:18:11] local.INFO: Account #1 information have just been fetched by account #{1}. {"user_id":1} 
[2017-02-27 20:18:12] local.INFO: The courses of instructor #'1' has been retrieve. Request inputs: {array (
  'limit' => '4',
  'status' => NULL,
)}. {"user_id":1} 
[2017-02-27 20:19:15] local.INFO: Account #1 information have just been fetched by account #{1}. {"user_id":1} 
[2017-02-27 20:19:16] local.INFO: The courses of instructor #'1' has been retrieve. Request inputs: {array (
  'limit' => '4',
  'status' => NULL,
)}. {"user_id":1} 
[2017-02-27 20:19:34] local.INFO: Account #1 information have just been fetched by account #{1}. {"user_id":1} 
[2017-02-27 20:19:35] local.INFO: The courses of instructor #'1' has been retrieve. Request inputs: {array (
  'limit' => '4',
  'status' => NULL,
)}. {"user_id":1} 
[2017-02-27 20:34:33] local.INFO: Account #1 information have just been fetched by account #{1}. {"user_id":1} 
[2017-02-27 20:34:34] local.INFO: The courses of instructor #'1' has been retrieve. Request inputs: {array (
  'limit' => '4',
  'status' => NULL,
)}. {"user_id":1} 
[2017-02-27 20:51:28] local.INFO: Account #1 information have just been fetched by account #{1}. {"user_id":1} 
[2017-02-27 20:51:30] local.INFO: The courses of instructor #'1' has been retrieve. Request inputs: {array (
  'limit' => '7',
  'status' => NULL,
)}. {"user_id":1} 
[2017-02-27 20:53:27] local.INFO: Account #1 information have just been fetched by account #{1}. {"user_id":1} 
[2017-02-27 20:53:28] local.INFO: The courses of instructor #'1' has been retrieve. Request inputs: {array (
  'limit' => '7',
  'status' => NULL,
)}. {"user_id":1} 
[2017-02-27 20:54:13] local.INFO: Account #1 information have just been fetched by account #{1}. {"user_id":1} 
[2017-02-27 20:54:14] local.INFO: The courses of instructor #'1' has been retrieve. Request inputs: {array (
  'limit' => '7',
  'status' => NULL,
)}. {"user_id":1} 
[2017-02-27 20:54:54] local.INFO: Account #1 information have just been fetched by account #{1}. {"user_id":1} 
[2017-02-27 20:54:56] local.INFO: The courses of instructor #'1' has been retrieve. Request inputs: {array (
  'limit' => '7',
  'status' => NULL,
)}. {"user_id":1} 
