[2017-03-13 16:39:57] local.INFO: Successful authentication of account {"id":1,"first_name":"Joe","last_name":"Doe","role":"INSTRUCTOR","email":"joedoe@domain.com","verified_status":"VERIFIED","date_created":"2016-09-22 21:33:46","date_updated":"2017-03-13 16:39:56","last_login":"2017-03-13 16:39:56","honorific":"Mr","phone":"6155134666","photo":null,"subscription":"UNPAID"}. {"user_id":1} 
[2017-03-13 16:40:04] local.INFO: Account #1 information have just been fetched by account #{1}. {"user_id":1} 
[2017-03-13 16:40:28] local.INFO: Account #1 information have just been fetched by account #{1}. {"user_id":1} 
[2017-03-13 16:40:38] local.INFO: All course  categories have been retrieve by user #1. Request inputs: {array (
  'type' => 'course',
  'limit' => 20,
)}. {"user_id":1} 
[2017-03-13 16:52:52] local.INFO: Account #1 information have just been fetched by account #{1}. {"user_id":1} 
[2017-03-13 16:52:53] local.INFO: All course  categories have been retrieve by user #1. Request inputs: {array (
  'type' => 'course',
  'limit' => 20,
)}. {"user_id":1} 
[2017-03-13 16:54:45] local.INFO: Account #1 information have just been fetched by account #{1}. {"user_id":1} 
[2017-03-13 16:54:46] local.INFO: All course  categories have been retrieve by user #1. Request inputs: {array (
  'type' => 'course',
  'limit' => 20,
)}. {"user_id":1} 
[2017-03-13 16:54:48] local.INFO: The courses of instructor #'1' has been retrieve. Request inputs: {array (
  'limit' => '10',
  'status' => NULL,
)}. {"user_id":1} 
[2017-03-13 16:55:49] local.INFO: The information of course #26 has been retrieve. {"user_id":1} 
