[2017-02-10 09:08:44] local.ERROR: Undefined variable: user  
[2017-02-10 09:11:02] local.INFO: The new account #47 has just been created. Request inputs:  #{array (
  'email' => 'jephte@sw.ai',
  'first_name' => 'joe',
  'last_name' => 'doe',
  'honorific' => 'Mr',
  'role' => 'LEARNER',
  'phone' => NULL,
  'photo' => NULL,
  'date_created' => '2017-02-10 09:10:50',
  'verify_token' => 'QMelhBsBVpP8bduc4T9wZYMqGEuC7xl6gFjjxICqSvEo8YALMj',
)}.  
[2017-02-10 09:14:36] local.INFO: The new account #48 has just been created. Request inputs:  #{array (
  'email' => 'jephte@sw.ai',
  'first_name' => 'joe',
  'last_name' => 'doe',
  'honorific' => 'Mr',
  'role' => 'LEARNER',
  'phone' => NULL,
  'photo' => NULL,
  'date_created' => '2017-02-10 09:14:32',
  'verify_token' => 'DZDr5M6n0dpT1ciBQwIBZB0pPxIWq7GKFAJ0tvgZu3dgiimj3q',
)}.  
[2017-02-10 09:41:38] local.ERROR: Invalid attempt to create a new account with an email taken {jephte@sw.ai}. Returned code: 400. Request inputs  #array (
  'email' => 'jephte@sw.ai',
  'first_name' => 'joe',
  'last_name' => 'doe',
  'honorific' => 'Mr',
  'role' => 'LEARNER',
  'phone' => NULL,
  'photo' => NULL,
).  
[2017-02-10 09:41:54] local.INFO: The new account #49 has just been created. Request inputs:  #{array (
  'email' => 'jephte@sw.ai',
  'first_name' => 'joe',
  'last_name' => 'doe',
  'honorific' => 'Mr',
  'role' => 'LEARNER',
  'phone' => NULL,
  'photo' => NULL,
  'date_created' => '2017-02-10 09:41:52',
  'verify_token' => 'T5k7SaVZGcy1GEpeWE0e5VWscGc2UGA3mFUu5RCr9yBI7e1BqC',
)}.  
[2017-02-10 09:48:06] local.INFO: The new account #51 has just been created. Request inputs:  #{array (
  'email' => 'jephte@sw.ai',
  'first_name' => 'joe',
  'last_name' => 'doe',
  'honorific' => 'Mr',
  'role' => 'LEARNER',
  'phone' => NULL,
  'photo' => NULL,
  'date_created' => '2017-02-10 09:48:05',
  'verify_token' => 'Okn9kH668KvnI6M8HYKXpzk2f8g1NhplXxp0V3zw09sKS4GQky',
)}.  
[2017-02-10 09:55:39] local.INFO: The new account #55 has just been created. Request inputs:  #{array (
  'email' => 'jephte@sw.ai',
  'first_name' => 'joe',
  'last_name' => 'doe',
  'honorific' => 'Mr',
  'role' => 'LEARNER',
  'phone' => NULL,
  'photo' => NULL,
  'date_created' => '2017-02-10 09:55:26',
  'verify_token' => 'SSA9LDuLGJy0ZDSyUKGh2jzUXBAeZ4MdXOgTuaHJEgYXmCJ72F',
)}.  
