[2017-03-02 17:34:52] local.INFO: Account #1 information have just been fetched by account #{1}. {"user_id":1} 
[2017-03-02 17:34:54] local.INFO: All course  categories have been retrieve by user #1. Request inputs: {array (
  'type' => 'course',
  'limit' => 20,
)}. {"user_id":1} 
[2017-03-02 17:34:57] local.INFO: The courses of instructor #'1' has been retrieve. Request inputs: {array (
  'limit' => '10',
  'status' => NULL,
)}. {"user_id":1} 
[2017-03-02 17:35:39] local.INFO: Account #1 information have just been fetched by account #{1}. {"user_id":1} 
[2017-03-02 17:35:40] local.INFO: The courses of instructor #'1' has been retrieve. Request inputs: {array (
  'limit' => '10',
  'status' => NULL,
)}. {"user_id":1} 
[2017-03-02 17:35:40] local.INFO: All course  categories have been retrieve by user #1. Request inputs: {array (
  'type' => 'course',
  'limit' => 20,
)}. {"user_id":1} 
[2017-03-02 17:36:15] local.INFO: Account #1 information have just been fetched by account #{1}. {"user_id":1} 
[2017-03-02 17:36:16] local.INFO: The courses of instructor #'1' has been retrieve. Request inputs: {array (
  'limit' => '10',
  'status' => NULL,
)}. {"user_id":1} 
[2017-03-02 17:36:16] local.INFO: All course  categories have been retrieve by user #1. Request inputs: {array (
  'type' => 'course',
  'limit' => 20,
)}. {"user_id":1} 
[2017-03-02 17:36:35] local.INFO: Account #1 information have just been fetched by account #{1}. {"user_id":1} 
[2017-03-02 17:36:36] local.INFO: The courses of instructor #'1' has been retrieve. Request inputs: {array (
  'limit' => '10',
  'status' => NULL,
)}. {"user_id":1} 
[2017-03-02 17:36:36] local.INFO: All course  categories have been retrieve by user #1. Request inputs: {array (
  'type' => 'course',
  'limit' => 20,
)}. {"user_id":1} 
