[2017-03-01 13:14:03] local.INFO: Account #1 information have just been fetched by account #{1}. {"user_id":1} 
[2017-03-01 13:14:07] local.INFO: The courses of instructor #'1' has been retrieve. Request inputs: {array (
  'limit' => '10',
  'status' => NULL,
)}. {"user_id":1} 
[2017-03-01 13:15:48] local.INFO: Account #1 information have just been fetched by account #{1}. {"user_id":1} 
[2017-03-01 13:15:48] local.INFO: The courses of instructor #'1' has been retrieve. Request inputs: {array (
  'limit' => '10',
  'status' => NULL,
)}. {"user_id":1} 
[2017-03-01 13:17:15] local.INFO: Account #1 information have just been fetched by account #{1}. {"user_id":1} 
[2017-03-01 13:17:16] local.INFO: The courses of instructor #'1' has been retrieve. Request inputs: {array (
  'limit' => '10',
  'status' => NULL,
)}. {"user_id":1} 
[2017-03-01 13:22:46] local.INFO: All courses have been retrieve by user #. Request inputs: {array (
  'limit' => 10,
  'status' => NULL,
)}.  
[2017-03-01 13:29:12] local.INFO: Successful authentication of account {"id":1,"first_name":"Joe","last_name":"Doe","role":"INSTRUCTOR","email":"joedoe@domain.com","verified_status":"VERIFIED","date_created":"2016-09-22 21:33:46","date_updated":"2017-03-01 13:29:11","last_login":"2017-03-01 13:29:11","honorific":"Mr","phone":"6155134666","photo":null,"subscription":"UNPAID"}. {"user_id":1} 
[2017-03-01 13:29:24] local.INFO: Account #1 information have just been fetched by account #{1}. {"user_id":1} 
[2017-03-01 13:29:25] local.INFO: The courses of instructor #'1' has been retrieve. Request inputs: {array (
  'limit' => '10',
  'status' => NULL,
)}. {"user_id":1} 
[2017-03-01 13:59:15] local.INFO: Account #1 information have just been fetched by account #{1}. {"user_id":1} 
[2017-03-01 13:59:18] local.INFO: The courses of instructor #'1' has been retrieve. Request inputs: {array (
  'limit' => '10',
  'status' => NULL,
)}. {"user_id":1} 
