[2017-03-10 09:39:37] staging.ERROR: Invalid attempt to rerieve course #1 by user App\Repositories\Custom\AccountsCustom::__set_state(array(
   '_id' => 1,
   '_email' => 'jane@email.com',
   '_password' => '$2y$10$j7Ld26lKTc/RZ8DaYuVeteDuYePj2dVR5xBjgAfEcQcDESMuFbO9e',
   '_first_name' => 'Jane',
   '_last_name' => 'Watson',
   '_role' => 'CANDIDATE',
   '_is_active' => NULL,
   '_verified_status' => 'PENDING',
   '_phone' => '',
   '_photo' => NULL,
   '_honorific' => 'Ms',
   '_date_created' => '2016-08-31 07:22:45',
   '_date_updated' => NULL,
   '_last_login' => NULL,
   '_verify_token' => NULL,
   '_model' => 
  App\Models\Account::__set_state(array(
     'table' => 'accounts',
     'timestamps' => false,
     'fillable' => 
    array (
      0 => 'first_name',
      1 => 'last_name',
      2 => 'phone',
      3 => 'honorific',
      4 => 'email',
      5 => 'password',
      6 => 'role',
      7 => 'photo',
    ),
     'hidden' => 
    array (
      0 => 'password',
      1 => 'remember_token',
      2 => 'verify_token',
      3 => 'delete_status',
      4 => 'is_active',
    ),
     'connection' => NULL,
     'primaryKey' => 'id',
     'keyType' => 'int',
     'incrementing' => true,
     'with' => 
    array (
    ),
     'perPage' => 15,
     'exists' => false,
     'wasRecentlyCreated' => false,
     'attributes' => 
    array (
    ),
     'original' => 
    array (
    ),
     'casts' => 
    array (
    ),
     'dates' => 
    array (
    ),
     'dateFormat' => NULL,
     'appends' => 
    array (
    ),
     'events' => 
    array (
    ),
     'observables' => 
    array (
    ),
     'relations' => 
    array (
    ),
     'touches' => 
    array (
    ),
     'visible' => 
    array (
    ),
     'guarded' => 
    array (
      0 => '*',
    ),
     'rememberTokenName' => 'remember_token',
  )),
   '_row' => 
  App\Models\Account::__set_state(array(
     'table' => 'accounts',
     'timestamps' => false,
     'fillable' => 
    array (
      0 => 'first_name',
      1 => 'last_name',
      2 => 'phone',
      3 => 'honorific',
      4 => 'email',
      5 => 'password',
      6 => 'role',
      7 => 'photo',
    ),
     'hidden' => 
    array (
      0 => 'password',
      1 => 'remember_token',
      2 => 'verify_token',
      3 => 'delete_status',
      4 => 'is_active',
    ),
     'connection' => NULL,
     'primaryKey' => 'id',
     'keyType' => 'int',
     'incrementing' => true,
     'with' => 
    array (
    ),
     'perPage' => 15,
     'exists' => true,
     'wasRecentlyCreated' => false,
     'attributes' => 
    array (
      'id' => 1,
      'date_created' => '2016-08-31 07:22:45',
      'email' => 'jane@email.com',
      'password' => '$2y$10$j7Ld26lKTc/RZ8DaYuVeteDuYePj2dVR5xBjgAfEcQcDESMuFbO9e',
      'first_name' => 'Jane',
      'last_name' => 'Watson',
      'birth_date' => NULL,
      'role' => 'CANDIDATE',
      'verified_status' => 'PENDING',
      'active_status' => 'DISABLED',
      'phone' => '',
      'receive_email' => 0,
      'photo' => NULL,
      'honorific' => 'Ms',
      'subscription' => 'UNPAID',
      'delete_status' => 1,
      'company' => NULL,
      'facebook_id' => NULL,
      'google_id' => NULL,
      'enable_photo' => 1,
    ),
     'original' => 
    array (
      'id' => 1,
      'date_created' => '2016-08-31 07:22:45',
      'email' => 'jane@email.com',
      'password' => '$2y$10$j7Ld26lKTc/RZ8DaYuVeteDuYePj2dVR5xBjgAfEcQcDESMuFbO9e',
      'first_name' => 'Jane',
      'last_name' => 'Watson',
      'birth_date' => NULL,
      'role' => 'CANDIDATE',
      'verified_status' => 'PENDING',
      'active_status' => 'DISABLED',
      'phone' => '',
      'receive_email' => 0,
      'photo' => NULL,
      'honorific' => 'Ms',
      'subscription' => 'UNPAID',
      'delete_status' => 1,
      'company' => NULL,
      'facebook_id' => NULL,
      'google_id' => NULL,
      'enable_photo' => 1,
    ),
     'casts' => 
    array (
    ),
     'dates' => 
    array (
    ),
     'dateFormat' => NULL,
     'appends' => 
    array (
    ),
     'events' => 
    array (
    ),
     'observables' => 
    array (
    ),
     'relations' => 
    array (
    ),
     'touches' => 
    array (
    ),
     'visible' => 
    array (
    ),
     'guarded' => 
    array (
      0 => '*',
    ),
     'rememberTokenName' => 'remember_token',
  )),
)) {"user_id":1} 
